[ 2024-04-12 20:04:31,032 ] 169 scrapy.utils.log - INFO - Scrapy 2.11.1 started (bot: housing_webscraping)
[ 2024-04-12 20:04:31,141 ] 178 scrapy.utils.log - INFO - Versions: lxml 5.1.0.0, libxml2 2.10.3, cssselect 1.2.0, parsel 1.9.0, w3lib 2.1.2, Twisted 24.3.0, Python 3.12.2 (tags/v3.12.2:6abddd9, Feb  6 2024, 21:26:36) [MSC v.1937 64 bit (AMD64)], pyOpenSSL 24.1.0 (OpenSSL 3.2.1 30 Jan 2024), cryptography 42.0.5, Platform Windows-2022Server-10.0.20348-SP0
[ 2024-04-12 20:04:31,150 ] 47 scrapy.addons - INFO - Enabled addons:
[]
[ 2024-04-12 20:04:31,150 ] 64 asyncio - DEBUG - Using selector: SelectSelector
[ 2024-04-12 20:04:31,153 ] 184 scrapy.utils.log - DEBUG - Using reactor: twisted.internet.asyncioreactor.AsyncioSelectorReactor
[ 2024-04-12 20:04:31,153 ] 188 scrapy.utils.log - DEBUG - Using asyncio event loop: asyncio.windows_events._WindowsSelectorEventLoop
[ 2024-04-12 20:04:31,212 ] 58 scrapy.extensions.telnet - INFO - Telnet Password: 01c46bd3184f9db0
[ 2024-04-12 20:04:31,670 ] 110 py.warnings - WARNING - C:\Program Files\Python312\Lib\site-packages\scrapy\extensions\feedexport.py:406: ScrapyDeprecationWarning: The `FEED_URI` and `FEED_FORMAT` settings have been deprecated in favor of the `FEEDS` setting. Please see the `FEEDS` setting docs for more details
  exporter = cls(crawler)

[ 2024-04-12 20:04:31,685 ] 78 scrapy.middleware - INFO - Enabled extensions:
['scrapy.extensions.corestats.CoreStats',
 'scrapy.extensions.telnet.TelnetConsole',
 'scrapy.extensions.feedexport.FeedExporter',
 'scrapy.extensions.logstats.LogStats']
[ 2024-04-12 20:04:31,686 ] 138 scrapy.crawler - INFO - Overridden settings:
{'BOT_NAME': 'housing_webscraping',
 'DOWNLOAD_DELAY': 15,
 'FEED_EXPORT_ENCODING': 'utf-8',
 'NEWSPIDER_MODULE': 'housing_webscraping.spiders',
 'REQUEST_FINGERPRINTER_IMPLEMENTATION': '2.7',
 'ROBOTSTXT_OBEY': True,
 'SPIDER_MODULES': ['housing_webscraping.spiders'],
 'TWISTED_REACTOR': 'twisted.internet.asyncioreactor.AsyncioSelectorReactor'}
[ 2024-04-12 20:04:32,033 ] 78 scrapy.middleware - INFO - Enabled downloader middlewares:
['scrapy.downloadermiddlewares.robotstxt.RobotsTxtMiddleware',
 'scrapy.downloadermiddlewares.httpauth.HttpAuthMiddleware',
 'scrapy.downloadermiddlewares.downloadtimeout.DownloadTimeoutMiddleware',
 'scrapy.downloadermiddlewares.defaultheaders.DefaultHeadersMiddleware',
 'scrapy.downloadermiddlewares.useragent.UserAgentMiddleware',
 'scrapy.downloadermiddlewares.retry.RetryMiddleware',
 'scrapy.downloadermiddlewares.redirect.MetaRefreshMiddleware',
 'scrapy.downloadermiddlewares.httpcompression.HttpCompressionMiddleware',
 'scrapy.downloadermiddlewares.redirect.RedirectMiddleware',
 'scrapy.downloadermiddlewares.cookies.CookiesMiddleware',
 'scrapy.downloadermiddlewares.httpproxy.HttpProxyMiddleware',
 'scrapy.downloadermiddlewares.stats.DownloaderStats']
[ 2024-04-12 20:04:32,090 ] 78 scrapy.middleware - INFO - Enabled spider middlewares:
['scrapy.spidermiddlewares.httperror.HttpErrorMiddleware',
 'scrapy.spidermiddlewares.offsite.OffsiteMiddleware',
 'scrapy.spidermiddlewares.referer.RefererMiddleware',
 'scrapy.spidermiddlewares.urllength.UrlLengthMiddleware',
 'scrapy.spidermiddlewares.depth.DepthMiddleware']
[ 2024-04-12 20:04:32,091 ] 78 scrapy.middleware - INFO - Enabled item pipelines:
[]
[ 2024-04-12 20:04:32,093 ] 359 scrapy.core.engine - INFO - Spider opened
[ 2024-04-12 20:04:32,116 ] 54 scrapy.extensions.logstats - INFO - Crawled 0 pages (at 0 pages/min), scraped 0 items (at 0 items/min)
[ 2024-04-12 20:04:32,118 ] 70 scrapy.extensions.telnet - INFO - Telnet console listening on 127.0.0.1:6023
[ 2024-04-12 20:04:32,263 ] 331 scrapy.core.engine - DEBUG - Crawled (403) <GET https://www.kijiji.ca/robots.txt> (referer: None)
[ 2024-04-12 20:04:32,263 ] 403 protego - DEBUG - Rule at line 1 without any user agent to enforce it on.
[ 2024-04-12 20:04:32,264 ] 403 protego - DEBUG - Rule at line 7 without any user agent to enforce it on.
[ 2024-04-12 20:04:55,140 ] 331 scrapy.core.engine - DEBUG - Crawled (200) <GET https://www.kijiji.ca/b-apartments-condos/city-of-halifax/apartment/k0c37l1700321?sort=dateDesc&radius=50.0&ad=offer&address=Halifax+Regional+Municipality%2C+NS&ll=44.6475811%2C-63.5727683> (referer: None)
[ 2024-04-12 20:04:55,313 ] 29 root - INFO - Current URL : https://www.kijiji.ca/b-apartments-condos/city-of-halifax/apartment/k0c37l1700321?sort=dateDesc&radius=50.0&ad=offer&address=Halifax+Regional+Municipality%2C+NS&ll=44.6475811%2C-63.5727683
[ 2024-04-12 20:05:02,892 ] 331 scrapy.core.engine - DEBUG - Crawled (200) <GET https://www.kijiji.ca/v-apartments-condos/city-of-halifax/great-condo-with-pool-walking-distance-from-bayers-lake/1690715637> (referer: https://www.kijiji.ca/b-apartments-condos/city-of-halifax/apartment/k0c37l1700321?sort=dateDesc&radius=50.0&ad=offer&address=Halifax+Regional+Municipality%2C+NS&ll=44.6475811%2C-63.5727683)
[ 2024-04-12 20:05:03,027 ] 389 scrapy.core.scraper - DEBUG - Scraped from <200 https://www.kijiji.ca/v-apartments-condos/city-of-halifax/great-condo-with-pool-walking-distance-from-bayers-lake/1690715637>
{'Title': 'Great condo with pool walking distance from Bayers Lake', 'Rent': '2200', 'Address': '10 Regency Park Drive, Halifax, NS', 'Date Posted': '2024-04-12T22:45:34.000Z', 'How Long Ago': '19 minutes ago', 'Unit Type': 'Condo', 'Bedrooms': '2', 'Bathrooms': '2', 'Utilities': ['Heat', 'Water'], 'Wifi and More': 'Not Included', 'Parking': '1', 'Agreement': '1 Year', 'Pet Friendly': 'Limited', 'Size': '1,650', 'Furnished': 'No', 'Appliances': ['Laundry (In Unit)', 'Dishwasher', 'Fridge / Freezer'], 'Air Conditioning': 'No', 'Personal Space': [], 'Smoking': 'No', 'Amenities': ['Gym', 'Pool', 'Concierge', '24 Hour Security', 'Bicycle Parking', 'Storage Space', 'Elevator in Building'], 'Seller': 'Owner', 'Seller Name': None, 'Description': ['This beautiful 2 bedroom ( carpeted) 2 bath condo is located on the main floor . The amenities are awesome library, pool, tenant guest room roof top terrace, gazebo . Walking distance from library , bus stop , shops and restaurants comes with underground parking and storage includes heat and hot water 902-299-9900'], 'Latitude': '44.65853', 'Longitude': '-63.66825', 'extraction_date': '2024-04-12'}
[ 2024-04-12 20:05:20,573 ] 331 scrapy.core.engine - DEBUG - Crawled (200) <GET https://www.kijiji.ca/b-apartments-condos/city-of-halifax/apartment/page-2/k0c37l1700321?ad=offer&address=Halifax%20Regional%20Municipality%2C%20NS&ll=44.6475811%2C-63.5727683&radius=50.0&sort=dateDesc> (referer: https://www.kijiji.ca/b-apartments-condos/city-of-halifax/apartment/k0c37l1700321?sort=dateDesc&radius=50.0&ad=offer&address=Halifax+Regional+Municipality%2C+NS&ll=44.6475811%2C-63.5727683)
[ 2024-04-12 20:05:20,707 ] 29 root - INFO - Current URL : https://www.kijiji.ca/b-apartments-condos/city-of-halifax/apartment/page-2/k0c37l1700321?ad=offer&address=Halifax%20Regional%20Municipality%2C%20NS&ll=44.6475811%2C-63.5727683&radius=50.0&sort=dateDesc
[ 2024-04-12 20:05:32,116 ] 54 scrapy.extensions.logstats - INFO - Crawled 4 pages (at 4 pages/min), scraped 1 items (at 1 items/min)
[ 2024-04-12 20:05:34,992 ] 331 scrapy.core.engine - DEBUG - Crawled (200) <GET https://www.kijiji.ca/v-apartments-condos/city-of-halifax/brand-new-one-bedroom-suite-in-heritage-building-south-end-hfx/1689759515> (referer: https://www.kijiji.ca/b-apartments-condos/city-of-halifax/apartment/k0c37l1700321?sort=dateDesc&radius=50.0&ad=offer&address=Halifax+Regional+Municipality%2C+NS&ll=44.6475811%2C-63.5727683)
[ 2024-04-12 20:05:35,113 ] 389 scrapy.core.scraper - DEBUG - Scraped from <200 https://www.kijiji.ca/v-apartments-condos/city-of-halifax/brand-new-one-bedroom-suite-in-heritage-building-south-end-hfx/1689759515>
{'Title': 'BRAND NEW ONE BEDROOM SUITE IN HERITAGE BUILDING! SOUTH END HFX!', 'Rent': '2199', 'Address': '1029 South Park Street, Halifax, NS, B3H 1M1', 'Date Posted': '2024-04-12T14:19:44.000Z', 'How Long Ago': 'about 9 hours ago', 'Unit Type': 'Basement', 'Bedrooms': '1', 'Bathrooms': '1', 'Utilities': ['Heat', 'Water'], 'Wifi and More': 'Not Included', 'Parking': '0', 'Agreement': '1 Year', 'Pet Friendly': 'Limited', 'Size': '805', 'Furnished': 'No', 'Appliances': ['Laundry (In Unit)', 'Dishwasher', 'Fridge / Freezer'], 'Air Conditioning': 'No', 'Personal Space': [], 'Smoking': 'No', 'Amenities': [], 'Seller': 'Professional', 'Seller Name': 'www.northpointhfx.com', 'Description': [], 'Latitude': '44.63499', 'Longitude': '-63.57602', 'extraction_date': '2024-04-12'}
[ 2024-04-12 20:05:56,436 ] 331 scrapy.core.engine - DEBUG - Crawled (200) <GET https://www.kijiji.ca/v-apartments-condos/city-of-halifax/brand-new-two-bedroom-flat-in-quiet-neighbourhood-available-now/1687519784> (referer: https://www.kijiji.ca/b-apartments-condos/city-of-halifax/apartment/k0c37l1700321?sort=dateDesc&radius=50.0&ad=offer&address=Halifax+Regional+Municipality%2C+NS&ll=44.6475811%2C-63.5727683)
[ 2024-04-12 20:05:56,536 ] 389 scrapy.core.scraper - DEBUG - Scraped from <200 https://www.kijiji.ca/v-apartments-condos/city-of-halifax/brand-new-two-bedroom-flat-in-quiet-neighbourhood-available-now/1687519784>
{'Title': 'BRAND NEW TWO BEDROOM FLAT IN QUIET NEIGHBOURHOOD AVAILABLE NOW!', 'Rent': '2599', 'Address': '2100 Poplar Street, Halifax, NS, B3L 2Y7', 'Date Posted': '2024-04-12T14:19:45.000Z', 'How Long Ago': 'about 9 hours ago', 'Unit Type': 'Apartment', 'Bedrooms': '2', 'Bathrooms': '1', 'Utilities': ['Heat', 'Water'], 'Wifi and More': 'Not Included', 'Parking': '0', 'Agreement': '1 Year', 'Pet Friendly': 'Yes', 'Size': '800', 'Furnished': 'No', 'Appliances': ['Laundry (In Unit)', 'Dishwasher', 'Fridge / Freezer'], 'Air Conditioning': 'No', 'Personal Space': [], 'Smoking': 'No', 'Amenities': [], 'Seller': 'Professional', 'Seller Name': 'www.northpointhfx.com', 'Description': ['This picturesque property features five apartments just waiting for you to come home. Found between West and South End Halifax, 2100 Poplar Street gets you off the main drag into a serene neighbourhood lined with luscious greenery. Get the best of both worlds a friendly, quiet neighbourhood in the city centre.'], 'Latitude': '44.64532', 'Longitude': '-63.60535', 'extraction_date': '2024-04-12'}
[ 2024-04-12 20:06:12,373 ] 331 scrapy.core.engine - DEBUG - Crawled (200) <GET https://www.kijiji.ca/v-apartments-condos/city-of-halifax/renovated-one-bedroom-steps-to-dal-smu-hospitals-downtown/1687665628> (referer: https://www.kijiji.ca/b-apartments-condos/city-of-halifax/apartment/k0c37l1700321?sort=dateDesc&radius=50.0&ad=offer&address=Halifax+Regional+Municipality%2C+NS&ll=44.6475811%2C-63.5727683)
[ 2024-04-12 20:06:12,507 ] 389 scrapy.core.scraper - DEBUG - Scraped from <200 https://www.kijiji.ca/v-apartments-condos/city-of-halifax/renovated-one-bedroom-steps-to-dal-smu-hospitals-downtown/1687665628>
{'Title': 'RENOVATED ONE BEDROOM STEPS TO DAL, SMU HOSPITALS & DOWNTOWN!!!', 'Rent': '2099', 'Address': '6060 South Street, Halifax, NS, B3H 1T1', 'Date Posted': '2024-04-12T14:19:46.000Z', 'How Long Ago': 'about 9 hours ago', 'Unit Type': 'Apartment', 'Bedrooms': '1', 'Bathrooms': '1', 'Utilities': ['Heat', 'Water'], 'Wifi and More': 'Not Included', 'Parking': '0', 'Agreement': '1 Year', 'Pet Friendly': 'Yes', 'Size': '500', 'Furnished': 'No', 'Appliances': ['Laundry (In Building)', 'Dishwasher', 'Fridge / Freezer'], 'Air Conditioning': 'No', 'Personal Space': [], 'Smoking': 'Outdoors only', 'Amenities': [], 'Seller': 'Professional', 'Seller Name': 'www.northpointhfx.com', 'Description': [], 'Latitude': '44.63595', 'Longitude': '-63.58646', 'extraction_date': '2024-04-12'}
[ 2024-04-12 20:06:32,129 ] 54 scrapy.extensions.logstats - INFO - Crawled 7 pages (at 3 pages/min), scraped 4 items (at 3 items/min)
[ 2024-04-12 20:06:33,702 ] 331 scrapy.core.engine - DEBUG - Crawled (200) <GET https://www.kijiji.ca/v-apartments-condos/city-of-halifax/brand-new-one-bedroom-suite-steps-to-smu-downtown/1687665630> (referer: https://www.kijiji.ca/b-apartments-condos/city-of-halifax/apartment/k0c37l1700321?sort=dateDesc&radius=50.0&ad=offer&address=Halifax+Regional+Municipality%2C+NS&ll=44.6475811%2C-63.5727683)
[ 2024-04-12 20:06:33,817 ] 389 scrapy.core.scraper - DEBUG - Scraped from <200 https://www.kijiji.ca/v-apartments-condos/city-of-halifax/brand-new-one-bedroom-suite-steps-to-smu-downtown/1687665630>
{'Title': 'BRAND NEW ONE BEDROOM SUITE STEPS TO SMU & DOWNTOWN!!!', 'Rent': '2149', 'Address': '5726 Inglis St, Halifax, NS, B3H 1K4', 'Date Posted': '2024-04-12T14:19:46.000Z', 'How Long Ago': 'about 9 hours ago', 'Unit Type': 'Apartment', 'Bedrooms': '1', 'Bathrooms': '1', 'Utilities': ['Heat', 'Water'], 'Wifi and More': 'Not Included', 'Parking': '0', 'Agreement': '1 Year', 'Pet Friendly': 'Yes', 'Size': '500', 'Furnished': 'No', 'Appliances': ['Laundry (In Unit)', 'Dishwasher', 'Fridge / Freezer'], 'Air Conditioning': 'Yes', 'Personal Space': [], 'Smoking': 'No', 'Amenities': [], 'Seller': 'Professional', 'Seller Name': 'www.northpointhfx.com', 'Description': ['This brand-new building sets the standard for boutique living in Halifax. Located only steps away from Saint Marys University, Point Pleasant Park and Downtown Halifax, 5726 Inglis Street offers its residents the opportunity to live in the centre of it all.', 'Available May 1st, July 1st, or September 1st this one-bedroom suite features large living spaces, 11 foot high ceilings, slate appliances, plenty of storage space and large bright windows.', 'Rent starts at $2,149 per month, including heat, water and air conditioning.', 'For more information and to schedule an in-person viewing, please call 902 492 1941 or visit us at www.northpointhfx.com. ', 'Unfortunately, we are not doing skype/virtual viewings at this time.', '***Photos and Virtual Tour are of actual apartment available July 1st***'], 'Latitude': '44.63408', 'Longitude': '-63.57646', 'extraction_date': '2024-04-12'}
[ 2024-04-12 20:06:44,758 ] 331 scrapy.core.engine - DEBUG - Crawled (200) <GET https://www.kijiji.ca/v-apartments-condos/city-of-halifax/brand-new-one-bedroom-balcony-north-end-hfx-available-now/1679710380> (referer: https://www.kijiji.ca/b-apartments-condos/city-of-halifax/apartment/k0c37l1700321?sort=dateDesc&radius=50.0&ad=offer&address=Halifax+Regional+Municipality%2C+NS&ll=44.6475811%2C-63.5727683)
[ 2024-04-12 20:06:44,880 ] 389 scrapy.core.scraper - DEBUG - Scraped from <200 https://www.kijiji.ca/v-apartments-condos/city-of-halifax/brand-new-one-bedroom-balcony-north-end-hfx-available-now/1679710380>
{'Title': 'BRAND NEW ONE BEDROOM! BALCONY! NORTH END HFX! AVAILABLE NOW!!!', 'Rent': '1829', 'Address': '6140 Lady Hammond Road, Halifax, NS, B3K 2R5', 'Date Posted': '2024-04-12T14:19:47.000Z', 'How Long Ago': 'about 9 hours ago', 'Unit Type': 'Apartment', 'Bedrooms': '1', 'Bathrooms': '1', 'Utilities': ['Water'], 'Wifi and More': 'Not Included', 'Parking': '0', 'Agreement': '1 Year', 'Pet Friendly': 'Yes', 'Size': '600', 'Furnished': 'No', 'Appliances': ['Laundry (In Unit)', 'Dishwasher', 'Fridge / Freezer'], 'Air Conditioning': 'Yes', 'Personal Space': ['Balcony'], 'Smoking': 'No', 'Amenities': [], 'Seller': 'Professional', 'Seller Name': 'www.northpointhfx.com', 'Description': [], 'Latitude': '44.66512', 'Longitude': '-63.61401', 'extraction_date': '2024-04-12'}
[ 2024-04-12 20:07:03,770 ] 331 scrapy.core.engine - DEBUG - Crawled (200) <GET https://www.kijiji.ca/v-apartments-condos/city-of-halifax/all-utilities-included-bachelor-apt-steps-to-dal-smu-iwk/1687665627> (referer: https://www.kijiji.ca/b-apartments-condos/city-of-halifax/apartment/k0c37l1700321?sort=dateDesc&radius=50.0&ad=offer&address=Halifax+Regional+Municipality%2C+NS&ll=44.6475811%2C-63.5727683)
