[ 2024-03-15 15:46:32,828 ] 169 scrapy.utils.log - INFO - Scrapy 2.11.1 started (bot: housing_webscraping)
[ 2024-03-15 15:46:32,834 ] 178 scrapy.utils.log - INFO - Versions: lxml 5.1.0.0, libxml2 2.12.3, cssselect 1.2.0, parsel 1.8.1, w3lib 2.1.2, Twisted 23.10.0, Python 3.11.7 (main, Dec 15 2023, 12:09:56) [Clang 14.0.6 ], pyOpenSSL 24.0.0 (OpenSSL 3.2.1 30 Jan 2024), cryptography 42.0.3, Platform macOS-13.5.2-arm64-arm-64bit
[ 2024-03-15 15:46:32,836 ] 47 scrapy.addons - INFO - Enabled addons:
[]
[ 2024-03-15 15:46:32,836 ] 54 asyncio - DEBUG - Using selector: KqueueSelector
[ 2024-03-15 15:46:32,836 ] 184 scrapy.utils.log - DEBUG - Using reactor: twisted.internet.asyncioreactor.AsyncioSelectorReactor
[ 2024-03-15 15:46:32,836 ] 188 scrapy.utils.log - DEBUG - Using asyncio event loop: asyncio.unix_events._UnixSelectorEventLoop
[ 2024-03-15 15:46:32,840 ] 58 scrapy.extensions.telnet - INFO - Telnet Password: 399fb63dcaa126f9
[ 2024-03-15 15:46:32,858 ] 109 py.warnings - WARNING - /Users/jerrycalebj/anaconda3/envs/venv/lib/python3.11/site-packages/scrapy/extensions/feedexport.py:406: ScrapyDeprecationWarning: The `FEED_URI` and `FEED_FORMAT` settings have been deprecated in favor of the `FEEDS` setting. Please see the `FEEDS` setting docs for more details
  exporter = cls(crawler)

[ 2024-03-15 15:46:32,860 ] 78 scrapy.middleware - INFO - Enabled extensions:
['scrapy.extensions.corestats.CoreStats',
 'scrapy.extensions.telnet.TelnetConsole',
 'scrapy.extensions.memusage.MemoryUsage',
 'scrapy.extensions.feedexport.FeedExporter',
 'scrapy.extensions.logstats.LogStats']
[ 2024-03-15 15:46:32,860 ] 138 scrapy.crawler - INFO - Overridden settings:
{'BOT_NAME': 'housing_webscraping',
 'DOWNLOAD_DELAY': 3,
 'FEED_EXPORT_ENCODING': 'utf-8',
 'NEWSPIDER_MODULE': 'housing_webscraping.spiders',
 'REQUEST_FINGERPRINTER_IMPLEMENTATION': '2.7',
 'ROBOTSTXT_OBEY': True,
 'SPIDER_MODULES': ['housing_webscraping.spiders'],
 'TWISTED_REACTOR': 'twisted.internet.asyncioreactor.AsyncioSelectorReactor'}
[ 2024-03-15 15:46:32,893 ] 78 scrapy.middleware - INFO - Enabled downloader middlewares:
['scrapy.downloadermiddlewares.robotstxt.RobotsTxtMiddleware',
 'scrapy.downloadermiddlewares.httpauth.HttpAuthMiddleware',
 'scrapy.downloadermiddlewares.downloadtimeout.DownloadTimeoutMiddleware',
 'scrapy.downloadermiddlewares.defaultheaders.DefaultHeadersMiddleware',
 'scrapy.downloadermiddlewares.useragent.UserAgentMiddleware',
 'scrapy.downloadermiddlewares.retry.RetryMiddleware',
 'scrapy.downloadermiddlewares.redirect.MetaRefreshMiddleware',
 'scrapy.downloadermiddlewares.httpcompression.HttpCompressionMiddleware',
 'scrapy.downloadermiddlewares.redirect.RedirectMiddleware',
 'scrapy.downloadermiddlewares.cookies.CookiesMiddleware',
 'scrapy.downloadermiddlewares.httpproxy.HttpProxyMiddleware',
 'scrapy.downloadermiddlewares.stats.DownloaderStats']
[ 2024-03-15 15:46:32,894 ] 78 scrapy.middleware - INFO - Enabled spider middlewares:
['scrapy.spidermiddlewares.httperror.HttpErrorMiddleware',
 'scrapy.spidermiddlewares.offsite.OffsiteMiddleware',
 'scrapy.spidermiddlewares.referer.RefererMiddleware',
 'scrapy.spidermiddlewares.urllength.UrlLengthMiddleware',
 'scrapy.spidermiddlewares.depth.DepthMiddleware']
[ 2024-03-15 15:46:32,894 ] 78 scrapy.middleware - INFO - Enabled item pipelines:
[]
[ 2024-03-15 15:46:32,894 ] 359 scrapy.core.engine - INFO - Spider opened
[ 2024-03-15 15:46:32,897 ] 54 scrapy.extensions.logstats - INFO - Crawled 0 pages (at 0 pages/min), scraped 0 items (at 0 items/min)
[ 2024-03-15 15:46:32,898 ] 70 scrapy.extensions.telnet - INFO - Telnet console listening on 127.0.0.1:6025
[ 2024-03-15 15:46:33,015 ] 331 scrapy.core.engine - DEBUG - Crawled (200) <GET https://www.olympusproperties.ca/robots.txt> (referer: None)
[ 2024-03-15 15:46:37,442 ] 331 scrapy.core.engine - DEBUG - Crawled (200) <GET https://www.olympusproperties.ca/available-units/> (referer: None)
[ 2024-03-15 15:46:37,565 ] 29 root - INFO - Current URL : https://www.olympusproperties.ca/available-units/
[ 2024-03-15 15:46:41,253 ] 331 scrapy.core.engine - DEBUG - Crawled (200) <GET https://www.olympusproperties.ca/properties/242-herring-cove-road-unit-11-june-1st-3-bedroom-unit-2195-00/> (referer: https://www.olympusproperties.ca/available-units/)
[ 2024-03-15 15:46:41,381 ] 389 scrapy.core.scraper - DEBUG - Scraped from <200 https://www.olympusproperties.ca/properties/242-herring-cove-road-unit-11-june-1st-3-bedroom-unit-2195-00/>
{'address': ' 35595', 'city': 'Halifax', 'area': 'Mainland South', 'state_county': 'Nova Scotia', 'zip_code': 'B3P 1L7', 'country': 'Canada', 'price': 2195, 'property_id': '35595', 'property_size': None, 'rooms': '3', 'bedrooms': '3', 'bathrooms': '1', 'features': 'Fridge & Stove Included, Heat & Hot Water Included, Dishwasher, On Bus Route, Pharmacy, Banks, Over The Range Microwave', 'extraction_date': '2024-03-15'}
[ 2024-03-15 15:46:44,506 ] 331 scrapy.core.engine - DEBUG - Crawled (200) <GET https://www.olympusproperties.ca/available-units/page/2/> (referer: https://www.olympusproperties.ca/available-units/)
[ 2024-03-15 15:46:44,622 ] 29 root - INFO - Current URL : https://www.olympusproperties.ca/available-units/page/2/
[ 2024-03-15 15:46:48,256 ] 331 scrapy.core.engine - DEBUG - Crawled (200) <GET https://www.olympusproperties.ca/properties/96-north-street-unit-208-3-bedroom-in-beautiful-bridgewater-available-now/> (referer: https://www.olympusproperties.ca/available-units/)
[ 2024-03-15 15:46:48,373 ] 389 scrapy.core.scraper - DEBUG - Scraped from <200 https://www.olympusproperties.ca/properties/96-north-street-unit-208-3-bedroom-in-beautiful-bridgewater-available-now/>
{'address': ' 41167', 'city': 'Bridgewater', 'area': 'Bridgewater', 'state_county': 'Nova Scotia', 'zip_code': 'B4V 2V6', 'country': 'Canada', 'price': 1795, 'property_id': '41167', 'property_size': '750 ft', 'rooms': '3', 'bedrooms': '3', 'bathrooms': '1', 'features': 'balcony, Fridge & Stove Included, Heat & Hot Water Included, Close to all Hospitals, Quiet neighbourhood, Close to Universities and Colleges', 'extraction_date': '2024-03-15'}
[ 2024-03-15 15:46:52,393 ] 331 scrapy.core.engine - DEBUG - Crawled (200) <GET https://www.olympusproperties.ca/properties/1471-south-park-street-unit-501-available-august-1st-2795-00/> (referer: https://www.olympusproperties.ca/available-units/)
[ 2024-03-15 15:46:52,517 ] 389 scrapy.core.scraper - DEBUG - Scraped from <200 https://www.olympusproperties.ca/properties/1471-south-park-street-unit-501-available-august-1st-2795-00/>
{'address': ' 37791', 'city': 'Halifax', 'area': 'Downtown Halifax', 'state_county': 'Nova Scotia', 'zip_code': 'B3J 2L1', 'country': 'Canada', 'price': 2795, 'property_id': '37791', 'property_size': None, 'rooms': '2', 'bedrooms': '2', 'bathrooms': '1', 'features': 'balcony, laundry, Fridge & Stove Included, Heat & Hot Water Included, Dishwasher, Close to all Hospitals, Located in the heart of downtown Halifax, On Bus Route, Pharmacy, Restaurants, Banks, Coffee Shops, Over The Range Microwave, Close to Universities and Colleges', 'extraction_date': '2024-03-15'}
[ 2024-03-15 15:46:56,999 ] 331 scrapy.core.engine - DEBUG - Crawled (200) <GET https://www.olympusproperties.ca/properties/7-mandaville-court-unit-7-available-march-15th-1795-00/> (referer: https://www.olympusproperties.ca/available-units/)
[ 2024-03-15 15:46:57,121 ] 389 scrapy.core.scraper - DEBUG - Scraped from <200 https://www.olympusproperties.ca/properties/7-mandaville-court-unit-7-available-march-15th-1795-00/>
{'address': ' 40468', 'city': 'Halifax', 'area': 'Fairview', 'state_county': 'Nova Scotia', 'zip_code': 'B3M 3H5', 'country': 'Canada', 'price': 1795, 'property_id': '40468', 'property_size': None, 'rooms': '1', 'bedrooms': '1', 'bathrooms': '1', 'features': 'balcony, Fridge & Stove Included, Heat & Hot Water Included, Dishwasher, Quiet neighbourhood, On Bus Route, Over The Range Microwave', 'extraction_date': '2024-03-15'}
[ 2024-03-15 15:47:01,198 ] 331 scrapy.core.engine - DEBUG - Crawled (200) <GET https://www.olympusproperties.ca/properties/7137-quinpool-road-unit-107-april-1st-1-bedroom-1795-00/> (referer: https://www.olympusproperties.ca/available-units/)
[ 2024-03-15 15:47:01,320 ] 389 scrapy.core.scraper - DEBUG - Scraped from <200 https://www.olympusproperties.ca/properties/7137-quinpool-road-unit-107-april-1st-1-bedroom-1795-00/>
{'address': ' 32964', 'city': 'Halifax', 'area': 'Mainland Southwest', 'state_county': 'Nova Scotia', 'zip_code': 'B3L 1C7', 'country': 'Canada', 'price': 1795, 'property_id': '32964', 'property_size': '900 ft', 'rooms': None, 'bedrooms': '1', 'bathrooms': '1', 'features': 'balcony, Fridge & Stove Included, Heat & Hot Water Included, Dishwasher, On Bus Route, Restaurants, Over The Range Microwave, Close to Universities and Colleges', 'extraction_date': '2024-03-15'}
[ 2024-03-15 15:47:04,885 ] 331 scrapy.core.engine - DEBUG - Crawled (200) <GET https://www.olympusproperties.ca/properties/223-windmill-road-unit-518-may-1st-2-bedroom-1950-00/> (referer: https://www.olympusproperties.ca/available-units/)
[ 2024-03-15 15:47:05,016 ] 389 scrapy.core.scraper - DEBUG - Scraped from <200 https://www.olympusproperties.ca/properties/223-windmill-road-unit-518-may-1st-2-bedroom-1950-00/>
{'address': ' 27461', 'city': 'Dartmouth', 'area': 'Dartmouth', 'state_county': 'Nova Scotia', 'zip_code': 'B3A 4M6', 'country': 'Canada', 'price': 1950, 'property_id': '27461', 'property_size': '750 ft', 'rooms': '2', 'bedrooms': '2', 'bathrooms': '1', 'features': 'balcony, Fridge & Stove Included, Heat & Hot Water Included, Dishwasher, Over The Range Microwave', 'extraction_date': '2024-03-15'}
[ 2024-03-15 15:47:09,594 ] 331 scrapy.core.engine - DEBUG - Crawled (200) <GET https://www.olympusproperties.ca/properties/1471-south-park-street-unit-805-april-1st/> (referer: https://www.olympusproperties.ca/available-units/)
[ 2024-03-15 15:47:09,722 ] 389 scrapy.core.scraper - DEBUG - Scraped from <200 https://www.olympusproperties.ca/properties/1471-south-park-street-unit-805-april-1st/>
{'address': ' 37941', 'city': 'Halifax', 'area': 'Downtown Halifax', 'state_county': 'Nova Scotia', 'zip_code': 'B3J 2L1', 'country': 'Canada', 'price': 1995, 'property_id': '37941', 'property_size': '850 ft', 'rooms': '1', 'bedrooms': '1', 'bathrooms': '1', 'features': 'balcony, laundry, Fridge & Stove Included, Heat & Hot Water Included, Dishwasher, Close to all Hospitals, Located in the heart of downtown Halifax, On Bus Route, Pharmacy, Restaurants, Banks, Coffee Shops, Over The Range Microwave, Close to Universities and Colleges', 'extraction_date': '2024-03-15'}
[ 2024-03-15 15:47:11,436 ] 331 scrapy.core.engine - DEBUG - Crawled (200) <GET https://www.olympusproperties.ca/properties/5511-charles-street-unit-209-july-15th-2295-00/> (referer: https://www.olympusproperties.ca/available-units/)
[ 2024-03-15 15:47:11,558 ] 389 scrapy.core.scraper - DEBUG - Scraped from <200 https://www.olympusproperties.ca/properties/5511-charles-street-unit-209-july-15th-2295-00/>
{'address': ' 37646', 'city': 'Halifax', 'area': 'Peninsular North', 'state_county': 'Nova Scotia', 'zip_code': 'B3K 1K1', 'country': 'Canada', 'price': 2295, 'property_id': '37646', 'property_size': None, 'rooms': '2', 'bedrooms': '2', 'bathrooms': '1', 'features': 'balcony, Fridge & Stove Included, Heat & Hot Water Included, Dishwasher, Close to all Hospitals, On Bus Route, Restaurants, Over The Range Microwave, Close to Universities and Colleges', 'extraction_date': '2024-03-15'}
[ 2024-03-15 15:47:15,943 ] 331 scrapy.core.engine - DEBUG - Crawled (200) <GET https://www.olympusproperties.ca/properties/3232-isleville-street-unit-101-one-bedroom-available-april-1st-1795-00/> (referer: https://www.olympusproperties.ca/available-units/page/2/)
[ 2024-03-15 15:47:16,064 ] 389 scrapy.core.scraper - DEBUG - Scraped from <200 https://www.olympusproperties.ca/properties/3232-isleville-street-unit-101-one-bedroom-available-april-1st-1795-00/>
{'address': ' 36535', 'city': 'Halifax', 'area': 'Mainland North', 'state_county': 'Nova Scotia', 'zip_code': 'B3K 3V5', 'country': 'Canada', 'price': 1795, 'property_id': '36535', 'property_size': '700 ft', 'rooms': None, 'bedrooms': '1', 'bathrooms': '1', 'features': 'balcony, Fridge & Stove Included, Heat & Hot Water Included, Quiet neighbourhood', 'extraction_date': '2024-03-15'}
[ 2024-03-15 15:47:19,946 ] 331 scrapy.core.engine - DEBUG - Crawled (200) <GET https://www.olympusproperties.ca/available-units/page/3/> (referer: https://www.olympusproperties.ca/available-units/page/2/)
[ 2024-03-15 15:47:20,066 ] 29 root - INFO - Current URL : https://www.olympusproperties.ca/available-units/page/3/
[ 2024-03-15 15:47:20,069 ] 138 scrapy.dupefilters - DEBUG - Filtered duplicate request: <GET https://www.olympusproperties.ca/available-units/page/3/> - no more duplicates will be shown (see DUPEFILTER_DEBUG to show all duplicates)
[ 2024-03-15 15:47:22,348 ] 331 scrapy.core.engine - DEBUG - Crawled (200) <GET https://www.olympusproperties.ca/properties/5620-south-street-1-bedroom-available-may-1st-1995-00/> (referer: https://www.olympusproperties.ca/available-units/page/2/)
[ 2024-03-15 15:47:22,465 ] 389 scrapy.core.scraper - DEBUG - Scraped from <200 https://www.olympusproperties.ca/properties/5620-south-street-1-bedroom-available-may-1st-1995-00/>
{'address': ' 42450', 'city': 'Halifax', 'area': 'Downtown Halifax', 'state_county': 'Nova Scotia', 'zip_code': None, 'country': 'Canada', 'price': 1995, 'property_id': '42450', 'property_size': None, 'rooms': '1', 'bedrooms': '1', 'bathrooms': '1', 'features': 'balcony, Fridge & Stove Included, Dishwasher, Close to all Hospitals, Located in the heart of downtown Halifax, On Bus Route, Pharmacy, Restaurants, Banks, Coffee Shops, Post Office, Over The Range Microwave, Close to Universities and Colleges', 'extraction_date': '2024-03-15'}
[ 2024-03-15 15:47:25,363 ] 331 scrapy.core.engine - DEBUG - Crawled (200) <GET https://www.olympusproperties.ca/properties/5620-south-street-unit-301-june-1st-2595-00-2/> (referer: https://www.olympusproperties.ca/available-units/page/2/)
[ 2024-03-15 15:47:25,484 ] 389 scrapy.core.scraper - DEBUG - Scraped from <200 https://www.olympusproperties.ca/properties/5620-south-street-unit-301-june-1st-2595-00-2/>
{'address': ' 42567', 'city': 'Halifax', 'area': 'Downtown Halifax', 'state_county': 'Nova Scotia', 'zip_code': None, 'country': 'Canada', 'price': 2595, 'property_id': '42567', 'property_size': None, 'rooms': '2', 'bedrooms': '2', 'bathrooms': '1', 'features': 'balcony, laundry, Fridge & Stove Included, Dishwasher, Close to all Hospitals, Located in the heart of downtown Halifax, On Bus Route, Bus Terminal, Pharmacy, Restaurants, Banks, Coffee Shops, Post Office, Over The Range Microwave, Close to Universities and Colleges', 'extraction_date': '2024-03-15'}
[ 2024-03-15 15:47:28,230 ] 331 scrapy.core.engine - DEBUG - Crawled (200) <GET https://www.olympusproperties.ca/properties/5620-south-street-unit-905-available-now1-2595-00-in-suite-laundry/> (referer: https://www.olympusproperties.ca/available-units/page/2/)
[ 2024-03-15 15:47:28,353 ] 389 scrapy.core.scraper - DEBUG - Scraped from <200 https://www.olympusproperties.ca/properties/5620-south-street-unit-905-available-now1-2595-00-in-suite-laundry/>
{'address': ' 42579', 'city': 'Halifax', 'area': 'Downtown Halifax', 'state_county': 'Nova Scotia', 'zip_code': None, 'country': 'Canada', 'price': 2595, 'property_id': '42579', 'property_size': None, 'rooms': '2', 'bedrooms': '2', 'bathrooms': '1', 'features': 'balcony, laundry, Fridge & Stove Included, Dishwasher, Close to all Hospitals, Located in the heart of downtown Halifax, On Bus Route, Bus Terminal, Pharmacy, Restaurants, Banks, Coffee Shops, Post Office, Over The Range Microwave, Close to Universities and Colleges', 'extraction_date': '2024-03-15'}
[ 2024-03-15 15:47:32,632 ] 331 scrapy.core.engine - DEBUG - Crawled (200) <GET https://www.olympusproperties.ca/properties/56-old-sambro-road-unit-305-fantastic-one-bedroom-1695-00-april-15th/> (referer: https://www.olympusproperties.ca/available-units/page/2/)
[ 2024-03-15 15:47:32,756 ] 389 scrapy.core.scraper - DEBUG - Scraped from <200 https://www.olympusproperties.ca/properties/56-old-sambro-road-unit-305-fantastic-one-bedroom-1695-00-april-15th/>
{'address': ' 40810', 'city': 'Halifax', 'area': 'Mainland South', 'state_county': 'Nova Scotia', 'zip_code': 'B3R 1R1', 'country': 'Canada', 'price': 1695, 'property_id': '40810', 'property_size': '750 ft', 'rooms': '1', 'bedrooms': '1', 'bathrooms': '1', 'features': 'Fridge & Stove Included, Heat & Hot Water Included, Dishwasher, Over The Range Microwave', 'extraction_date': '2024-03-15'}
[ 2024-03-15 15:47:32,897 ] 54 scrapy.extensions.logstats - INFO - Crawled 17 pages (at 17 pages/min), scraped 13 items (at 13 items/min)
[ 2024-03-15 15:47:35,906 ] 331 scrapy.core.engine - DEBUG - Crawled (200) <GET https://www.olympusproperties.ca/properties/7137-quinpool-road-unit-204-available-april-1st-1895-00/> (referer: https://www.olympusproperties.ca/available-units/page/2/)
[ 2024-03-15 15:47:36,027 ] 389 scrapy.core.scraper - DEBUG - Scraped from <200 https://www.olympusproperties.ca/properties/7137-quinpool-road-unit-204-available-april-1st-1895-00/>
{'address': ' 42701', 'city': 'Halifax', 'area': 'Mainland Southwest', 'state_county': 'Nova Scotia', 'zip_code': 'B3L 1C7', 'country': 'Canada', 'price': 1895, 'property_id': '42701', 'property_size': '700 ft', 'rooms': '1', 'bedrooms': '1', 'bathrooms': '1', 'features': 'balcony, Fridge & Stove Included, Heat & Hot Water Included, Dishwasher, Close to all Hospitals, Over The Range Microwave', 'extraction_date': '2024-03-15'}
[ 2024-03-15 15:47:39,690 ] 331 scrapy.core.engine - DEBUG - Crawled (200) <GET https://www.olympusproperties.ca/properties/5511-charles-street-units-304-306-april-1st-1995-00/> (referer: https://www.olympusproperties.ca/available-units/page/2/)
[ 2024-03-15 15:47:39,822 ] 389 scrapy.core.scraper - DEBUG - Scraped from <200 https://www.olympusproperties.ca/properties/5511-charles-street-units-304-306-april-1st-1995-00/>
{'address': ' 38496', 'city': 'Halifax', 'area': 'Peninsular North', 'state_county': 'Nova Scotia', 'zip_code': 'B3K 1K1', 'country': 'Canada', 'price': 1995, 'property_id': '38496', 'property_size': None, 'rooms': '1', 'bedrooms': '1', 'bathrooms': '1', 'features': 'balcony, Fridge & Stove Included, Heat & Hot Water Included, Dishwasher, Located in the heart of downtown Halifax, On Bus Route, Pharmacy, Restaurants, Coffee Shops, Over The Range Microwave', 'extraction_date': '2024-03-15'}
[ 2024-03-15 15:47:43,736 ] 331 scrapy.core.engine - DEBUG - Crawled (200) <GET https://www.olympusproperties.ca/properties/249-windmill-road-unit-432-available-now-1795-00/> (referer: https://www.olympusproperties.ca/available-units/page/2/)
[ 2024-03-15 15:47:43,872 ] 389 scrapy.core.scraper - DEBUG - Scraped from <200 https://www.olympusproperties.ca/properties/249-windmill-road-unit-432-available-now-1795-00/>
{'address': ' 28299', 'city': 'Dartmouth', 'area': 'Dartmouth', 'state_county': 'Nova Scotia', 'zip_code': None, 'country': 'Canada', 'price': 1795, 'property_id': '28299', 'property_size': None, 'rooms': None, 'bedrooms': '1', 'bathrooms': '1', 'features': 'balcony, Fridge & Stove Included, Heat & Hot Water Included, Dishwasher', 'extraction_date': '2024-03-15'}
[ 2024-03-15 15:47:47,869 ] 331 scrapy.core.engine - DEBUG - Crawled (200) <GET https://www.olympusproperties.ca/properties/2-sybyl-court-unit-1-march-15th-1795-00-ground-floor/> (referer: https://www.olympusproperties.ca/available-units/page/3/)
[ 2024-03-15 15:47:47,995 ] 389 scrapy.core.scraper - DEBUG - Scraped from <200 https://www.olympusproperties.ca/properties/2-sybyl-court-unit-1-march-15th-1795-00-ground-floor/>
{'address': ' 36579', 'city': 'Halifax', 'area': 'Clayton Park', 'state_county': 'Nova Scotia', 'zip_code': 'B3M 1G8', 'country': 'Canada', 'price': 1795, 'property_id': '36579', 'property_size': '750 ft', 'rooms': '1', 'bedrooms': '1', 'bathrooms': '1', 'features': 'Fridge & Stove Included, Heat & Hot Water Included, Dishwasher, Over The Range Microwave', 'extraction_date': '2024-03-15'}
[ 2024-03-15 15:47:51,533 ] 331 scrapy.core.engine - DEBUG - Crawled (200) <GET https://www.olympusproperties.ca/properties/223-windmill-road-unit-419-1-bedroom-december-1st-1750-00/> (referer: https://www.olympusproperties.ca/available-units/page/3/)
[ 2024-03-15 15:47:51,656 ] 389 scrapy.core.scraper - DEBUG - Scraped from <200 https://www.olympusproperties.ca/properties/223-windmill-road-unit-419-1-bedroom-december-1st-1750-00/>
{'address': ' 39716', 'city': 'Dartmouth', 'area': 'Dartmouth', 'state_county': 'Nova Scotia', 'zip_code': 'B3A 4M6', 'country': 'Canada', 'price': 1695, 'property_id': '39716', 'property_size': '750 ft', 'rooms': '1', 'bedrooms': '1', 'bathrooms': '1', 'features': 'balcony, Fridge & Stove Included, Heat & Hot Water Included, Dishwasher, Quiet neighbourhood, On Bus Route', 'extraction_date': '2024-03-15'}
[ 2024-03-15 15:47:55,497 ] 331 scrapy.core.engine - DEBUG - Crawled (200) <GET https://www.olympusproperties.ca/properties/5620-south-street-1-bedroom-available-now-1995-00-unit-809/> (referer: https://www.olympusproperties.ca/available-units/page/3/)
[ 2024-03-15 15:47:55,621 ] 389 scrapy.core.scraper - DEBUG - Scraped from <200 https://www.olympusproperties.ca/properties/5620-south-street-1-bedroom-available-now-1995-00-unit-809/>
{'address': ' 40722', 'city': 'Halifax', 'area': 'Downtown Halifax', 'state_county': 'Nova Scotia', 'zip_code': None, 'country': 'Canada', 'price': 1995, 'property_id': '40722', 'property_size': None, 'rooms': '1', 'bedrooms': '1', 'bathrooms': '1', 'features': 'balcony, laundry, Fridge & Stove Included, Dishwasher, Close to all Hospitals, Located in the heart of downtown Halifax, On Bus Route, Pharmacy, Restaurants, Banks, Coffee Shops, Post Office, Over The Range Microwave, Close to Universities and Colleges', 'extraction_date': '2024-03-15'}
[ 2024-03-15 15:48:00,159 ] 331 scrapy.core.engine - DEBUG - Crawled (200) <GET https://www.olympusproperties.ca/properties/223-windmill-road-unit-212-1-bedroom-january-15th-ground-floor-unit/> (referer: https://www.olympusproperties.ca/available-units/page/3/)
[ 2024-03-15 15:48:00,278 ] 389 scrapy.core.scraper - DEBUG - Scraped from <200 https://www.olympusproperties.ca/properties/223-windmill-road-unit-212-1-bedroom-january-15th-ground-floor-unit/>
{'address': ' 40004', 'city': 'Dartmouth', 'area': 'Dartmouth', 'state_county': 'Nova Scotia', 'zip_code': 'B3A 4M6', 'country': 'Canada', 'price': 1795, 'property_id': '40004', 'property_size': '750 ft', 'rooms': '1', 'bedrooms': '1', 'bathrooms': '1', 'features': 'balcony, Fridge & Stove Included, Heat & Hot Water Included, Dishwasher, Over The Range Microwave', 'extraction_date': '2024-03-15'}
[ 2024-03-15 15:48:03,831 ] 331 scrapy.core.engine - DEBUG - Crawled (200) <GET https://www.olympusproperties.ca/properties/5620-south-street-unit-409-available-now-2395-00/> (referer: https://www.olympusproperties.ca/available-units/page/3/)
[ 2024-03-15 15:48:03,948 ] 389 scrapy.core.scraper - DEBUG - Scraped from <200 https://www.olympusproperties.ca/properties/5620-south-street-unit-409-available-now-2395-00/>
{'address': ' 41553', 'city': 'Halifax', 'area': 'Downtown Halifax', 'state_county': 'Nova Scotia', 'zip_code': None, 'country': 'Canada', 'price': 2395, 'property_id': '41553', 'property_size': None, 'rooms': '2', 'bedrooms': '2', 'bathrooms': '1', 'features': 'balcony, laundry, Fridge & Stove Included, Dishwasher, Close to all Hospitals, Located in the heart of downtown Halifax, On Bus Route, Bus Terminal, Pharmacy, Restaurants, Banks, Coffee Shops, Post Office, Over The Range Microwave, Close to Universities and Colleges', 'extraction_date': '2024-03-15'}
[ 2024-03-15 15:48:07,757 ] 331 scrapy.core.engine - DEBUG - Crawled (200) <GET https://www.olympusproperties.ca/properties/5620-south-street-1-bedroom-available-now-1995-00-unit-804/> (referer: https://www.olympusproperties.ca/available-units/page/3/)
[ 2024-03-15 15:48:07,880 ] 389 scrapy.core.scraper - DEBUG - Scraped from <200 https://www.olympusproperties.ca/properties/5620-south-street-1-bedroom-available-now-1995-00-unit-804/>
{'address': ' 41776', 'city': 'Halifax', 'area': 'Downtown Halifax', 'state_county': 'Nova Scotia', 'zip_code': None, 'country': 'Canada', 'price': 1995, 'property_id': '41776', 'property_size': None, 'rooms': '2', 'bedrooms': '1', 'bathrooms': '1', 'features': 'balcony, laundry, Fridge & Stove Included, Dishwasher, Close to all Hospitals, Located in the heart of downtown Halifax, On Bus Route, Pharmacy, Restaurants, Banks, Coffee Shops, Post Office, Over The Range Microwave, Close to Universities and Colleges', 'extraction_date': '2024-03-15'}
[ 2024-03-15 15:48:12,165 ] 331 scrapy.core.engine - DEBUG - Crawled (200) <GET https://www.olympusproperties.ca/properties/5511-charles-street-unit-303-may-1st-1-bedroom-1995-00/> (referer: https://www.olympusproperties.ca/available-units/page/3/)
[ 2024-03-15 15:48:12,287 ] 389 scrapy.core.scraper - DEBUG - Scraped from <200 https://www.olympusproperties.ca/properties/5511-charles-street-unit-303-may-1st-1-bedroom-1995-00/>
{'address': ' 39293', 'city': 'Halifax', 'area': 'Peninsular North', 'state_county': 'Nova Scotia', 'zip_code': 'B3K 1K1', 'country': 'Canada', 'price': 1995, 'property_id': '39293', 'property_size': None, 'rooms': '1', 'bedrooms': '1', 'bathrooms': '1', 'features': 'balcony, Fridge & Stove Included, Heat & Hot Water Included, Close to all Hospitals, Located in the heart of downtown Halifax, On Bus Route, Bus Terminal, Pharmacy, Restaurants, Banks, Coffee Shops', 'extraction_date': '2024-03-15'}
[ 2024-03-15 15:48:16,333 ] 331 scrapy.core.engine - DEBUG - Crawled (200) <GET https://www.olympusproperties.ca/properties/223-windmill-road-unit-510-june-5th-1950-00/> (referer: https://www.olympusproperties.ca/available-units/page/3/)
[ 2024-03-15 15:48:16,455 ] 389 scrapy.core.scraper - DEBUG - Scraped from <200 https://www.olympusproperties.ca/properties/223-windmill-road-unit-510-june-5th-1950-00/>
{'address': ' 33128', 'city': 'Dartmouth', 'area': 'Dartmouth', 'state_county': 'Nova Scotia', 'zip_code': 'B3A 4M6', 'country': 'Canada', 'price': 1950, 'property_id': '33128', 'property_size': '750 ft', 'rooms': None, 'bedrooms': '2', 'bathrooms': '1', 'features': 'balcony, Fridge & Stove Included, Heat & Hot Water Included, Dishwasher, Quiet neighbourhood, Over The Range Microwave', 'extraction_date': '2024-03-15'}
[ 2024-03-15 15:48:16,457 ] 411 scrapy.core.engine - INFO - Closing spider (finished)
[ 2024-03-15 15:48:16,458 ] 532 scrapy.extensions.feedexport - INFO - Stored csv feed (24 items) in: /Users/jerrycalebj/Documents/Coding/WebScraping - Housing/Housing_WebScraping/housing_webscraping/CSV_FILES/olympus.csv
[ 2024-03-15 15:48:16,459 ] 532 scrapy.extensions.feedexport - INFO - Stored csv feed (24 items) in: olympus.csv
[ 2024-03-15 15:48:16,459 ] 58 scrapy.statscollectors - INFO - Dumping Scrapy stats:
{'downloader/request_bytes': 10997,
 'downloader/request_count': 28,
 'downloader/request_method_count/GET': 28,
 'downloader/response_bytes': 4612749,
 'downloader/response_count': 28,
 'downloader/response_status_count/200': 28,
 'dupefilter/filtered': 1,
 'elapsed_time_seconds': 103.56048,
 'feedexport/success_count/FileFeedStorage': 2,
 'finish_reason': 'finished',
 'finish_time': datetime.datetime(2024, 3, 15, 18, 48, 16, 457457, tzinfo=datetime.timezone.utc),
 'item_scraped_count': 24,
 'log_count/DEBUG': 56,
 'log_count/INFO': 16,
 'log_count/WARNING': 1,
 'memusage/max': 87932928,
 'memusage/startup': 66617344,
 'request_depth_max': 3,
 'response_received_count': 28,
 'robotstxt/request_count': 1,
 'robotstxt/response_count': 1,
 'robotstxt/response_status_count/200': 1,
 'scheduler/dequeued': 27,
 'scheduler/dequeued/memory': 27,
 'scheduler/enqueued': 27,
 'scheduler/enqueued/memory': 27,
 'start_time': datetime.datetime(2024, 3, 15, 18, 46, 32, 896977, tzinfo=datetime.timezone.utc)}
[ 2024-03-15 15:48:16,460 ] 452 scrapy.core.engine - INFO - Spider closed (finished)
