[ 2024-04-12 03:03:29,100 ] 169 scrapy.utils.log - INFO - Scrapy 2.11.1 started (bot: housing_webscraping)
[ 2024-04-12 03:03:29,260 ] 178 scrapy.utils.log - INFO - Versions: lxml 5.1.0.0, libxml2 2.10.3, cssselect 1.2.0, parsel 1.9.0, w3lib 2.1.2, Twisted 24.3.0, Python 3.12.2 (tags/v3.12.2:6abddd9, Feb  6 2024, 21:26:36) [MSC v.1937 64 bit (AMD64)], pyOpenSSL 24.1.0 (OpenSSL 3.2.1 30 Jan 2024), cryptography 42.0.5, Platform Windows-2022Server-10.0.20348-SP0
[ 2024-04-12 03:03:29,260 ] 47 scrapy.addons - INFO - Enabled addons:
[]
[ 2024-04-12 03:03:29,260 ] 64 asyncio - DEBUG - Using selector: SelectSelector
[ 2024-04-12 03:03:29,260 ] 184 scrapy.utils.log - DEBUG - Using reactor: twisted.internet.asyncioreactor.AsyncioSelectorReactor
[ 2024-04-12 03:03:29,260 ] 188 scrapy.utils.log - DEBUG - Using asyncio event loop: asyncio.windows_events._WindowsSelectorEventLoop
[ 2024-04-12 03:03:29,338 ] 58 scrapy.extensions.telnet - INFO - Telnet Password: 0e9c77dbdd20e84c
[ 2024-04-12 03:03:29,744 ] 110 py.warnings - WARNING - C:\Program Files\Python312\Lib\site-packages\scrapy\extensions\feedexport.py:406: ScrapyDeprecationWarning: The `FEED_URI` and `FEED_FORMAT` settings have been deprecated in favor of the `FEEDS` setting. Please see the `FEEDS` setting docs for more details
  exporter = cls(crawler)

[ 2024-04-12 03:03:29,752 ] 78 scrapy.middleware - INFO - Enabled extensions:
['scrapy.extensions.corestats.CoreStats',
 'scrapy.extensions.telnet.TelnetConsole',
 'scrapy.extensions.feedexport.FeedExporter',
 'scrapy.extensions.logstats.LogStats']
[ 2024-04-12 03:03:29,752 ] 138 scrapy.crawler - INFO - Overridden settings:
{'BOT_NAME': 'housing_webscraping',
 'DOWNLOAD_DELAY': 15,
 'FEED_EXPORT_ENCODING': 'utf-8',
 'NEWSPIDER_MODULE': 'housing_webscraping.spiders',
 'REQUEST_FINGERPRINTER_IMPLEMENTATION': '2.7',
 'ROBOTSTXT_OBEY': True,
 'SPIDER_MODULES': ['housing_webscraping.spiders'],
 'TWISTED_REACTOR': 'twisted.internet.asyncioreactor.AsyncioSelectorReactor'}
[ 2024-04-12 03:03:29,963 ] 78 scrapy.middleware - INFO - Enabled downloader middlewares:
['scrapy.downloadermiddlewares.robotstxt.RobotsTxtMiddleware',
 'scrapy.downloadermiddlewares.httpauth.HttpAuthMiddleware',
 'scrapy.downloadermiddlewares.downloadtimeout.DownloadTimeoutMiddleware',
 'scrapy.downloadermiddlewares.defaultheaders.DefaultHeadersMiddleware',
 'scrapy.downloadermiddlewares.useragent.UserAgentMiddleware',
 'scrapy.downloadermiddlewares.retry.RetryMiddleware',
 'scrapy.downloadermiddlewares.redirect.MetaRefreshMiddleware',
 'scrapy.downloadermiddlewares.httpcompression.HttpCompressionMiddleware',
 'scrapy.downloadermiddlewares.redirect.RedirectMiddleware',
 'scrapy.downloadermiddlewares.cookies.CookiesMiddleware',
 'scrapy.downloadermiddlewares.httpproxy.HttpProxyMiddleware',
 'scrapy.downloadermiddlewares.stats.DownloaderStats']
[ 2024-04-12 03:03:29,976 ] 78 scrapy.middleware - INFO - Enabled spider middlewares:
['scrapy.spidermiddlewares.httperror.HttpErrorMiddleware',
 'scrapy.spidermiddlewares.offsite.OffsiteMiddleware',
 'scrapy.spidermiddlewares.referer.RefererMiddleware',
 'scrapy.spidermiddlewares.urllength.UrlLengthMiddleware',
 'scrapy.spidermiddlewares.depth.DepthMiddleware']
[ 2024-04-12 03:03:29,976 ] 78 scrapy.middleware - INFO - Enabled item pipelines:
[]
[ 2024-04-12 03:03:29,976 ] 359 scrapy.core.engine - INFO - Spider opened
[ 2024-04-12 03:03:29,994 ] 54 scrapy.extensions.logstats - INFO - Crawled 0 pages (at 0 pages/min), scraped 0 items (at 0 items/min)
[ 2024-04-12 03:03:29,994 ] 70 scrapy.extensions.telnet - INFO - Telnet console listening on 127.0.0.1:6023
[ 2024-04-12 03:03:30,119 ] 331 scrapy.core.engine - DEBUG - Crawled (403) <GET https://www.kijiji.ca/robots.txt> (referer: None)
[ 2024-04-12 03:03:30,135 ] 403 protego - DEBUG - Rule at line 1 without any user agent to enforce it on.
[ 2024-04-12 03:03:30,135 ] 403 protego - DEBUG - Rule at line 7 without any user agent to enforce it on.
[ 2024-04-12 03:03:58,880 ] 331 scrapy.core.engine - DEBUG - Crawled (200) <GET https://www.kijiji.ca/b-apartments-condos/city-of-halifax/apartment/k0c37l1700321?sort=dateDesc&radius=50.0&ad=offer&address=Halifax+Regional+Municipality%2C+NS&ll=44.6475811%2C-63.5727683> (referer: None)
[ 2024-04-12 03:03:59,025 ] 29 root - INFO - Current URL : https://www.kijiji.ca/b-apartments-condos/city-of-halifax/apartment/k0c37l1700321?sort=dateDesc&radius=50.0&ad=offer&address=Halifax+Regional+Municipality%2C+NS&ll=44.6475811%2C-63.5727683
[ 2024-04-12 03:04:15,389 ] 331 scrapy.core.engine - DEBUG - Crawled (200) <GET https://www.kijiji.ca/v-apartments-condos/city-of-halifax/wanted:-roommate-in-2bd1ba-apt/1690650444> (referer: https://www.kijiji.ca/b-apartments-condos/city-of-halifax/apartment/k0c37l1700321?sort=dateDesc&radius=50.0&ad=offer&address=Halifax+Regional+Municipality%2C+NS&ll=44.6475811%2C-63.5727683)
[ 2024-04-12 03:04:15,526 ] 389 scrapy.core.scraper - DEBUG - Scraped from <200 https://www.kijiji.ca/v-apartments-condos/city-of-halifax/wanted:-roommate-in-2bd1ba-apt/1690650444>
{'Title': 'WANTED: Roommate in 2bd1ba Apt', 'Rent': '702', 'Address': '2309 Brunswick St, Halifax, NS B3K 2Z1', 'Date Posted': '2024-04-12T03:07:53.000Z', 'How Long Ago': 'about 3 hours ago', 'Unit Type': 'Apartment', 'Bedrooms': '2', 'Bathrooms': '1', 'Utilities': [], 'Wifi and More': 'Not Included', 'Parking': '0', 'Agreement': 'Month-to-month', 'Pet Friendly': 'Limited', 'Size': '1', 'Furnished': 'No', 'Appliances': [], 'Air Conditioning': 'No', 'Personal Space': [], 'Smoking': 'Outdoors only', 'Amenities': [], 'Seller': 'Owner', 'Seller Name': None, 'Description': ["Howdy! We are looking for a new roommate for our apartment, our roommate is leaving and we need a new person to take over the room. Ideally we are looking for a longterm roommate to rent, but we are open to short term.\nAside from our roommate, I live here with my fiancé, I'm a cisgender gay man, he is a transgender bisexual man. We are both 24.\nInternet: $30\nPower Bill: Varies, every second month\nRent: $702\nEverything else is included for bills except laundry machine fees, which are located on a different floor of our building.\nThe new roommate will need to supply their own bedroom furniture as our current roommate is taking his when he leaves. Rest of the apt is furnished.\nWe have two cats, named Chester and Delilah, but no additional pets are allowed.\nWe like to smoke weed, but don't use nicotine or cigarettes, dont really drink, and usually just chill at home. We sometimes smoke weed in our bedroom when it's cold or very windy out, but we seal the room and cover the smell so it doesn't get to the rest of the apt.\nParking is extra."], 'Latitude': '44.65514', 'Longitude': '-63.58403', 'extraction_date': '2024-04-12'}
[ 2024-04-12 03:04:30,010 ] 54 scrapy.extensions.logstats - INFO - Crawled 3 pages (at 3 pages/min), scraped 1 items (at 1 items/min)
[ 2024-04-12 03:04:35,532 ] 331 scrapy.core.engine - DEBUG - Crawled (200) <GET https://www.kijiji.ca/v-apartments-condos/city-of-halifax/2-bedrooms-1129-sqf-town-house-apartment-for-rent-211-221-gl/1682150403> (referer: https://www.kijiji.ca/b-apartments-condos/city-of-halifax/apartment/k0c37l1700321?sort=dateDesc&radius=50.0&ad=offer&address=Halifax+Regional+Municipality%2C+NS&ll=44.6475811%2C-63.5727683)
[ 2024-04-12 03:04:35,651 ] 389 scrapy.core.scraper - DEBUG - Scraped from <200 https://www.kijiji.ca/v-apartments-condos/city-of-halifax/2-bedrooms-1129-sqf-town-house-apartment-for-rent-211-221-gl/1682150403>
{'Title': '2 Bedrooms -1129 SQF Town House Apartment for Rent - 211, 221 Gl', 'Rent': '2499', 'Address': '221 Glenforest Drive, Halifax, NS, B3M 1J3', 'Date Posted': '2024-04-12T02:22:45.000Z', 'How Long Ago': 'about 4 hours ago', 'Unit Type': 'Apartment', 'Bedrooms': '2', 'Bathrooms': '1', 'Utilities': [], 'Wifi and More': 'Not Included', 'Parking': '0', 'Agreement': '1 Year', 'Pet Friendly': 'Yes', 'Size': '1,129', 'Furnished': 'No', 'Appliances': ['Laundry (In Unit)', 'Dishwasher', 'Fridge / Freezer'], 'Air Conditioning': 'No', 'Personal Space': ['Yard'], 'Smoking': 'No', 'Amenities': [], 'Seller': 'Professional', 'Seller Name': 'www.metcap.com', 'Description': [], 'Latitude': '44.65689', 'Longitude': '-63.64872', 'extraction_date': '2024-04-12'}
[ 2024-04-12 03:04:56,408 ] 331 scrapy.core.engine - DEBUG - Crawled (200) <GET https://www.kijiji.ca/v-apartments-condos/dartmouth/dartmouth-1-bedroom-apartment-for-rent-36-60-65-primrose-str/1670564483> (referer: https://www.kijiji.ca/b-apartments-condos/city-of-halifax/apartment/k0c37l1700321?sort=dateDesc&radius=50.0&ad=offer&address=Halifax+Regional+Municipality%2C+NS&ll=44.6475811%2C-63.5727683)
[ 2024-04-12 03:04:56,525 ] 389 scrapy.core.scraper - DEBUG - Scraped from <200 https://www.kijiji.ca/v-apartments-condos/dartmouth/dartmouth-1-bedroom-apartment-for-rent-36-60-65-primrose-str/1670564483>
{'Title': 'Dartmouth 1 Bedroom Apartment for Rent - 36, 60, 65 Primrose Str', 'Rent': '1829', 'Address': '65 Primrose Street, Dartmouth, NS, B3A 4C5', 'Date Posted': '2024-04-12T02:22:46.000Z', 'How Long Ago': 'about 4 hours ago', 'Unit Type': 'Apartment', 'Bedrooms': '1', 'Bathrooms': '1', 'Utilities': ['Heat', 'Water'], 'Wifi and More': 'Not Included', 'Parking': '0', 'Agreement': '1 Year', 'Pet Friendly': 'Yes', 'Size': '673', 'Furnished': 'No', 'Appliances': ['Laundry (In Building)', 'Dishwasher', 'Fridge / Freezer'], 'Air Conditioning': 'No', 'Personal Space': [], 'Smoking': 'No', 'Amenities': [], 'Seller': 'Professional', 'Seller Name': 'www.metcap.com', 'Description': ['View our units by clicking the virtual tour link, schedule a video tour or make an appointment for in person viewing.'], 'Latitude': '44.68524', 'Longitude': '-63.58192', 'extraction_date': '2024-04-12'}
[ 2024-04-12 03:05:13,761 ] 331 scrapy.core.engine - DEBUG - Crawled (200) <GET https://www.kijiji.ca/v-apartments-condos/dartmouth/dartmouth-bachelor-apartment-for-rent-15-25-35-leaman-drive/1687346015> (referer: https://www.kijiji.ca/b-apartments-condos/city-of-halifax/apartment/k0c37l1700321?sort=dateDesc&radius=50.0&ad=offer&address=Halifax+Regional+Municipality%2C+NS&ll=44.6475811%2C-63.5727683)
[ 2024-04-12 03:05:13,889 ] 389 scrapy.core.scraper - DEBUG - Scraped from <200 https://www.kijiji.ca/v-apartments-condos/dartmouth/dartmouth-bachelor-apartment-for-rent-15-25-35-leaman-drive/1687346015>
{'Title': 'Dartmouth Bachelor Apartment for Rent - 15, 25, 35 Leaman Drive', 'Rent': '1649', 'Address': '35 Leaman Drive, Dartmouth, NS, B3A 2K6', 'Date Posted': '2024-04-12T02:22:46.000Z', 'How Long Ago': 'about 4 hours ago', 'Unit Type': 'Apartment', 'Bedrooms': 'Bachelor/Studio', 'Bathrooms': '1', 'Utilities': ['Heat', 'Water'], 'Wifi and More': 'Not Included', 'Parking': '0', 'Agreement': '1 Year', 'Pet Friendly': 'Yes', 'Size': '431', 'Furnished': 'No', 'Appliances': ['Laundry (In Building)', 'Dishwasher', 'Fridge / Freezer'], 'Air Conditioning': 'No', 'Personal Space': [], 'Smoking': 'No', 'Amenities': ['Pool', 'Elevator in Building'], 'Seller': 'Professional', 'Seller Name': 'www.metcap.com', 'Description': ['View our units by clicking the virtual tour link, schedule a video tour or make an appointment for in person viewing.'], 'Latitude': '44.68643', 'Longitude': '-63.58052', 'extraction_date': '2024-04-12'}
[ 2024-04-12 03:05:25,624 ] 331 scrapy.core.engine - DEBUG - Crawled (200) <GET https://www.kijiji.ca/v-apartments-condos/dartmouth/dartmouth-bachelor-apartment-for-rent-1-6-7-10-crystal-driv/1684534123> (referer: https://www.kijiji.ca/b-apartments-condos/city-of-halifax/apartment/k0c37l1700321?sort=dateDesc&radius=50.0&ad=offer&address=Halifax+Regional+Municipality%2C+NS&ll=44.6475811%2C-63.5727683)
[ 2024-04-12 03:05:25,744 ] 389 scrapy.core.scraper - DEBUG - Scraped from <200 https://www.kijiji.ca/v-apartments-condos/dartmouth/dartmouth-bachelor-apartment-for-rent-1-6-7-10-crystal-driv/1684534123>
{'Title': 'Dartmouth Bachelor Apartment for Rent - 1, 6, 7, 10 Crystal Driv', 'Rent': '1599', 'Address': '10 Crystal Drive, Dartmouth, NS, B3A 4G6', 'Date Posted': '2024-04-12T02:22:47.000Z', 'How Long Ago': 'about 4 hours ago', 'Unit Type': 'Apartment', 'Bedrooms': 'Bachelor/Studio', 'Bathrooms': '1', 'Utilities': ['Heat', 'Water'], 'Wifi and More': 'Not Included', 'Parking': '0', 'Agreement': '1 Year', 'Pet Friendly': 'Yes', 'Size': '494', 'Furnished': 'No', 'Appliances': ['Laundry (In Building)', 'Fridge / Freezer'], 'Air Conditioning': 'No', 'Personal Space': [], 'Smoking': 'No', 'Amenities': [], 'Seller': 'Professional', 'Seller Name': 'www.metcap.com', 'Description': [], 'Latitude': '44.68558', 'Longitude': '-63.58379', 'extraction_date': '2024-04-12'}
[ 2024-04-12 03:05:29,998 ] 54 scrapy.extensions.logstats - INFO - Crawled 7 pages (at 4 pages/min), scraped 5 items (at 4 items/min)
[ 2024-04-12 03:05:46,186 ] 331 scrapy.core.engine - DEBUG - Crawled (200) <GET https://www.kijiji.ca/v-apartments-condos/dartmouth/dartmouth-bachelor-apartment-for-rent-36-60-65-primrose-stre/1680021740> (referer: https://www.kijiji.ca/b-apartments-condos/city-of-halifax/apartment/k0c37l1700321?sort=dateDesc&radius=50.0&ad=offer&address=Halifax+Regional+Municipality%2C+NS&ll=44.6475811%2C-63.5727683)
[ 2024-04-12 03:05:46,313 ] 389 scrapy.core.scraper - DEBUG - Scraped from <200 https://www.kijiji.ca/v-apartments-condos/dartmouth/dartmouth-bachelor-apartment-for-rent-36-60-65-primrose-stre/1680021740>
{'Title': 'Dartmouth Bachelor Apartment for Rent - 36, 60, 65 Primrose Stre', 'Rent': '1699', 'Address': '65 Primrose Street, Dartmouth, NS, B3A 4C5', 'Date Posted': '2024-04-12T02:22:47.000Z', 'How Long Ago': 'about 4 hours ago', 'Unit Type': 'Apartment', 'Bedrooms': 'Bachelor/Studio', 'Bathrooms': '1', 'Utilities': ['Heat', 'Water'], 'Wifi and More': 'Not Included', 'Parking': '0', 'Agreement': '1 Year', 'Pet Friendly': 'Yes', 'Size': '538', 'Furnished': 'No', 'Appliances': ['Laundry (In Building)', 'Dishwasher', 'Fridge / Freezer'], 'Air Conditioning': 'No', 'Personal Space': [], 'Smoking': 'No', 'Amenities': [], 'Seller': 'Professional', 'Seller Name': 'www.metcap.com', 'Description': ['View our units by clicking the virtual tour link, schedule a video tour or make an appointment for in person viewing.'], 'Latitude': '44.68524', 'Longitude': '-63.58192', 'extraction_date': '2024-04-12'}
[ 2024-04-12 03:06:07,630 ] 331 scrapy.core.engine - DEBUG - Crawled (200) <GET https://www.kijiji.ca/v-apartments-condos/city-of-halifax/2-bedrooms-apartment-for-rent-9-54-paige-plaza/1680021792> (referer: https://www.kijiji.ca/b-apartments-condos/city-of-halifax/apartment/k0c37l1700321?sort=dateDesc&radius=50.0&ad=offer&address=Halifax+Regional+Municipality%2C+NS&ll=44.6475811%2C-63.5727683)
[ 2024-04-12 03:06:07,758 ] 389 scrapy.core.scraper - DEBUG - Scraped from <200 https://www.kijiji.ca/v-apartments-condos/city-of-halifax/2-bedrooms-apartment-for-rent-9-54-paige-plaza/1680021792>
{'Title': '2 Bedrooms Apartment for Rent - 9 - 54 Paige Plaza', 'Rent': '2095', 'Address': '54 Paige Plaza, Lower Sackville, NS, B4E 0J6', 'Date Posted': '2024-04-12T02:22:47.000Z', 'How Long Ago': 'about 4 hours ago', 'Unit Type': 'Apartment', 'Bedrooms': '2', 'Bathrooms': '1', 'Utilities': [], 'Wifi and More': 'Not Included', 'Parking': '0', 'Agreement': '1 Year', 'Pet Friendly': 'Yes', 'Size': '861', 'Furnished': 'No', 'Appliances': [], 'Air Conditioning': 'No', 'Personal Space': [], 'Smoking': 'No', 'Amenities': ['Storage Space'], 'Seller': 'Professional', 'Seller Name': 'www.metcap.com', 'Description': ['View our units by clicking the virtual tour link, schedule a video tour or make an appointment for in person viewing.'], 'Latitude': '44.77075', 'Longitude': '-63.69642', 'extraction_date': '2024-04-12'}
[ 2024-04-12 03:06:30,008 ] 54 scrapy.extensions.logstats - INFO - Crawled 9 pages (at 2 pages/min), scraped 7 items (at 2 items/min)
[ 2024-04-12 03:06:32,516 ] 331 scrapy.core.engine - DEBUG - Crawled (200) <GET https://www.kijiji.ca/b-apartments-condos/city-of-halifax/apartment/page-2/k0c37l1700321?ad=offer&address=Halifax%20Regional%20Municipality%2C%20NS&ll=44.6475811%2C-63.5727683&radius=50.0&sort=dateDesc> (referer: https://www.kijiji.ca/b-apartments-condos/city-of-halifax/apartment/k0c37l1700321?sort=dateDesc&radius=50.0&ad=offer&address=Halifax+Regional+Municipality%2C+NS&ll=44.6475811%2C-63.5727683)
[ 2024-04-12 03:06:32,651 ] 29 root - INFO - Current URL : https://www.kijiji.ca/b-apartments-condos/city-of-halifax/apartment/page-2/k0c37l1700321?ad=offer&address=Halifax%20Regional%20Municipality%2C%20NS&ll=44.6475811%2C-63.5727683&radius=50.0&sort=dateDesc
[ 2024-04-12 03:06:49,144 ] 331 scrapy.core.engine - DEBUG - Crawled (200) <GET https://www.kijiji.ca/v-apartments-condos/city-of-halifax/1-and-2-bedrooms-available-june-1st-downtown-halifax/1690614721> (referer: https://www.kijiji.ca/b-apartments-condos/city-of-halifax/apartment/k0c37l1700321?sort=dateDesc&radius=50.0&ad=offer&address=Halifax+Regional+Municipality%2C+NS&ll=44.6475811%2C-63.5727683)
[ 2024-04-12 03:06:49,244 ] 389 scrapy.core.scraper - DEBUG - Scraped from <200 https://www.kijiji.ca/v-apartments-condos/city-of-halifax/1-and-2-bedrooms-available-june-1st-downtown-halifax/1690614721>
{'Title': '1 AND 2 BEDROOMS AVAILABLE JUNE 1ST! DOWNTOWN HALIFAX!!', 'Rent': '2125', 'Address': 'Queen Street, Halifax, NS', 'Date Posted': '2024-04-11T18:45:24.000Z', 'How Long Ago': 'about 11 hours ago', 'Unit Type': 'Apartment', 'Bedrooms': '1', 'Bathrooms': '1', 'Utilities': ['Heat', 'Water'], 'Wifi and More': 'Not Included', 'Parking': '0', 'Agreement': '1 Year', 'Pet Friendly': 'No', 'Size': '600', 'Furnished': 'No', 'Appliances': ['Laundry (In Unit)', 'Dishwasher', 'Fridge / Freezer'], 'Air Conditioning': 'Yes', 'Personal Space': ['Balcony'], 'Smoking': 'No', 'Amenities': ['Gym', 'Bicycle Parking', 'Storage Space', 'Elevator in Building'], 'Seller': 'Owner', 'Seller Name': None, 'Description': ['Discover the charm of The Mills.', 'Nestled in the heart of Halifax’s downtown core, The Mills offers the added advantage of award-winning restaurants, fabulous boutique shops, amazing nightlife and culture all at your front doorstep. The nearby parks, festivals, markets and historical sites are just a short stroll away. Experience downtown Halifax at its finest. Also located in close proximity to all neighborhood amenities, including grocery stores and medical centers. Not to mention conveniently located minutes from Hospitals and Universities while sitting on the public transit line.', 'Our luxuriously designed suites feature oversized windows flooding the space with natural light, creating a bright and vibrant atmosphere. This 1-bedroom 1 bath boasts spacious, open concept living complimented by high quality finishes.', 'Amenities include:\nStunning Rooftop Terrace\nFitness Center\nSocial Room\nGuest Suites\n4 Stainless Steel Appliances\nIn-Suite Laundry\nHourly Visitor Parking\nKeyless Entry\nNo smoking\nOn-Site Staff\nStorage Lockers\nUnderground Parking\nVideo Surveillance', 'Don’t miss out!!! CONTACT OUR LEASING DEPARTMENT TODAY.', '902-446-1470\ninfo@themillshfx.ca'], 'Latitude': '44.64267', 'Longitude': '-63.57595', 'extraction_date': '2024-04-12'}
[ 2024-04-12 03:06:51,902 ] 367 scrapy.crawler - INFO - Received SIGINT, shutting down gracefully. Send again to force 
[ 2024-04-12 03:06:51,902 ] 411 scrapy.core.engine - INFO - Closing spider (shutdown)
[ 2024-04-12 03:06:54,999 ] 378 scrapy.crawler - INFO - Received SIGINT twice, forcing unclean shutdown
