[ 2024-02-29 00:03:00,202 ] 169 scrapy.utils.log - INFO - Scrapy 2.11.1 started (bot: housing_webscraping)
[ 2024-02-29 00:03:00,212 ] 178 scrapy.utils.log - INFO - Versions: lxml 5.1.0.0, libxml2 2.12.3, cssselect 1.2.0, parsel 1.8.1, w3lib 2.1.2, Twisted 23.10.0, Python 3.11.7 (main, Dec 15 2023, 12:09:56) [Clang 14.0.6 ], pyOpenSSL 24.0.0 (OpenSSL 3.2.1 30 Jan 2024), cryptography 42.0.3, Platform macOS-13.5.2-arm64-arm-64bit
[ 2024-02-29 00:03:00,213 ] 47 scrapy.addons - INFO - Enabled addons:
[]
[ 2024-02-29 00:03:00,213 ] 54 asyncio - DEBUG - Using selector: KqueueSelector
[ 2024-02-29 00:03:00,214 ] 184 scrapy.utils.log - DEBUG - Using reactor: twisted.internet.asyncioreactor.AsyncioSelectorReactor
[ 2024-02-29 00:03:00,214 ] 188 scrapy.utils.log - DEBUG - Using asyncio event loop: asyncio.unix_events._UnixSelectorEventLoop
[ 2024-02-29 00:03:00,222 ] 58 scrapy.extensions.telnet - INFO - Telnet Password: bc3148d449f57817
[ 2024-02-29 00:03:00,246 ] 78 scrapy.middleware - INFO - Enabled extensions:
['scrapy.extensions.corestats.CoreStats',
 'scrapy.extensions.telnet.TelnetConsole',
 'scrapy.extensions.memusage.MemoryUsage',
 'scrapy.extensions.logstats.LogStats']
[ 2024-02-29 00:03:00,246 ] 138 scrapy.crawler - INFO - Overridden settings:
{'BOT_NAME': 'housing_webscraping',
 'DOWNLOAD_DELAY': 10,
 'FEED_EXPORT_ENCODING': 'utf-8',
 'NEWSPIDER_MODULE': 'housing_webscraping.spiders',
 'REQUEST_FINGERPRINTER_IMPLEMENTATION': '2.7',
 'ROBOTSTXT_OBEY': True,
 'SPIDER_MODULES': ['housing_webscraping.spiders'],
 'TWISTED_REACTOR': 'twisted.internet.asyncioreactor.AsyncioSelectorReactor'}
[ 2024-02-29 00:03:00,292 ] 78 scrapy.middleware - INFO - Enabled downloader middlewares:
['scrapy.downloadermiddlewares.robotstxt.RobotsTxtMiddleware',
 'scrapy.downloadermiddlewares.httpauth.HttpAuthMiddleware',
 'scrapy.downloadermiddlewares.downloadtimeout.DownloadTimeoutMiddleware',
 'scrapy.downloadermiddlewares.defaultheaders.DefaultHeadersMiddleware',
 'scrapy.downloadermiddlewares.useragent.UserAgentMiddleware',
 'scrapy.downloadermiddlewares.retry.RetryMiddleware',
 'scrapy.downloadermiddlewares.redirect.MetaRefreshMiddleware',
 'scrapy.downloadermiddlewares.httpcompression.HttpCompressionMiddleware',
 'scrapy.downloadermiddlewares.redirect.RedirectMiddleware',
 'scrapy.downloadermiddlewares.cookies.CookiesMiddleware',
 'scrapy.downloadermiddlewares.httpproxy.HttpProxyMiddleware',
 'scrapy.downloadermiddlewares.stats.DownloaderStats']
[ 2024-02-29 00:03:00,294 ] 78 scrapy.middleware - INFO - Enabled spider middlewares:
['scrapy.spidermiddlewares.httperror.HttpErrorMiddleware',
 'scrapy.spidermiddlewares.offsite.OffsiteMiddleware',
 'scrapy.spidermiddlewares.referer.RefererMiddleware',
 'scrapy.spidermiddlewares.urllength.UrlLengthMiddleware',
 'scrapy.spidermiddlewares.depth.DepthMiddleware']
[ 2024-02-29 00:03:00,297 ] 78 scrapy.middleware - INFO - Enabled item pipelines:
['housing_webscraping.pipelines.SQLitePipeline']
[ 2024-02-29 00:03:00,297 ] 359 scrapy.core.engine - INFO - Spider opened
[ 2024-02-29 00:03:00,299 ] 46 root - INFO - SQLite DB Connection Created and Table Created
[ 2024-02-29 00:03:00,300 ] 54 scrapy.extensions.logstats - INFO - Crawled 0 pages (at 0 pages/min), scraped 0 items (at 0 items/min)
[ 2024-02-29 00:03:00,301 ] 70 scrapy.extensions.telnet - INFO - Telnet console listening on 127.0.0.1:6037
[ 2024-02-29 00:03:00,467 ] 331 scrapy.core.engine - DEBUG - Crawled (403) <GET https://www.kijiji.ca/robots.txt> (referer: None)
[ 2024-02-29 00:03:00,468 ] 403 protego - DEBUG - Rule at line 1 without any user agent to enforce it on.
[ 2024-02-29 00:03:00,468 ] 403 protego - DEBUG - Rule at line 7 without any user agent to enforce it on.
[ 2024-02-29 00:03:13,232 ] 331 scrapy.core.engine - DEBUG - Crawled (200) <GET https://www.kijiji.ca/b-apartments-condos/city-of-halifax/apartment/k0c37l1700321?sort=dateDesc&radius=50.0&ad=offer&address=Halifax+Regional+Municipality%2C+NS&ll=44.6475811%2C-63.5727683> (referer: None)
[ 2024-02-29 00:03:13,355 ] 26 root - INFO - Current URL : https://www.kijiji.ca/b-apartments-condos/city-of-halifax/apartment/k0c37l1700321?sort=dateDesc&radius=50.0&ad=offer&address=Halifax+Regional+Municipality%2C+NS&ll=44.6475811%2C-63.5727683
[ 2024-02-29 00:03:23,798 ] 331 scrapy.core.engine - DEBUG - Crawled (200) <GET https://www.kijiji.ca/v-apartments-condos/city-of-halifax/open-house-saturday-10-4-2-bedroom-downtown-halifax/1683700599> (referer: https://www.kijiji.ca/b-apartments-condos/city-of-halifax/apartment/k0c37l1700321?sort=dateDesc&radius=50.0&ad=offer&address=Halifax+Regional+Municipality%2C+NS&ll=44.6475811%2C-63.5727683)
[ 2024-02-29 00:03:23,921 ] 93 root - INFO - Data added to DB
[ 2024-02-29 00:03:23,921 ] 389 scrapy.core.scraper - DEBUG - Scraped from <200 https://www.kijiji.ca/v-apartments-condos/city-of-halifax/open-house-saturday-10-4-2-bedroom-downtown-halifax/1683700599>
{'Title': 'OPEN HOUSE SATURDAY 10-4 -  2 BEDROOM DOWNTOWN HALIFAX', 'Rent': '3150', 'Address': '1545 / 1551 South Park Street, Halifax, NS, B3J 4B3', 'Date Posted': '2024-02-29T02:01:44.000Z', 'How Long Ago': 'about 2 hours ago', 'Unit Type': 'Apartment', 'Bedrooms': '2', 'Bathrooms': '2', 'Utilities': ['Water'], 'Wifi and More': 'Not Included', 'Parking': '0', 'Agreement': '1 Year', 'Pet Friendly': 'Limited', 'Size': 'Not Available', 'Furnished': 'No', 'Appliances': ['Laundry (In Unit)', 'Dishwasher', 'Fridge / Freezer'], 'Air Conditioning': 'No', 'Personal Space': [], 'Smoking': 'Yes', 'Ameneties': ['Gym', 'Concierge', '24 Hour Security'], 'Seller': 'Professional', 'Seller Name': 'paramount-universalgroup.securecafe.com'}
[ 2024-02-29 00:03:36,311 ] 331 scrapy.core.engine - DEBUG - Crawled (200) <GET https://www.kijiji.ca/v-apartments-condos/dartmouth/1-bedroom-apartment-for-rent-7-jackson-road/1676255377> (referer: https://www.kijiji.ca/b-apartments-condos/city-of-halifax/apartment/k0c37l1700321?sort=dateDesc&radius=50.0&ad=offer&address=Halifax+Regional+Municipality%2C+NS&ll=44.6475811%2C-63.5727683)
[ 2024-02-29 00:03:36,428 ] 93 root - INFO - Data added to DB
[ 2024-02-29 00:03:36,428 ] 389 scrapy.core.scraper - DEBUG - Scraped from <200 https://www.kijiji.ca/v-apartments-condos/dartmouth/1-bedroom-apartment-for-rent-7-jackson-road/1676255377>
{'Title': '1 Bedroom Apartment for Rent - 7 Jackson Road', 'Rent': '1499', 'Address': '7 Jackson Road, Dartmouth, NS, B3A 4A4', 'Date Posted': '2024-02-29T00:08:38.000Z', 'How Long Ago': 'about 4 hours ago', 'Unit Type': 'Apartment', 'Bedrooms': '1', 'Bathrooms': '1', 'Utilities': [], 'Wifi and More': 'Not Included', 'Parking': '0', 'Agreement': '1 Year', 'Pet Friendly': 'Yes', 'Size': '650', 'Furnished': 'No', 'Appliances': ['Laundry (In Building)', 'Fridge / Freezer'], 'Air Conditioning': 'No', 'Personal Space': [], 'Smoking': 'No', 'Ameneties': ['Storage Space'], 'Seller': 'Professional', 'Seller Name': 'www.metcap.com'}
[ 2024-02-29 00:03:47,150 ] 331 scrapy.core.engine - DEBUG - Crawled (200) <GET https://www.kijiji.ca/v-apartments-condos/bedford/76-place-apartments-2-bdrm-den-available-at-76-armenia-drive/1678984999> (referer: https://www.kijiji.ca/b-apartments-condos/city-of-halifax/apartment/k0c37l1700321?sort=dateDesc&radius=50.0&ad=offer&address=Halifax+Regional+Municipality%2C+NS&ll=44.6475811%2C-63.5727683)
[ 2024-02-29 00:03:47,277 ] 93 root - INFO - Data added to DB
[ 2024-02-29 00:03:47,278 ] 389 scrapy.core.scraper - DEBUG - Scraped from <200 https://www.kijiji.ca/v-apartments-condos/bedford/76-place-apartments-2-bdrm-den-available-at-76-armenia-drive/1678984999>
{'Title': '76 Place Apartments - 2 Bdrm + Den available at 76 Armenia Drive', 'Rent': '2745', 'Address': '76 Armenia Drive, Bedford, NS, B4A 0J9', 'Date Posted': '2024-02-29T00:08:39.000Z', 'How Long Ago': 'about 4 hours ago', 'Unit Type': 'Apartment', 'Bedrooms': '2 + Den', 'Bathrooms': '1', 'Utilities': ['Heat', 'Water'], 'Wifi and More': 'Not Included', 'Parking': '0', 'Agreement': 'Month-to-month', 'Pet Friendly': 'Yes', 'Size': '1,459', 'Furnished': 'Yes', 'Appliances': ['Laundry (In Unit)', 'Dishwasher', 'Fridge / Freezer'], 'Air Conditioning': 'Yes', 'Personal Space': ['Balcony'], 'Smoking': 'No', 'Ameneties': ['Gym', 'Elevator in Building'], 'Seller': 'Professional', 'Seller Name': 'www.capreit.ca'}
[ 2024-02-29 00:03:57,287 ] 331 scrapy.core.engine - DEBUG - Crawled (200) <GET https://www.kijiji.ca/v-apartments-condos/bedford/the-madison-2-bdrm-den-available-at-24-farringdon-way-bedfo/1676255473> (referer: https://www.kijiji.ca/b-apartments-condos/city-of-halifax/apartment/k0c37l1700321?sort=dateDesc&radius=50.0&ad=offer&address=Halifax+Regional+Municipality%2C+NS&ll=44.6475811%2C-63.5727683)
[ 2024-02-29 00:03:57,411 ] 93 root - INFO - Data added to DB
[ 2024-02-29 00:03:57,411 ] 389 scrapy.core.scraper - DEBUG - Scraped from <200 https://www.kijiji.ca/v-apartments-condos/bedford/the-madison-2-bdrm-den-available-at-24-farringdon-way-bedfo/1676255473>
{'Title': 'The Madison - 2 Bdrm + Den available at 24 Farringdon Way, Bedfo', 'Rent': '2675', 'Address': '24 Farringdon Way, Bedford, NS, B4B 1K8', 'Date Posted': '2024-02-29T00:08:40.000Z', 'How Long Ago': 'about 4 hours ago', 'Unit Type': 'Apartment', 'Bedrooms': '2 + Den', 'Bathrooms': '1', 'Utilities': ['Heat', 'Water'], 'Wifi and More': 'Not Included', 'Parking': '0', 'Agreement': 'Month-to-month', 'Pet Friendly': 'Yes', 'Size': '1,555', 'Furnished': 'No', 'Appliances': ['Laundry (In Unit)', 'Dishwasher', 'Fridge / Freezer'], 'Air Conditioning': 'Yes', 'Personal Space': ['Balcony'], 'Smoking': 'No', 'Ameneties': ['Gym', 'Elevator in Building'], 'Seller': 'Professional', 'Seller Name': 'www.capreit.ca'}
[ 2024-02-29 00:04:00,301 ] 54 scrapy.extensions.logstats - INFO - Crawled 6 pages (at 6 pages/min), scraped 4 items (at 4 items/min)
[ 2024-02-29 00:04:07,373 ] 331 scrapy.core.engine - DEBUG - Crawled (200) <GET https://www.kijiji.ca/v-apartments-condos/city-of-halifax/halifax-apartments-the-plaza-3-bdrm-available-at-1881-brunsw/1678985020> (referer: https://www.kijiji.ca/b-apartments-condos/city-of-halifax/apartment/k0c37l1700321?sort=dateDesc&radius=50.0&ad=offer&address=Halifax+Regional+Municipality%2C+NS&ll=44.6475811%2C-63.5727683)
[ 2024-02-29 00:04:07,498 ] 93 root - INFO - Data added to DB
[ 2024-02-29 00:04:07,498 ] 389 scrapy.core.scraper - DEBUG - Scraped from <200 https://www.kijiji.ca/v-apartments-condos/city-of-halifax/halifax-apartments-the-plaza-3-bdrm-available-at-1881-brunsw/1678985020>
{'Title': 'Halifax Apartments – The Plaza - 3 Bdrm available at 1881 Brunsw', 'Rent': '4000', 'Address': '1881 Brunswick Street, Halifax, NS, B3J 3L8', 'Date Posted': '2024-02-29T00:08:40.000Z', 'How Long Ago': 'about 4 hours ago', 'Unit Type': 'Apartment', 'Bedrooms': '3', 'Bathrooms': '1', 'Utilities': ['Heat', 'Water'], 'Wifi and More': 'Not Included', 'Parking': '0', 'Agreement': '1 Year', 'Pet Friendly': 'Yes', 'Size': '1,687', 'Furnished': 'No', 'Appliances': ['Laundry (In Building)', 'Dishwasher', 'Fridge / Freezer'], 'Air Conditioning': 'No', 'Personal Space': ['Balcony'], 'Smoking': 'No', 'Ameneties': ['Gym', 'Pool', 'Bicycle Parking', 'Storage Space', 'Elevator in Building'], 'Seller': 'Professional', 'Seller Name': 'www.capreit.ca'}
[ 2024-02-29 00:04:17,761 ] 331 scrapy.core.engine - DEBUG - Crawled (200) <GET https://www.kijiji.ca/v-apartments-condos/city-of-halifax/cunard-apartments-1-bdrm-available-at-2065-brunswick-street-h/1678985008> (referer: https://www.kijiji.ca/b-apartments-condos/city-of-halifax/apartment/k0c37l1700321?sort=dateDesc&radius=50.0&ad=offer&address=Halifax+Regional+Municipality%2C+NS&ll=44.6475811%2C-63.5727683)
[ 2024-02-29 00:04:17,887 ] 93 root - INFO - Data added to DB
[ 2024-02-29 00:04:17,887 ] 389 scrapy.core.scraper - DEBUG - Scraped from <200 https://www.kijiji.ca/v-apartments-condos/city-of-halifax/cunard-apartments-1-bdrm-available-at-2065-brunswick-street-h/1678985008>
{'Title': 'Cunard Apartments - 1 Bdrm available at 2065 Brunswick Street, H', 'Rent': '1950', 'Address': '2065 Brunswick Street, Halifax, NS, B3K 5T8', 'Date Posted': '2024-02-29T00:08:40.000Z', 'How Long Ago': 'about 4 hours ago', 'Unit Type': 'Apartment', 'Bedrooms': '1', 'Bathrooms': '1', 'Utilities': ['Water'], 'Wifi and More': 'Not Included', 'Parking': '0', 'Agreement': 'Month-to-month', 'Pet Friendly': 'Yes', 'Size': '572', 'Furnished': 'No', 'Appliances': ['Laundry (In Unit)', 'Dishwasher', 'Fridge / Freezer'], 'Air Conditioning': 'No', 'Personal Space': ['Balcony'], 'Smoking': 'No', 'Ameneties': ['Bicycle Parking', 'Storage Space', 'Elevator in Building'], 'Seller': 'Professional', 'Seller Name': 'www.capreit.ca'}
[ 2024-02-29 00:04:28,514 ] 331 scrapy.core.engine - DEBUG - Crawled (200) <GET https://www.kijiji.ca/v-apartments-condos/city-of-halifax/bright-spacious-one-bedroom-steps-to-dal-smu-iwk-downtown/1683791561> (referer: https://www.kijiji.ca/b-apartments-condos/city-of-halifax/apartment/k0c37l1700321?sort=dateDesc&radius=50.0&ad=offer&address=Halifax+Regional+Municipality%2C+NS&ll=44.6475811%2C-63.5727683)
[ 2024-02-29 00:04:28,626 ] 93 root - INFO - Data added to DB
[ 2024-02-29 00:04:28,627 ] 389 scrapy.core.scraper - DEBUG - Scraped from <200 https://www.kijiji.ca/v-apartments-condos/city-of-halifax/bright-spacious-one-bedroom-steps-to-dal-smu-iwk-downtown/1683791561>
{'Title': 'BRIGHT & SPACIOUS ONE BEDROOM STEPS TO DAL, SMU, IWK & DOWNTOWN!', 'Rent': '1999', 'Address': '6056 South Street, Halifax, NS, B3H 1T1', 'Date Posted': '2024-02-29T00:08:47.000Z', 'How Long Ago': 'about 4 hours ago', 'Unit Type': 'Apartment', 'Bedrooms': '1', 'Bathrooms': '1', 'Utilities': ['Heat', 'Water'], 'Wifi and More': 'Not Included', 'Parking': '0', 'Agreement': '1 Year', 'Pet Friendly': 'Yes', 'Size': '550', 'Furnished': 'No', 'Appliances': ['Laundry (In Building)', 'Fridge / Freezer'], 'Air Conditioning': 'No', 'Personal Space': [], 'Smoking': 'Outdoors only', 'Ameneties': [], 'Seller': 'Professional', 'Seller Name': 'www.northpointhfx.com'}
[ 2024-02-29 00:04:42,958 ] 331 scrapy.core.engine - DEBUG - Crawled (200) <GET https://www.kijiji.ca/v-apartments-condos/city-of-halifax/two-bedroom-apartment-in-brand-new-building-steps-from-downtown/1683791585> (referer: https://www.kijiji.ca/b-apartments-condos/city-of-halifax/apartment/k0c37l1700321?sort=dateDesc&radius=50.0&ad=offer&address=Halifax+Regional+Municipality%2C+NS&ll=44.6475811%2C-63.5727683)
[ 2024-02-29 00:04:43,072 ] 93 root - INFO - Data added to DB
[ 2024-02-29 00:04:43,073 ] 389 scrapy.core.scraper - DEBUG - Scraped from <200 https://www.kijiji.ca/v-apartments-condos/city-of-halifax/two-bedroom-apartment-in-brand-new-building-steps-from-downtown/1683791585>
{'Title': 'TWO BEDROOM APARTMENT IN BRAND NEW BUILDING STEPS FROM DOWNTOWN!', 'Rent': '3099', 'Address': '5726 Inglis St, Halifax, NS, B3H 1K4', 'Date Posted': '2024-02-29T00:08:48.000Z', 'How Long Ago': 'about 4 hours ago', 'Unit Type': 'Apartment', 'Bedrooms': '2', 'Bathrooms': '2.5', 'Utilities': ['Heat', 'Water'], 'Wifi and More': 'Not Included', 'Parking': '0', 'Agreement': '1 Year', 'Pet Friendly': 'Yes', 'Size': '1,000', 'Furnished': 'No', 'Appliances': ['Laundry (In Unit)', 'Dishwasher', 'Fridge / Freezer'], 'Air Conditioning': 'Yes', 'Personal Space': [], 'Smoking': 'No', 'Ameneties': [], 'Seller': 'Professional', 'Seller Name': 'www.northpointhfx.com'}
[ 2024-02-29 00:04:54,940 ] 331 scrapy.core.engine - DEBUG - Crawled (200) <GET https://www.kijiji.ca/v-apartments-condos/city-of-halifax/large-two-bedroom-with-balcony-steps-to-downtown-dal-smu/1683791598> (referer: https://www.kijiji.ca/b-apartments-condos/city-of-halifax/apartment/k0c37l1700321?sort=dateDesc&radius=50.0&ad=offer&address=Halifax+Regional+Municipality%2C+NS&ll=44.6475811%2C-63.5727683)
[ 2024-02-29 00:04:55,051 ] 93 root - INFO - Data added to DB
[ 2024-02-29 00:04:55,051 ] 389 scrapy.core.scraper - DEBUG - Scraped from <200 https://www.kijiji.ca/v-apartments-condos/city-of-halifax/large-two-bedroom-with-balcony-steps-to-downtown-dal-smu/1683791598>
{'Title': 'LARGE TWO BEDROOM WITH BALCONY STEPS TO DOWNTOWN, DAL & SMU!!!', 'Rent': '2449', 'Address': '5713 Victoria Rd, Halifax, NS, B3H 2Y3', 'Date Posted': '2024-02-29T00:08:48.000Z', 'How Long Ago': 'about 4 hours ago', 'Unit Type': 'Apartment', 'Bedrooms': '2', 'Bathrooms': '1.5', 'Utilities': ['Heat', 'Water'], 'Wifi and More': 'Not Included', 'Parking': '0', 'Agreement': '1 Year', 'Pet Friendly': 'Yes', 'Size': '800', 'Furnished': 'No', 'Appliances': ['Laundry (In Building)', 'Fridge / Freezer'], 'Air Conditioning': 'No', 'Personal Space': ['Balcony'], 'Smoking': 'Outdoors only', 'Ameneties': ['Elevator in Building'], 'Seller': 'Professional', 'Seller Name': 'www.northpointhfx.com'}
[ 2024-02-29 00:05:00,301 ] 54 scrapy.extensions.logstats - INFO - Crawled 11 pages (at 5 pages/min), scraped 9 items (at 5 items/min)
[ 2024-02-29 00:05:09,623 ] 331 scrapy.core.engine - DEBUG - Crawled (200) <GET https://www.kijiji.ca/v-apartments-condos/city-of-halifax/brand-new-two-bedroom-steps-from-point-pleasant-park/1683791596> (referer: https://www.kijiji.ca/b-apartments-condos/city-of-halifax/apartment/k0c37l1700321?sort=dateDesc&radius=50.0&ad=offer&address=Halifax+Regional+Municipality%2C+NS&ll=44.6475811%2C-63.5727683)
[ 2024-02-29 00:05:09,745 ] 93 root - INFO - Data added to DB
[ 2024-02-29 00:05:09,745 ] 389 scrapy.core.scraper - DEBUG - Scraped from <200 https://www.kijiji.ca/v-apartments-condos/city-of-halifax/brand-new-two-bedroom-steps-from-point-pleasant-park/1683791596>
{'Title': 'BRAND NEW TWO BEDROOM STEPS FROM POINT PLEASANT PARK!!!', 'Rent': '2999', 'Address': '1027 South Park Street, Halifax, NS, B3H 2W2', 'Date Posted': '2024-02-29T00:08:48.000Z', 'How Long Ago': 'about 4 hours ago', 'Unit Type': 'Apartment', 'Bedrooms': '2', 'Bathrooms': '2', 'Utilities': ['Water'], 'Wifi and More': 'Not Included', 'Parking': '0', 'Agreement': '1 Year', 'Pet Friendly': 'Yes', 'Size': '1,000', 'Furnished': 'No', 'Appliances': ['Laundry (In Unit)', 'Dishwasher', 'Fridge / Freezer'], 'Air Conditioning': 'Yes', 'Personal Space': [], 'Smoking': 'No', 'Ameneties': [], 'Seller': 'Professional', 'Seller Name': 'www.northpointhfx.com'}
[ 2024-02-29 00:05:21,867 ] 331 scrapy.core.engine - DEBUG - Crawled (200) <GET https://www.kijiji.ca/v-apartments-condos/city-of-halifax/large-two-bedroom-steps-to-dal-smu-hospitals-downtown/1683791583> (referer: https://www.kijiji.ca/b-apartments-condos/city-of-halifax/apartment/k0c37l1700321?sort=dateDesc&radius=50.0&ad=offer&address=Halifax+Regional+Municipality%2C+NS&ll=44.6475811%2C-63.5727683)
[ 2024-02-29 00:05:21,984 ] 93 root - INFO - Data added to DB
[ 2024-02-29 00:05:21,985 ] 389 scrapy.core.scraper - DEBUG - Scraped from <200 https://www.kijiji.ca/v-apartments-condos/city-of-halifax/large-two-bedroom-steps-to-dal-smu-hospitals-downtown/1683791583>
{'Title': 'LARGE TWO BEDROOM STEPS TO DAL, SMU, HOSPITALS & DOWNTOWN!!!', 'Rent': '2599', 'Address': '6056 South Street, Halifax, NS, B3H 1T1', 'Date Posted': '2024-02-29T00:08:48.000Z', 'How Long Ago': 'about 4 hours ago', 'Unit Type': 'Apartment', 'Bedrooms': '2', 'Bathrooms': '1', 'Utilities': ['Heat', 'Water'], 'Wifi and More': 'Not Included', 'Parking': '0', 'Agreement': '1 Year', 'Pet Friendly': 'Yes', 'Size': '900', 'Furnished': 'No', 'Appliances': ['Laundry (In Building)', 'Fridge / Freezer'], 'Air Conditioning': 'No', 'Personal Space': [], 'Smoking': 'Outdoors only', 'Ameneties': [], 'Seller': 'Professional', 'Seller Name': 'www.northpointhfx.com'}
[ 2024-02-29 00:05:32,004 ] 331 scrapy.core.engine - DEBUG - Crawled (200) <GET https://www.kijiji.ca/v-apartments-condos/city-of-halifax/large-bright-one-bedroom-steps-to-smu-downtown-may-1st/1683791586> (referer: https://www.kijiji.ca/b-apartments-condos/city-of-halifax/apartment/k0c37l1700321?sort=dateDesc&radius=50.0&ad=offer&address=Halifax+Regional+Municipality%2C+NS&ll=44.6475811%2C-63.5727683)
[ 2024-02-29 00:05:32,121 ] 93 root - INFO - Data added to DB
[ 2024-02-29 00:05:32,122 ] 389 scrapy.core.scraper - DEBUG - Scraped from <200 https://www.kijiji.ca/v-apartments-condos/city-of-halifax/large-bright-one-bedroom-steps-to-smu-downtown-may-1st/1683791586>
{'Title': 'LARGE & BRIGHT ONE BEDROOM STEPS TO SMU & DOWNTOWN  MAY 1ST!', 'Rent': '1949', 'Address': '5670 Inglis Street, Halifax, NS, B3H 1K3', 'Date Posted': '2024-02-29T00:08:48.000Z', 'How Long Ago': 'about 4 hours ago', 'Unit Type': 'Apartment', 'Bedrooms': '1', 'Bathrooms': '1', 'Utilities': ['Heat', 'Water'], 'Wifi and More': 'Not Included', 'Parking': '0', 'Agreement': '1 Year', 'Pet Friendly': 'Yes', 'Size': '600', 'Furnished': 'No', 'Appliances': ['Laundry (In Building)', 'Fridge / Freezer'], 'Air Conditioning': 'No', 'Personal Space': [], 'Smoking': 'Outdoors only', 'Ameneties': [], 'Seller': 'Professional', 'Seller Name': 'www.northpointhfx.com'}
[ 2024-02-29 00:05:44,601 ] 331 scrapy.core.engine - DEBUG - Crawled (200) <GET https://www.kijiji.ca/v-apartments-condos/city-of-halifax/1738-chestnut-st-1-bedroom-apartment-may-1-2024/1681365140> (referer: https://www.kijiji.ca/b-apartments-condos/city-of-halifax/apartment/k0c37l1700321?sort=dateDesc&radius=50.0&ad=offer&address=Halifax+Regional+Municipality%2C+NS&ll=44.6475811%2C-63.5727683)
[ 2024-02-29 00:05:44,718 ] 93 root - INFO - Data added to DB
[ 2024-02-29 00:05:44,719 ] 389 scrapy.core.scraper - DEBUG - Scraped from <200 https://www.kijiji.ca/v-apartments-condos/city-of-halifax/1738-chestnut-st-1-bedroom-apartment-may-1-2024/1681365140>
{'Title': '1738 Chestnut St - 1 Bedroom Apartment - May 1 2024', 'Rent': '1950', 'Address': '1740 Chestnut St, Halifax, NS, B3H 3T6', 'Date Posted': '2024-02-29T00:09:09.000Z', 'How Long Ago': 'about 4 hours ago', 'Unit Type': 'Apartment', 'Bedrooms': '1 + Den', 'Bathrooms': '1', 'Utilities': ['Heat', 'Water'], 'Wifi and More': 'Not Included', 'Parking': '0', 'Agreement': '1 Year', 'Pet Friendly': 'No', 'Size': 'Not Available', 'Furnished': 'No', 'Appliances': ['Laundry (In Building)', 'Fridge / Freezer'], 'Air Conditioning': 'No', 'Personal Space': ['Yard'], 'Smoking': 'No', 'Ameneties': ['Bicycle Parking', 'Storage Space'], 'Seller': 'Professional', 'Seller Name': 'www.pejkrentals.ca'}
[ 2024-02-29 00:05:54,635 ] 331 scrapy.core.engine - DEBUG - Crawled (200) <GET https://www.kijiji.ca/v-apartments-condos/city-of-halifax/the-macdonald-1-bdrm-available-at-5885-cunard-street-halifax/1679027552> (referer: https://www.kijiji.ca/b-apartments-condos/city-of-halifax/apartment/k0c37l1700321?sort=dateDesc&radius=50.0&ad=offer&address=Halifax+Regional+Municipality%2C+NS&ll=44.6475811%2C-63.5727683)
[ 2024-02-29 00:05:54,756 ] 93 root - INFO - Data added to DB
[ 2024-02-29 00:05:54,756 ] 389 scrapy.core.scraper - DEBUG - Scraped from <200 https://www.kijiji.ca/v-apartments-condos/city-of-halifax/the-macdonald-1-bdrm-available-at-5885-cunard-street-halifax/1679027552>
{'Title': 'The Macdonald - 1 Bdrm available at 5885 Cunard Street, Halifax ', 'Rent': '2095', 'Address': '5885 Cunard Street, Halifax, NS, B3K 1E3', 'Date Posted': '2024-02-29T00:09:16.000Z', 'How Long Ago': 'about 4 hours ago', 'Unit Type': 'Apartment', 'Bedrooms': '1', 'Bathrooms': '1', 'Utilities': ['Heat', 'Water'], 'Wifi and More': 'Not Included', 'Parking': '0', 'Agreement': '1 Year', 'Pet Friendly': 'Yes', 'Size': '760', 'Furnished': 'No', 'Appliances': [], 'Air Conditioning': 'No', 'Personal Space': [], 'Smoking': 'No', 'Ameneties': ['Bicycle Parking'], 'Seller': 'Professional', 'Seller Name': 'www.capreit.ca'}
[ 2024-02-29 00:06:00,301 ] 54 scrapy.extensions.logstats - INFO - Crawled 16 pages (at 5 pages/min), scraped 14 items (at 5 items/min)
[ 2024-02-29 00:06:07,950 ] 331 scrapy.core.engine - DEBUG - Crawled (200) <GET https://www.kijiji.ca/v-apartments-condos/dartmouth/fantastic-one-bedroom-on-the-dartmouth-waterfront-move-in-now/1679027985> (referer: https://www.kijiji.ca/b-apartments-condos/city-of-halifax/apartment/k0c37l1700321?sort=dateDesc&radius=50.0&ad=offer&address=Halifax+Regional+Municipality%2C+NS&ll=44.6475811%2C-63.5727683)
[ 2024-02-29 00:06:08,070 ] 93 root - INFO - Data added to DB
[ 2024-02-29 00:06:08,071 ] 389 scrapy.core.scraper - DEBUG - Scraped from <200 https://www.kijiji.ca/v-apartments-condos/dartmouth/fantastic-one-bedroom-on-the-dartmouth-waterfront-move-in-now/1679027985>
{'Title': 'Fantastic One bedroom on the Dartmouth Waterfront- MOVE IN NOW!', 'Rent': '1695', 'Address': '223 Windmill Rd., Dartmouth, NS, B3A 4M6', 'Date Posted': '2024-02-29T00:09:17.000Z', 'How Long Ago': 'about 4 hours ago', 'Unit Type': 'Apartment', 'Bedrooms': '1', 'Bathrooms': '1', 'Utilities': ['Heat', 'Water'], 'Wifi and More': 'Not Included', 'Parking': '1', 'Agreement': '1 Year', 'Pet Friendly': 'No', 'Size': 'Not Available', 'Furnished': 'No', 'Appliances': ['Laundry (In Building)', 'Dishwasher', 'Fridge / Freezer'], 'Air Conditioning': 'No', 'Personal Space': ['Balcony'], 'Smoking': 'No', 'Ameneties': ['24 Hour Security'], 'Seller': 'Professional', 'Seller Name': None}
[ 2024-02-29 00:06:20,867 ] 331 scrapy.core.engine - DEBUG - Crawled (200) <GET https://www.kijiji.ca/v-apartments-condos/city-of-halifax/charming-north-end-1-br-1-bath-apartment-available-nov-1st/1676300953> (referer: https://www.kijiji.ca/b-apartments-condos/city-of-halifax/apartment/k0c37l1700321?sort=dateDesc&radius=50.0&ad=offer&address=Halifax+Regional+Municipality%2C+NS&ll=44.6475811%2C-63.5727683)
[ 2024-02-29 00:06:20,985 ] 93 root - INFO - Data added to DB
[ 2024-02-29 00:06:20,986 ] 389 scrapy.core.scraper - DEBUG - Scraped from <200 https://www.kijiji.ca/v-apartments-condos/city-of-halifax/charming-north-end-1-br-1-bath-apartment-available-nov-1st/1676300953>
{'Title': 'CHARMING NORTH END 1 BR 1 BATH APARTMENT AVAILABLE NOV. 1ST', 'Rent': '1795', 'Address': '2326 Agricola Street, Halifax, NS, B3K 4B6', 'Date Posted': '2024-02-29T00:09:18.000Z', 'How Long Ago': 'about 4 hours ago', 'Unit Type': 'Apartment', 'Bedrooms': '1', 'Bathrooms': '1', 'Utilities': ['Water'], 'Wifi and More': 'Not Included', 'Parking': '0', 'Agreement': '1 Year', 'Pet Friendly': 'Limited', 'Size': 'Not Available', 'Furnished': 'No', 'Appliances': ['Laundry (In Unit)', 'Fridge / Freezer'], 'Air Conditioning': 'No', 'Personal Space': [], 'Smoking': 'No', 'Ameneties': [], 'Seller': 'Professional', 'Seller Name': None}
[ 2024-02-29 00:06:32,829 ] 331 scrapy.core.engine - DEBUG - Crawled (200) <GET https://www.kijiji.ca/v-apartments-condos/city-of-halifax/ford-st-1bd-heat-hw-hdwood-elevator-balcony/1686779780> (referer: https://www.kijiji.ca/b-apartments-condos/city-of-halifax/apartment/k0c37l1700321?sort=dateDesc&radius=50.0&ad=offer&address=Halifax+Regional+Municipality%2C+NS&ll=44.6475811%2C-63.5727683)
[ 2024-02-29 00:06:32,961 ] 93 root - INFO - Data added to DB
[ 2024-02-29 00:06:32,962 ] 389 scrapy.core.scraper - DEBUG - Scraped from <200 https://www.kijiji.ca/v-apartments-condos/city-of-halifax/ford-st-1bd-heat-hw-hdwood-elevator-balcony/1686779780>
{'Title': 'Ford St-  1bd Heat, Hw, Hdwood , Elevator,Balcony', 'Rent': '1295', 'Address': '6 Ford St, Halifax, NS, B3M 2M6', 'Date Posted': '2024-02-29T00:24:00.000Z', 'How Long Ago': 'about 4 hours ago', 'Unit Type': 'Apartment', 'Bedrooms': '1', 'Bathrooms': '1', 'Utilities': ['Heat', 'Water'], 'Wifi and More': 'Not Included', 'Parking': '1', 'Agreement': '1 Year', 'Pet Friendly': 'No', 'Size': 'Not Available', 'Furnished': 'No', 'Appliances': ['Laundry (In Building)', 'Fridge / Freezer'], 'Air Conditioning': 'No', 'Personal Space': ['Balcony'], 'Smoking': 'Outdoors only', 'Ameneties': ['Storage Space', 'Elevator in Building'], 'Seller': 'Professional', 'Seller Name': None}
[ 2024-02-29 00:06:40,821 ] 331 scrapy.core.engine - DEBUG - Crawled (200) <GET https://www.kijiji.ca/v-apartments-condos/city-of-halifax/1-bedroom-den-downtown-halifax-for-july/1686779484> (referer: https://www.kijiji.ca/b-apartments-condos/city-of-halifax/apartment/k0c37l1700321?sort=dateDesc&radius=50.0&ad=offer&address=Halifax+Regional+Municipality%2C+NS&ll=44.6475811%2C-63.5727683)
[ 2024-02-29 00:06:40,951 ] 93 root - INFO - Data added to DB
[ 2024-02-29 00:06:40,951 ] 389 scrapy.core.scraper - DEBUG - Scraped from <200 https://www.kijiji.ca/v-apartments-condos/city-of-halifax/1-bedroom-den-downtown-halifax-for-july/1686779484>
{'Title': '1 Bedroom + DEN Downtown Halifax for July', 'Rent': '2195', 'Address': '1530 Birmingham Street, Halifax, NS, B3J 0B5', 'Date Posted': '2024-02-29T00:30:00.000Z', 'How Long Ago': 'about 4 hours ago', 'Unit Type': 'Apartment', 'Bedrooms': '1 + Den', 'Bathrooms': '1', 'Utilities': ['Heat', 'Water'], 'Wifi and More': 'Not Included', 'Parking': '0', 'Agreement': '1 Year', 'Pet Friendly': 'No', 'Size': '708', 'Furnished': 'No', 'Appliances': ['Laundry (In Unit)', 'Dishwasher', 'Fridge / Freezer'], 'Air Conditioning': 'No', 'Personal Space': [], 'Smoking': 'No', 'Ameneties': ['Gym', '24 Hour Security', 'Bicycle Parking', 'Storage Space'], 'Seller': 'Professional', 'Seller Name': 'vertusuites.com'}
[ 2024-02-29 00:06:54,228 ] 331 scrapy.core.engine - DEBUG - Crawled (200) <GET https://www.kijiji.ca/v-apartments-condos/dartmouth/two-bedroom-available-at-the-emerald-apartments/1686780568> (referer: https://www.kijiji.ca/b-apartments-condos/city-of-halifax/apartment/k0c37l1700321?sort=dateDesc&radius=50.0&ad=offer&address=Halifax+Regional+Municipality%2C+NS&ll=44.6475811%2C-63.5727683)
[ 2024-02-29 00:06:54,337 ] 93 root - INFO - Data added to DB
[ 2024-02-29 00:06:54,337 ] 389 scrapy.core.scraper - DEBUG - Scraped from <200 https://www.kijiji.ca/v-apartments-condos/dartmouth/two-bedroom-available-at-the-emerald-apartments/1686780568>
{'Title': 'Two Bedroom Available at the Emerald Apartments!', 'Rent': '2350', 'Address': '72 Primrose Street, Dartmouth, NS, B3A 4C8', 'Date Posted': '2024-02-29T00:30:00.000Z', 'How Long Ago': 'about 4 hours ago', 'Unit Type': 'Apartment', 'Bedrooms': '2', 'Bathrooms': '2', 'Utilities': ['Heat', 'Water'], 'Wifi and More': 'Not Included', 'Parking': '0', 'Agreement': '1 Year', 'Pet Friendly': 'Yes', 'Size': '1,025', 'Furnished': 'No', 'Appliances': ['Laundry (In Unit)', 'Dishwasher', 'Fridge / Freezer'], 'Air Conditioning': 'Yes', 'Personal Space': ['Balcony'], 'Smoking': 'No', 'Ameneties': ['Bicycle Parking', 'Storage Space', 'Elevator in Building'], 'Seller': 'Professional', 'Seller Name': 'www.emeraldrentals.ca'}
[ 2024-02-29 00:07:00,301 ] 54 scrapy.extensions.logstats - INFO - Crawled 21 pages (at 5 pages/min), scraped 19 items (at 5 items/min)
[ 2024-02-29 00:07:08,059 ] 331 scrapy.core.engine - DEBUG - Crawled (200) <GET https://www.kijiji.ca/v-apartments-condos/city-of-halifax/one-bdrm-apt-on-1st-floor-for-rent-sept-1st-near-dal-smu-kings/1686783673> (referer: https://www.kijiji.ca/b-apartments-condos/city-of-halifax/apartment/k0c37l1700321?sort=dateDesc&radius=50.0&ad=offer&address=Halifax+Regional+Municipality%2C+NS&ll=44.6475811%2C-63.5727683)
[ 2024-02-29 00:07:08,177 ] 93 root - INFO - Data added to DB
[ 2024-02-29 00:07:08,177 ] 389 scrapy.core.scraper - DEBUG - Scraped from <200 https://www.kijiji.ca/v-apartments-condos/city-of-halifax/one-bdrm-apt-on-1st-floor-for-rent-sept-1st-near-dal-smu-kings/1686783673>
{'Title': 'ONE BDRM apt on 1st floor for rent Sept 1st near DAL, SMU, KINGS', 'Rent': '1760', 'Address': 'Halifax, NS B3H 2K5', 'Date Posted': '2024-02-29T00:50:38.000Z', 'How Long Ago': 'about 3 hours ago', 'Unit Type': 'Apartment', 'Bedrooms': '1', 'Bathrooms': '1', 'Utilities': ['Heat', 'Water'], 'Wifi and More': 'Not Included', 'Parking': '0', 'Agreement': '1 Year', 'Pet Friendly': 'Limited', 'Size': '600', 'Furnished': 'No', 'Appliances': ['Laundry (In Building)', 'Fridge / Freezer'], 'Air Conditioning': 'No', 'Personal Space': [], 'Smoking': 'No', 'Ameneties': ['Bicycle Parking', 'Storage Space'], 'Seller': 'Owner', 'Seller Name': None}
[ 2024-02-29 00:07:15,944 ] 331 scrapy.core.engine - DEBUG - Crawled (200) <GET https://www.kijiji.ca/v-apartments-condos/city-of-halifax/2-bedroom-den-in-dartmouth-for-june/1686779479> (referer: https://www.kijiji.ca/b-apartments-condos/city-of-halifax/apartment/k0c37l1700321?sort=dateDesc&radius=50.0&ad=offer&address=Halifax+Regional+Municipality%2C+NS&ll=44.6475811%2C-63.5727683)
[ 2024-02-29 00:07:16,060 ] 93 root - INFO - Data added to DB
[ 2024-02-29 00:07:16,061 ] 389 scrapy.core.scraper - DEBUG - Scraped from <200 https://www.kijiji.ca/v-apartments-condos/city-of-halifax/2-bedroom-den-in-dartmouth-for-june/1686779479>
{'Title': '2 Bedroom + DEN in Dartmouth for June', 'Rent': '2695', 'Address': '5 Horizon Court, Dartmouth, NS, B3A 0C4', 'Date Posted': '2024-02-29T00:54:00.000Z', 'How Long Ago': 'about 3 hours ago', 'Unit Type': 'Apartment', 'Bedrooms': '2 + Den', 'Bathrooms': '2', 'Utilities': ['Heat', 'Water'], 'Wifi and More': 'Not Included', 'Parking': '0', 'Agreement': '1 Year', 'Pet Friendly': 'No', 'Size': '1,601', 'Furnished': 'No', 'Appliances': ['Laundry (In Unit)', 'Dishwasher', 'Fridge / Freezer'], 'Air Conditioning': 'No', 'Personal Space': [], 'Smoking': 'No', 'Ameneties': ['Gym', '24 Hour Security', 'Bicycle Parking', 'Storage Space'], 'Seller': 'Professional', 'Seller Name': 'www.avonhurstgardens.com'}
[ 2024-02-29 00:07:29,151 ] 331 scrapy.core.engine - DEBUG - Crawled (200) <GET https://www.kijiji.ca/v-apartments-condos/dartmouth/one-bedroom-available-at-emerald-apartments/1686780522> (referer: https://www.kijiji.ca/b-apartments-condos/city-of-halifax/apartment/k0c37l1700321?sort=dateDesc&radius=50.0&ad=offer&address=Halifax+Regional+Municipality%2C+NS&ll=44.6475811%2C-63.5727683)
[ 2024-02-29 00:07:29,262 ] 93 root - INFO - Data added to DB
[ 2024-02-29 00:07:29,263 ] 389 scrapy.core.scraper - DEBUG - Scraped from <200 https://www.kijiji.ca/v-apartments-condos/dartmouth/one-bedroom-available-at-emerald-apartments/1686780522>
{'Title': 'One Bedroom Available at Emerald Apartments!', 'Rent': '1995', 'Address': '72 Primrose Street, Dartmouth, NS, B3A 4C8', 'Date Posted': '2024-02-29T01:00:00.000Z', 'How Long Ago': 'about 3 hours ago', 'Unit Type': 'Apartment', 'Bedrooms': '1', 'Bathrooms': '1', 'Utilities': ['Heat', 'Water'], 'Wifi and More': 'Not Included', 'Parking': '0', 'Agreement': '1 Year', 'Pet Friendly': 'Yes', 'Size': '735', 'Furnished': 'No', 'Appliances': ['Laundry (In Unit)', 'Dishwasher', 'Fridge / Freezer'], 'Air Conditioning': 'Yes', 'Personal Space': ['Balcony'], 'Smoking': 'No', 'Ameneties': ['Bicycle Parking', 'Storage Space', 'Elevator in Building'], 'Seller': 'Professional', 'Seller Name': 'www.emeraldrentals.ca'}
[ 2024-02-29 00:07:44,852 ] 331 scrapy.core.engine - DEBUG - Crawled (200) <GET https://www.kijiji.ca/v-apartments-condos/city-of-halifax/one-bdrm-basement-apt-for-september-1st-near-dal-smu-kings/1686784512> (referer: https://www.kijiji.ca/b-apartments-condos/city-of-halifax/apartment/k0c37l1700321?sort=dateDesc&radius=50.0&ad=offer&address=Halifax+Regional+Municipality%2C+NS&ll=44.6475811%2C-63.5727683)
[ 2024-02-29 00:07:44,960 ] 93 root - INFO - Data added to DB
[ 2024-02-29 00:07:44,960 ] 389 scrapy.core.scraper - DEBUG - Scraped from <200 https://www.kijiji.ca/v-apartments-condos/city-of-halifax/one-bdrm-basement-apt-for-september-1st-near-dal-smu-kings/1686784512>
{'Title': 'ONE BDRM BASEMENT apt for September 1st near DAL, SMU, KINGS', 'Rent': '1450', 'Address': 'Halifax, NS B3H 2K5', 'Date Posted': '2024-02-29T01:00:18.000Z', 'How Long Ago': 'about 3 hours ago', 'Unit Type': 'Apartment', 'Bedrooms': '1 + Den', 'Bathrooms': '1', 'Utilities': ['Heat', 'Water'], 'Wifi and More': 'Not Included', 'Parking': '0', 'Agreement': '1 Year', 'Pet Friendly': 'Limited', 'Size': '700', 'Furnished': 'No', 'Appliances': ['Laundry (In Building)', 'Fridge / Freezer'], 'Air Conditioning': 'No', 'Personal Space': [], 'Smoking': 'No', 'Ameneties': ['Bicycle Parking', 'Storage Space'], 'Seller': 'Owner', 'Seller Name': None}
[ 2024-02-29 00:07:57,810 ] 331 scrapy.core.engine - DEBUG - Crawled (200) <GET https://www.kijiji.ca/v-apartments-condos/city-of-halifax/available-now-furnished-room-for-a-female-with-separate-bath/1686785929> (referer: https://www.kijiji.ca/b-apartments-condos/city-of-halifax/apartment/k0c37l1700321?sort=dateDesc&radius=50.0&ad=offer&address=Halifax+Regional+Municipality%2C+NS&ll=44.6475811%2C-63.5727683)
[ 2024-02-29 00:07:57,923 ] 93 root - INFO - Data added to DB
[ 2024-02-29 00:07:57,923 ] 389 scrapy.core.scraper - DEBUG - Scraped from <200 https://www.kijiji.ca/v-apartments-condos/city-of-halifax/available-now-furnished-room-for-a-female-with-separate-bath/1686785929>
{'Title': 'Available now - Furnished room for a female with separate bath ', 'Rent': '900', 'Address': 'Wentworth Dr, Halifax, B3M 0N9', 'Date Posted': '2024-02-29T01:19:19.000Z', 'How Long Ago': 'about 3 hours ago', 'Unit Type': 'Apartment', 'Bedrooms': '1', 'Bathrooms': '1', 'Utilities': [], 'Wifi and More': 'Not Included', 'Parking': '1', 'Agreement': 'Month-to-month', 'Pet Friendly': 'No', 'Size': '500', 'Furnished': 'Yes', 'Appliances': [], 'Air Conditioning': 'Yes', 'Personal Space': [], 'Smoking': 'No', 'Ameneties': [], 'Seller': 'Owner', 'Seller Name': None}
[ 2024-02-29 00:08:00,301 ] 54 scrapy.extensions.logstats - INFO - Crawled 26 pages (at 5 pages/min), scraped 24 items (at 5 items/min)
[ 2024-02-29 00:08:12,366 ] 331 scrapy.core.engine - DEBUG - Crawled (200) <GET https://www.kijiji.ca/v-apartments-condos/city-of-halifax/awesome-1-bedroom-available/1678376940> (referer: https://www.kijiji.ca/b-apartments-condos/city-of-halifax/apartment/k0c37l1700321?sort=dateDesc&radius=50.0&ad=offer&address=Halifax+Regional+Municipality%2C+NS&ll=44.6475811%2C-63.5727683)
[ 2024-02-29 00:08:12,482 ] 93 root - INFO - Data added to DB
[ 2024-02-29 00:08:12,482 ] 389 scrapy.core.scraper - DEBUG - Scraped from <200 https://www.kijiji.ca/v-apartments-condos/city-of-halifax/awesome-1-bedroom-available/1678376940>
{'Title': 'AWESOME 1 BEDROOM AVAILABLE', 'Rent': '1700', 'Address': '36 Abbey Road, Halifax, NS, B3P 2M6', 'Date Posted': '2024-02-29T01:28:38.000Z', 'How Long Ago': 'about 3 hours ago', 'Unit Type': 'Apartment', 'Bedrooms': '1', 'Bathrooms': '1', 'Utilities': ['Heat', 'Water'], 'Wifi and More': 'Not Included', 'Parking': '1', 'Agreement': '1 Year', 'Pet Friendly': 'Limited', 'Size': 'Not Available', 'Furnished': 'No', 'Appliances': ['Laundry (In Building)', 'Fridge / Freezer'], 'Air Conditioning': 'No', 'Personal Space': [], 'Smoking': 'Yes', 'Ameneties': [], 'Seller': 'Professional', 'Seller Name': 'armdale-universalgroup.securecafe.com'}
[ 2024-02-29 00:08:26,092 ] 331 scrapy.core.engine - DEBUG - Crawled (200) <GET https://www.kijiji.ca/v-apartments-condos/city-of-halifax/beautiful-2-bedroom-in-west-end/1652811959> (referer: https://www.kijiji.ca/b-apartments-condos/city-of-halifax/apartment/k0c37l1700321?sort=dateDesc&radius=50.0&ad=offer&address=Halifax+Regional+Municipality%2C+NS&ll=44.6475811%2C-63.5727683)
[ 2024-02-29 00:08:26,209 ] 93 root - INFO - Data added to DB
[ 2024-02-29 00:08:26,209 ] 389 scrapy.core.scraper - DEBUG - Scraped from <200 https://www.kijiji.ca/v-apartments-condos/city-of-halifax/beautiful-2-bedroom-in-west-end/1652811959>
{'Title': 'BEAUTIFUL 2 BEDROOM IN WEST END', 'Rent': '2199', 'Address': '6969 Bayers Road, Halifax, NS, B3L 4P3', 'Date Posted': '2024-02-29T01:28:43.000Z', 'How Long Ago': 'about 3 hours ago', 'Unit Type': 'Apartment', 'Bedrooms': '2', 'Bathrooms': '1', 'Utilities': ['Heat', 'Water'], 'Wifi and More': 'Not Included', 'Parking': '1', 'Agreement': '1 Year', 'Pet Friendly': 'No', 'Size': '1,200', 'Furnished': 'No', 'Appliances': ['Laundry (In Building)', 'Fridge / Freezer'], 'Air Conditioning': 'No', 'Personal Space': ['Balcony'], 'Smoking': 'Yes', 'Ameneties': ['Elevator in Building'], 'Seller': 'Professional', 'Seller Name': 'bayers1-universalgroup.securecafe.com'}
[ 2024-02-29 00:08:36,672 ] 331 scrapy.core.engine - DEBUG - Crawled (200) <GET https://www.kijiji.ca/v-apartments-condos/city-of-halifax/wow-2-bedroom-near-halifax-shopping-centre/1685702306> (referer: https://www.kijiji.ca/b-apartments-condos/city-of-halifax/apartment/k0c37l1700321?sort=dateDesc&radius=50.0&ad=offer&address=Halifax+Regional+Municipality%2C+NS&ll=44.6475811%2C-63.5727683)
[ 2024-02-29 00:08:36,781 ] 93 root - INFO - Data added to DB
[ 2024-02-29 00:08:36,781 ] 389 scrapy.core.scraper - DEBUG - Scraped from <200 https://www.kijiji.ca/v-apartments-condos/city-of-halifax/wow-2-bedroom-near-halifax-shopping-centre/1685702306>
{'Title': 'WOW - 2 BEDROOM NEAR HALIFAX SHOPPING CENTRE', 'Rent': '2199', 'Address': '6969 Bayers Road, Halifax, NS, B3L 4P3', 'Date Posted': '2024-02-29T01:28:47.000Z', 'How Long Ago': 'about 3 hours ago', 'Unit Type': 'Apartment', 'Bedrooms': '2', 'Bathrooms': '1', 'Utilities': ['Heat', 'Water'], 'Wifi and More': 'Not Included', 'Parking': '1', 'Agreement': '1 Year', 'Pet Friendly': 'Yes', 'Size': 'Not Available', 'Furnished': 'No', 'Appliances': ['Laundry (In Building)', 'Fridge / Freezer'], 'Air Conditioning': 'No', 'Personal Space': ['Balcony'], 'Smoking': 'Yes', 'Ameneties': ['24 Hour Security', 'Bicycle Parking', 'Storage Space'], 'Seller': 'Professional', 'Seller Name': 'bayers1-universalgroup.securecafe.com'}
[ 2024-02-29 00:08:49,746 ] 331 scrapy.core.engine - DEBUG - Crawled (200) <GET https://www.kijiji.ca/v-apartments-condos/city-of-halifax/open-house-saturday-10-4-1-bedroom-downtown-halifax/1652777429> (referer: https://www.kijiji.ca/b-apartments-condos/city-of-halifax/apartment/k0c37l1700321?sort=dateDesc&radius=50.0&ad=offer&address=Halifax+Regional+Municipality%2C+NS&ll=44.6475811%2C-63.5727683)
[ 2024-02-29 00:08:49,869 ] 93 root - INFO - Data added to DB
[ 2024-02-29 00:08:49,869 ] 389 scrapy.core.scraper - DEBUG - Scraped from <200 https://www.kijiji.ca/v-apartments-condos/city-of-halifax/open-house-saturday-10-4-1-bedroom-downtown-halifax/1652777429>
{'Title': 'OPEN HOUSE SATURDAY 10-4  1 BEDROOM DOWNTOWN HALIFAX', 'Rent': '1700', 'Address': '5651 Ogilvie Street, Halifax, NS, B3H 1B9', 'Date Posted': '2024-02-29T01:28:51.000Z', 'How Long Ago': 'about 3 hours ago', 'Unit Type': 'Apartment', 'Bedrooms': '1', 'Bathrooms': '1', 'Utilities': ['Heat', 'Water'], 'Wifi and More': 'Not Included', 'Parking': '0', 'Agreement': '1 Year', 'Pet Friendly': 'Limited', 'Size': 'Not Available', 'Furnished': 'No', 'Appliances': ['Laundry (In Building)', 'Fridge / Freezer'], 'Air Conditioning': 'No', 'Personal Space': [], 'Smoking': 'Yes', 'Ameneties': ['Bicycle Parking', 'Elevator in Building'], 'Seller': 'Professional', 'Seller Name': 'ogilvie-universalgroup.securecafe.com'}
[ 2024-02-29 00:09:00,301 ] 54 scrapy.extensions.logstats - INFO - Crawled 30 pages (at 4 pages/min), scraped 28 items (at 4 items/min)
[ 2024-02-29 00:09:01,757 ] 331 scrapy.core.engine - DEBUG - Crawled (200) <GET https://www.kijiji.ca/v-apartments-condos/city-of-halifax/open-house-saturday-10-4-2-bedroom-near-universities/1684478921> (referer: https://www.kijiji.ca/b-apartments-condos/city-of-halifax/apartment/k0c37l1700321?sort=dateDesc&radius=50.0&ad=offer&address=Halifax+Regional+Municipality%2C+NS&ll=44.6475811%2C-63.5727683)
[ 2024-02-29 00:09:01,894 ] 93 root - INFO - Data added to DB
[ 2024-02-29 00:09:01,894 ] 389 scrapy.core.scraper - DEBUG - Scraped from <200 https://www.kijiji.ca/v-apartments-condos/city-of-halifax/open-house-saturday-10-4-2-bedroom-near-universities/1684478921>
{'Title': 'OPEN HOUSE SATURDAY 10-4  2 BEDROOM - NEAR UNIVERSITIES', 'Rent': '2598', 'Address': '5651 Ogilvie Street, Halifax, NS, B3H 1B9', 'Date Posted': '2024-02-29T01:28:55.000Z', 'How Long Ago': 'about 3 hours ago', 'Unit Type': 'Apartment', 'Bedrooms': '2', 'Bathrooms': '1', 'Utilities': ['Heat', 'Water'], 'Wifi and More': 'Not Included', 'Parking': '0', 'Agreement': '1 Year', 'Pet Friendly': 'Limited', 'Size': 'Not Available', 'Furnished': 'No', 'Appliances': ['Laundry (In Building)', 'Fridge / Freezer'], 'Air Conditioning': 'No', 'Personal Space': [], 'Smoking': 'Yes', 'Ameneties': ['Bicycle Parking', 'Elevator in Building'], 'Seller': 'Professional', 'Seller Name': 'ogilvie-universalgroup.securecafe.com'}
[ 2024-02-29 00:09:14,931 ] 331 scrapy.core.engine - DEBUG - Crawled (200) <GET https://www.kijiji.ca/v-apartments-condos/city-of-halifax/open-house-saturday-10-4-1-bedroom-den-near-universities/1674611182> (referer: https://www.kijiji.ca/b-apartments-condos/city-of-halifax/apartment/k0c37l1700321?sort=dateDesc&radius=50.0&ad=offer&address=Halifax+Regional+Municipality%2C+NS&ll=44.6475811%2C-63.5727683)
[ 2024-02-29 00:09:15,047 ] 93 root - INFO - Data added to DB
[ 2024-02-29 00:09:15,048 ] 389 scrapy.core.scraper - DEBUG - Scraped from <200 https://www.kijiji.ca/v-apartments-condos/city-of-halifax/open-house-saturday-10-4-1-bedroom-den-near-universities/1674611182>
{'Title': 'OPEN HOUSE SATURDAY 10-4  1 BEDROOM + DEN NEAR UNIVERSITIES', 'Rent': '2100', 'Address': '5651 Ogilvie Street, Halifax, NS, B3H 1B9', 'Date Posted': '2024-02-29T01:29:01.000Z', 'How Long Ago': 'about 3 hours ago', 'Unit Type': 'Apartment', 'Bedrooms': '1 + Den', 'Bathrooms': '1', 'Utilities': ['Heat', 'Water'], 'Wifi and More': 'Not Included', 'Parking': '0', 'Agreement': '1 Year', 'Pet Friendly': 'Limited', 'Size': 'Not Available', 'Furnished': 'No', 'Appliances': ['Laundry (In Building)', 'Fridge / Freezer'], 'Air Conditioning': 'No', 'Personal Space': [], 'Smoking': 'Yes', 'Ameneties': ['Elevator in Building'], 'Seller': 'Professional', 'Seller Name': 'ogilvie-universalgroup.securecafe.com'}
[ 2024-02-29 00:09:25,832 ] 331 scrapy.core.engine - DEBUG - Crawled (200) <GET https://www.kijiji.ca/v-apartments-condos/city-of-halifax/this-weekend-multi-building-open-house-in-south-end-halifax/1686109573> (referer: https://www.kijiji.ca/b-apartments-condos/city-of-halifax/apartment/k0c37l1700321?sort=dateDesc&radius=50.0&ad=offer&address=Halifax+Regional+Municipality%2C+NS&ll=44.6475811%2C-63.5727683)
[ 2024-02-29 00:09:25,947 ] 93 root - INFO - Data added to DB
[ 2024-02-29 00:09:25,947 ] 389 scrapy.core.scraper - DEBUG - Scraped from <200 https://www.kijiji.ca/v-apartments-condos/city-of-halifax/this-weekend-multi-building-open-house-in-south-end-halifax/1686109573>
{'Title': 'THIS WEEKEND! MULTI-BUILDING OPEN HOUSE IN SOUTH END HALIFAX!', 'Rent': None, 'Address': '1551 South Park Street, Halifax, NS, B3J 4B4', 'Date Posted': '2024-02-29T01:29:05.000Z', 'How Long Ago': 'about 3 hours ago', 'Unit Type': 'Apartment', 'Bedrooms': '1', 'Bathrooms': '1', 'Utilities': [], 'Wifi and More': 'Not Included', 'Parking': '0', 'Agreement': '1 Year', 'Pet Friendly': 'Limited', 'Size': 'Not Available', 'Furnished': 'No', 'Appliances': [], 'Air Conditioning': 'No', 'Personal Space': [], 'Smoking': 'Yes', 'Ameneties': [], 'Seller': 'Professional', 'Seller Name': 'universalgroup.ca'}
[ 2024-02-29 00:09:40,536 ] 331 scrapy.core.engine - DEBUG - Crawled (200) <GET https://www.kijiji.ca/v-apartments-condos/city-of-halifax/open-house-saturday-10-4-1-bed-southend-halifax/1673351063> (referer: https://www.kijiji.ca/b-apartments-condos/city-of-halifax/apartment/k0c37l1700321?sort=dateDesc&radius=50.0&ad=offer&address=Halifax+Regional+Municipality%2C+NS&ll=44.6475811%2C-63.5727683)
[ 2024-02-29 00:09:40,651 ] 93 root - INFO - Data added to DB
[ 2024-02-29 00:09:40,651 ] 389 scrapy.core.scraper - DEBUG - Scraped from <200 https://www.kijiji.ca/v-apartments-condos/city-of-halifax/open-house-saturday-10-4-1-bed-southend-halifax/1673351063>
{'Title': 'OPEN HOUSE SATURDAY 10-4 - 1 BED SOUTHEND HALIFAX', 'Rent': None, 'Address': '5415 Victoria Road, Halifax, NS, B3H 4K5', 'Date Posted': '2024-02-29T01:29:09.000Z', 'How Long Ago': 'about 3 hours ago', 'Unit Type': 'Apartment', 'Bedrooms': '1', 'Bathrooms': '1', 'Utilities': ['Heat', 'Water'], 'Wifi and More': 'Not Included', 'Parking': '0', 'Agreement': '1 Year', 'Pet Friendly': 'Limited', 'Size': 'Not Available', 'Furnished': 'No', 'Appliances': ['Laundry (In Building)', 'Fridge / Freezer'], 'Air Conditioning': 'No', 'Personal Space': [], 'Smoking': 'Yes', 'Ameneties': ['Pool', 'Bicycle Parking', 'Elevator in Building'], 'Seller': 'Professional', 'Seller Name': 'southpoint-universalgroup.securecafe.com'}
[ 2024-02-29 00:09:49,553 ] 331 scrapy.core.engine - DEBUG - Crawled (200) <GET https://www.kijiji.ca/v-apartments-condos/city-of-halifax/open-house-saturday-10-4-bachelor-apartment-south-end/1683391064> (referer: https://www.kijiji.ca/b-apartments-condos/city-of-halifax/apartment/k0c37l1700321?sort=dateDesc&radius=50.0&ad=offer&address=Halifax+Regional+Municipality%2C+NS&ll=44.6475811%2C-63.5727683)
[ 2024-02-29 00:09:49,663 ] 93 root - INFO - Data added to DB
[ 2024-02-29 00:09:49,663 ] 389 scrapy.core.scraper - DEBUG - Scraped from <200 https://www.kijiji.ca/v-apartments-condos/city-of-halifax/open-house-saturday-10-4-bachelor-apartment-south-end/1683391064>
{'Title': 'OPEN HOUSE SATURDAY 10-4 - BACHELOR APARTMENT SOUTH END', 'Rent': '1612', 'Address': '5415 Victoria Road, Halifax, NS, B3H 4K5', 'Date Posted': '2024-02-29T01:29:13.000Z', 'How Long Ago': 'about 3 hours ago', 'Unit Type': 'Apartment', 'Bedrooms': 'Bachelor/Studio', 'Bathrooms': '1', 'Utilities': ['Heat', 'Water'], 'Wifi and More': 'Not Included', 'Parking': '0', 'Agreement': '1 Year', 'Pet Friendly': 'Limited', 'Size': 'Not Available', 'Furnished': 'No', 'Appliances': ['Laundry (In Building)', 'Fridge / Freezer'], 'Air Conditioning': 'No', 'Personal Space': ['Balcony'], 'Smoking': 'Yes', 'Ameneties': ['Pool', 'Bicycle Parking', 'Elevator in Building'], 'Seller': 'Professional', 'Seller Name': 'southpoint-universalgroup.securecafe.com'}
[ 2024-02-29 00:10:00,301 ] 54 scrapy.extensions.logstats - INFO - Crawled 35 pages (at 5 pages/min), scraped 33 items (at 5 items/min)
[ 2024-02-29 00:10:01,526 ] 331 scrapy.core.engine - DEBUG - Crawled (200) <GET https://www.kijiji.ca/v-apartments-condos/city-of-halifax/open-house-saturday-10-4-3-bed-southend-halifax/1681166348> (referer: https://www.kijiji.ca/b-apartments-condos/city-of-halifax/apartment/k0c37l1700321?sort=dateDesc&radius=50.0&ad=offer&address=Halifax+Regional+Municipality%2C+NS&ll=44.6475811%2C-63.5727683)
[ 2024-02-29 00:10:01,645 ] 93 root - INFO - Data added to DB
[ 2024-02-29 00:10:01,645 ] 389 scrapy.core.scraper - DEBUG - Scraped from <200 https://www.kijiji.ca/v-apartments-condos/city-of-halifax/open-house-saturday-10-4-3-bed-southend-halifax/1681166348>
{'Title': 'OPEN HOUSE SATURDAY 10-4 - 3 BED SOUTHEND HALIFAX', 'Rent': '3000', 'Address': '5415 Victoria Road, Halifax, NS, B3H 4K5', 'Date Posted': '2024-02-29T01:29:17.000Z', 'How Long Ago': 'about 3 hours ago', 'Unit Type': 'Apartment', 'Bedrooms': '3', 'Bathrooms': '2', 'Utilities': ['Hydro', 'Heat', 'Water'], 'Wifi and More': 'Not Included', 'Parking': '0', 'Agreement': '1 Year', 'Pet Friendly': 'Limited', 'Size': 'Not Available', 'Furnished': 'No', 'Appliances': ['Laundry (In Building)', 'Fridge / Freezer'], 'Air Conditioning': 'No', 'Personal Space': [], 'Smoking': 'Yes', 'Ameneties': ['Pool', 'Bicycle Parking', 'Storage Space', 'Elevator in Building'], 'Seller': 'Professional', 'Seller Name': 'southpoint-universalgroup.securecafe.com'}
[ 2024-02-29 00:10:14,837 ] 331 scrapy.core.engine - DEBUG - Crawled (200) <GET https://www.kijiji.ca/v-apartments-condos/city-of-halifax/stunning-1-bed-den-in-bedford/1646233967> (referer: https://www.kijiji.ca/b-apartments-condos/city-of-halifax/apartment/k0c37l1700321?sort=dateDesc&radius=50.0&ad=offer&address=Halifax+Regional+Municipality%2C+NS&ll=44.6475811%2C-63.5727683)
[ 2024-02-29 00:10:14,953 ] 93 root - INFO - Data added to DB
[ 2024-02-29 00:10:14,953 ] 389 scrapy.core.scraper - DEBUG - Scraped from <200 https://www.kijiji.ca/v-apartments-condos/city-of-halifax/stunning-1-bed-den-in-bedford/1646233967>
{'Title': 'STUNNING 1 BED + DEN IN BEDFORD', 'Rent': None, 'Address': '230 Larry Uteck Blvd, Bedford, NS, B3N 0N1', 'Date Posted': '2024-02-29T01:29:22.000Z', 'How Long Ago': 'about 3 hours ago', 'Unit Type': 'Apartment', 'Bedrooms': '1 + Den', 'Bathrooms': '1', 'Utilities': ['Heat', 'Water'], 'Wifi and More': 'Not Included', 'Parking': '0', 'Agreement': '1 Year', 'Pet Friendly': 'No', 'Size': 'Not Available', 'Furnished': 'No', 'Appliances': ['Laundry (In Unit)', 'Dishwasher', 'Fridge / Freezer'], 'Air Conditioning': 'Yes', 'Personal Space': ['Balcony'], 'Smoking': 'No', 'Ameneties': ['Gym', 'Bicycle Parking', 'Elevator in Building'], 'Seller': 'Professional', 'Seller Name': 'universalgroup.ca'}
[ 2024-02-29 00:10:27,746 ] 331 scrapy.core.engine - DEBUG - Crawled (200) <GET https://www.kijiji.ca/v-apartments-condos/city-of-halifax/lovely-2-bedroom-on-spring-garden-rd/1678071831> (referer: https://www.kijiji.ca/b-apartments-condos/city-of-halifax/apartment/k0c37l1700321?sort=dateDesc&radius=50.0&ad=offer&address=Halifax+Regional+Municipality%2C+NS&ll=44.6475811%2C-63.5727683)
[ 2024-02-29 00:10:27,863 ] 93 root - INFO - Data added to DB
[ 2024-02-29 00:10:27,864 ] 389 scrapy.core.scraper - DEBUG - Scraped from <200 https://www.kijiji.ca/v-apartments-condos/city-of-halifax/lovely-2-bedroom-on-spring-garden-rd/1678071831>
{'Title': 'LOVELY - 2 BEDROOM ON SPRING GARDEN RD', 'Rent': '3200', 'Address': '5670 Spring Garden Road, Halifax, NS, B3J 1H6', 'Date Posted': '2024-02-29T01:29:27.000Z', 'How Long Ago': 'about 3 hours ago', 'Unit Type': 'Apartment', 'Bedrooms': '2', 'Bathrooms': '2', 'Utilities': ['Heat', 'Water'], 'Wifi and More': 'Not Included', 'Parking': '0', 'Agreement': '1 Year', 'Pet Friendly': 'No', 'Size': 'Not Available', 'Furnished': 'No', 'Appliances': ['Laundry (In Unit)', 'Dishwasher', 'Fridge / Freezer'], 'Air Conditioning': 'Yes', 'Personal Space': [], 'Smoking': 'No', 'Ameneties': ['Gym', 'Bicycle Parking', 'Elevator in Building'], 'Seller': 'Professional', 'Seller Name': 'muse.universalgroup.ca'}
[ 2024-02-29 00:10:41,986 ] 331 scrapy.core.engine - DEBUG - Crawled (200) <GET https://www.kijiji.ca/v-apartments-condos/bedford/royal-gardens-2-bedroom-apartment-for-rent/1682383167> (referer: https://www.kijiji.ca/b-apartments-condos/city-of-halifax/apartment/k0c37l1700321?sort=dateDesc&radius=50.0&ad=offer&address=Halifax+Regional+Municipality%2C+NS&ll=44.6475811%2C-63.5727683)
[ 2024-02-29 00:10:42,104 ] 93 root - INFO - Data added to DB
[ 2024-02-29 00:10:42,104 ] 389 scrapy.core.scraper - DEBUG - Scraped from <200 https://www.kijiji.ca/v-apartments-condos/bedford/royal-gardens-2-bedroom-apartment-for-rent/1682383167>
{'Title': 'Royal Gardens - 2 Bedroom Apartment for Rent', 'Rent': '2500', 'Address': '671 Larry Uteck Boulevard, Bedford, NS, B3M 0J6', 'Date Posted': '2024-02-29T01:32:02.000Z', 'How Long Ago': 'about 3 hours ago', 'Unit Type': 'Apartment', 'Bedrooms': '2', 'Bathrooms': '2', 'Utilities': [], 'Wifi and More': 'Not Included', 'Parking': '0', 'Agreement': '1 Year', 'Pet Friendly': 'Limited', 'Size': 'Not Available', 'Furnished': 'No', 'Appliances': ['Laundry (In Unit)', 'Dishwasher', 'Fridge / Freezer'], 'Air Conditioning': 'Yes', 'Personal Space': ['Balcony'], 'Smoking': 'No', 'Ameneties': ['Storage Space', 'Elevator in Building'], 'Seller': 'Professional', 'Seller Name': None}
[ 2024-02-29 00:10:55,497 ] 331 scrapy.core.engine - DEBUG - Crawled (200) <GET https://www.kijiji.ca/v-apartments-condos/city-of-halifax/large-2-bedroom-in-west-end-halifax/1570198829> (referer: https://www.kijiji.ca/b-apartments-condos/city-of-halifax/apartment/k0c37l1700321?sort=dateDesc&radius=50.0&ad=offer&address=Halifax+Regional+Municipality%2C+NS&ll=44.6475811%2C-63.5727683)
[ 2024-02-29 00:10:55,617 ] 93 root - INFO - Data added to DB
[ 2024-02-29 00:10:55,618 ] 389 scrapy.core.scraper - DEBUG - Scraped from <200 https://www.kijiji.ca/v-apartments-condos/city-of-halifax/large-2-bedroom-in-west-end-halifax/1570198829>
{'Title': 'LARGE 2 BEDROOM IN WEST END HALIFAX', 'Rent': '2085', 'Address': '6969 Bayers Road, Halifax, NS, B3L 4P3', 'Date Posted': '2024-02-29T02:01:44.000Z', 'How Long Ago': 'about 2 hours ago', 'Unit Type': 'Apartment', 'Bedrooms': '2', 'Bathrooms': '1', 'Utilities': ['Heat', 'Water'], 'Wifi and More': 'Not Included', 'Parking': '1', 'Agreement': '1 Year', 'Pet Friendly': 'No', 'Size': 'Not Available', 'Furnished': 'No', 'Appliances': ['Laundry (In Building)', 'Fridge / Freezer'], 'Air Conditioning': 'No', 'Personal Space': ['Yard', 'Balcony'], 'Smoking': 'No', 'Ameneties': [], 'Seller': 'Professional', 'Seller Name': 'bayers1-universalgroup.securecafe.com'}
[ 2024-02-29 00:11:00,301 ] 54 scrapy.extensions.logstats - INFO - Crawled 40 pages (at 5 pages/min), scraped 38 items (at 5 items/min)
[ 2024-02-29 00:11:06,651 ] 331 scrapy.core.engine - DEBUG - Crawled (200) <GET https://www.kijiji.ca/v-apartments-condos/city-of-halifax/open-house-saturday-10-4-1-bedroom-near-public-gardens/1678071862> (referer: https://www.kijiji.ca/b-apartments-condos/city-of-halifax/apartment/k0c37l1700321?sort=dateDesc&radius=50.0&ad=offer&address=Halifax+Regional+Municipality%2C+NS&ll=44.6475811%2C-63.5727683)
[ 2024-02-29 00:11:06,764 ] 93 root - INFO - Data added to DB
[ 2024-02-29 00:11:06,764 ] 389 scrapy.core.scraper - DEBUG - Scraped from <200 https://www.kijiji.ca/v-apartments-condos/city-of-halifax/open-house-saturday-10-4-1-bedroom-near-public-gardens/1678071862>
{'Title': 'OPEN HOUSE SATURDAY 10-4 - 1 BEDROOM NEAR PUBLIC GARDENS', 'Rent': None, 'Address': '1545 / 1551 South Park Street, Halifax, NS, B3J 4B3', 'Date Posted': '2024-02-29T02:01:44.000Z', 'How Long Ago': 'about 2 hours ago', 'Unit Type': 'Apartment', 'Bedrooms': '1', 'Bathrooms': '1', 'Utilities': ['Heat', 'Water'], 'Wifi and More': 'Not Included', 'Parking': '0', 'Agreement': '1 Year', 'Pet Friendly': 'Limited', 'Size': 'Not Available', 'Furnished': 'No', 'Appliances': ['Laundry (In Unit)', 'Dishwasher', 'Fridge / Freezer'], 'Air Conditioning': 'No', 'Personal Space': ['Balcony'], 'Smoking': 'No', 'Ameneties': ['Gym', 'Concierge', '24 Hour Security', 'Bicycle Parking', 'Elevator in Building'], 'Seller': 'Professional', 'Seller Name': 'paramount-universalgroup.securecafe.com'}
[ 2024-02-29 00:11:19,966 ] 331 scrapy.core.engine - DEBUG - Crawled (200) <GET https://www.kijiji.ca/v-apartments-condos/city-of-halifax/open-house-saturday-10-4-1-bedroom-downtown-halifax/1667845560> (referer: https://www.kijiji.ca/b-apartments-condos/city-of-halifax/apartment/k0c37l1700321?sort=dateDesc&radius=50.0&ad=offer&address=Halifax+Regional+Municipality%2C+NS&ll=44.6475811%2C-63.5727683)
[ 2024-02-29 00:11:20,076 ] 93 root - INFO - Data added to DB
[ 2024-02-29 00:11:20,076 ] 389 scrapy.core.scraper - DEBUG - Scraped from <200 https://www.kijiji.ca/v-apartments-condos/city-of-halifax/open-house-saturday-10-4-1-bedroom-downtown-halifax/1667845560>
{'Title': 'OPEN HOUSE SATURDAY 10-4 - 1 BEDROOM DOWNTOWN HALIFAX', 'Rent': '2283', 'Address': '1015 Barrington Street, Halifax, NS, B3H 4R4', 'Date Posted': '2024-02-29T02:01:44.000Z', 'How Long Ago': 'about 2 hours ago', 'Unit Type': 'Apartment', 'Bedrooms': '1', 'Bathrooms': '1', 'Utilities': ['Heat', 'Water'], 'Wifi and More': 'Not Included', 'Parking': '0', 'Agreement': '1 Year', 'Pet Friendly': 'Limited', 'Size': 'Not Available', 'Furnished': 'No', 'Appliances': ['Laundry (In Unit)', 'Dishwasher', 'Fridge / Freezer'], 'Air Conditioning': 'No', 'Personal Space': ['Balcony'], 'Smoking': 'Yes', 'Ameneties': ['Bicycle Parking'], 'Seller': 'Professional', 'Seller Name': 'peninsula-universalgroup.securecafe.com'}
[ 2024-02-29 00:11:20,077 ] 411 scrapy.core.engine - INFO - Closing spider (finished)
[ 2024-02-29 00:11:20,078 ] 53 root - INFO - SQLite DB Connection Closed
[ 2024-02-29 00:11:20,081 ] 58 scrapy.statscollectors - INFO - Dumping Scrapy stats:
{'downloader/request_bytes': 41155,
 'downloader/request_count': 42,
 'downloader/request_method_count/GET': 42,
 'downloader/response_bytes': 1300048,
 'downloader/response_count': 42,
 'downloader/response_status_count/200': 41,
 'downloader/response_status_count/403': 1,
 'elapsed_time_seconds': 499.779966,
 'finish_reason': 'finished',
 'finish_time': datetime.datetime(2024, 2, 29, 4, 11, 20, 80054, tzinfo=datetime.timezone.utc),
 'httpcompression/response_bytes': 6501353,
 'httpcompression/response_count': 42,
 'item_scraped_count': 40,
 'log_count/DEBUG': 87,
 'log_count/INFO': 61,
 'memusage/max': 85164032,
 'memusage/startup': 66617344,
 'request_depth_max': 1,
 'response_received_count': 42,
 'robotstxt/request_count': 1,
 'robotstxt/response_count': 1,
 'robotstxt/response_status_count/403': 1,
 'scheduler/dequeued': 41,
 'scheduler/dequeued/memory': 41,
 'scheduler/enqueued': 41,
 'scheduler/enqueued/memory': 41,
 'start_time': datetime.datetime(2024, 2, 29, 4, 3, 0, 300088, tzinfo=datetime.timezone.utc)}
[ 2024-02-29 00:11:20,081 ] 452 scrapy.core.engine - INFO - Spider closed (finished)
