[ 2024-03-17 21:54:48,691 ] 150 scrapy.utils.log - INFO - Scrapy 2.8.0 started (bot: housing_webscraping)
[ 2024-03-17 21:54:48,697 ] 159 scrapy.utils.log - INFO - Versions: lxml 4.9.3.0, libxml2 2.10.4, cssselect 1.1.0, parsel 1.6.0, w3lib 1.21.0, Twisted 22.10.0, Python 3.11.5 (main, Sep 11 2023, 08:31:25) [Clang 14.0.6 ], pyOpenSSL 23.2.0 (OpenSSL 3.0.12 24 Oct 2023), cryptography 41.0.3, Platform macOS-13.5.2-arm64-arm-64bit
[ 2024-03-17 21:54:48,699 ] 71 scrapy.crawler - INFO - Overridden settings:
{'BOT_NAME': 'housing_webscraping',
 'DOWNLOAD_DELAY': 3,
 'FEED_EXPORT_ENCODING': 'utf-8',
 'NEWSPIDER_MODULE': 'housing_webscraping.spiders',
 'REQUEST_FINGERPRINTER_IMPLEMENTATION': '2.7',
 'ROBOTSTXT_OBEY': True,
 'SPIDER_MODULES': ['housing_webscraping.spiders'],
 'TWISTED_REACTOR': 'twisted.internet.asyncioreactor.AsyncioSelectorReactor'}
[ 2024-03-17 21:54:48,700 ] 54 asyncio - DEBUG - Using selector: KqueueSelector
[ 2024-03-17 21:54:48,700 ] 165 scrapy.utils.log - DEBUG - Using reactor: twisted.internet.asyncioreactor.AsyncioSelectorReactor
[ 2024-03-17 21:54:48,700 ] 169 scrapy.utils.log - DEBUG - Using asyncio event loop: asyncio.unix_events._UnixSelectorEventLoop
[ 2024-03-17 21:54:48,708 ] 58 scrapy.extensions.telnet - INFO - Telnet Password: d5bd4a112550001a
[ 2024-03-17 21:54:48,716 ] 109 py.warnings - WARNING - /Users/jerrycalebj/anaconda3/lib/python3.11/site-packages/scrapy/extensions/feedexport.py:315: ScrapyDeprecationWarning: The `FEED_URI` and `FEED_FORMAT` settings have been deprecated in favor of the `FEEDS` setting. Please see the `FEEDS` setting docs for more details
  exporter = cls(crawler)

[ 2024-03-17 21:54:48,719 ] 56 scrapy.middleware - INFO - Enabled extensions:
['scrapy.extensions.corestats.CoreStats',
 'scrapy.extensions.telnet.TelnetConsole',
 'scrapy.extensions.memusage.MemoryUsage',
 'scrapy.extensions.feedexport.FeedExporter',
 'scrapy.extensions.logstats.LogStats']
[ 2024-03-17 21:54:48,790 ] 56 scrapy.middleware - INFO - Enabled downloader middlewares:
['scrapy.downloadermiddlewares.robotstxt.RobotsTxtMiddleware',
 'scrapy.downloadermiddlewares.httpauth.HttpAuthMiddleware',
 'scrapy.downloadermiddlewares.downloadtimeout.DownloadTimeoutMiddleware',
 'scrapy.downloadermiddlewares.defaultheaders.DefaultHeadersMiddleware',
 'scrapy.downloadermiddlewares.useragent.UserAgentMiddleware',
 'scrapy.downloadermiddlewares.retry.RetryMiddleware',
 'scrapy.downloadermiddlewares.redirect.MetaRefreshMiddleware',
 'scrapy.downloadermiddlewares.httpcompression.HttpCompressionMiddleware',
 'scrapy.downloadermiddlewares.redirect.RedirectMiddleware',
 'scrapy.downloadermiddlewares.cookies.CookiesMiddleware',
 'scrapy.downloadermiddlewares.httpproxy.HttpProxyMiddleware',
 'scrapy.downloadermiddlewares.stats.DownloaderStats']
[ 2024-03-17 21:54:48,792 ] 56 scrapy.middleware - INFO - Enabled spider middlewares:
['scrapy.spidermiddlewares.httperror.HttpErrorMiddleware',
 'scrapy.spidermiddlewares.offsite.OffsiteMiddleware',
 'scrapy.spidermiddlewares.referer.RefererMiddleware',
 'scrapy.spidermiddlewares.urllength.UrlLengthMiddleware',
 'scrapy.spidermiddlewares.depth.DepthMiddleware']
[ 2024-03-17 21:54:48,793 ] 56 scrapy.middleware - INFO - Enabled item pipelines:
[]
[ 2024-03-17 21:54:48,793 ] 355 scrapy.core.engine - INFO - Spider opened
[ 2024-03-17 21:54:48,834 ] 54 scrapy.extensions.logstats - INFO - Crawled 0 pages (at 0 pages/min), scraped 0 items (at 0 items/min)
[ 2024-03-17 21:54:48,835 ] 70 scrapy.extensions.telnet - INFO - Telnet console listening on 127.0.0.1:6026
[ 2024-03-17 21:54:49,815 ] 331 scrapy.core.engine - DEBUG - Crawled (200) <GET https://rentinhalifax.com/robots.txt> (referer: None)
[ 2024-03-17 21:54:52,905 ] 331 scrapy.core.engine - DEBUG - Crawled (200) <GET https://rentinhalifax.com/available-units/> (referer: None)
[ 2024-03-17 21:54:53,025 ] 28 root - INFO - Current URL : https://rentinhalifax.com/available-units/
[ 2024-03-17 21:54:55,864 ] 331 scrapy.core.engine - DEBUG - Crawled (200) <GET https://rentinhalifax.com/available-units/page/2/> (referer: https://rentinhalifax.com/available-units/)
[ 2024-03-17 21:54:55,972 ] 28 root - INFO - Current URL : https://rentinhalifax.com/available-units/page/2/
[ 2024-03-17 21:54:59,788 ] 331 scrapy.core.engine - DEBUG - Crawled (200) <GET https://rentinhalifax.com/properties/6056-south-street/> (referer: https://rentinhalifax.com/available-units/)
[ 2024-03-17 21:54:59,905 ] 371 scrapy.core.scraper - DEBUG - Scraped from <200 https://rentinhalifax.com/properties/6056-south-street/>
{'title': '2', 'price': '2399', 'apartment_details': 'Two Bed, One Bath', 'address': '6056 South Street - 2 ,Halifax ,NS', 'available_month': 'August 1, 2024', 'extraction_date': '2024-03-17'}
[ 2024-03-17 21:54:59,906 ] 371 scrapy.core.scraper - DEBUG - Scraped from <200 https://rentinhalifax.com/properties/6056-south-street/>
{'title': '3', 'price': '1999', 'apartment_details': 'One Bed, One Bath', 'address': '6056 South Street - 3 ,Halifax ,NS', 'available_month': 'May 1, 2024', 'extraction_date': '2024-03-17'}
[ 2024-03-17 21:54:59,907 ] 371 scrapy.core.scraper - DEBUG - Scraped from <200 https://rentinhalifax.com/properties/6056-south-street/>
{'title': '9', 'price': '2399', 'apartment_details': 'Two Bed, One Bath', 'address': '6056 South Street - 9 ,Halifax ,NS', 'available_month': 'August 1, 2024', 'extraction_date': '2024-03-17'}
[ 2024-03-17 21:54:59,907 ] 371 scrapy.core.scraper - DEBUG - Scraped from <200 https://rentinhalifax.com/properties/6056-south-street/>
{'title': '1A', 'price': '1549', 'apartment_details': 'Studio , One Bath', 'address': '6056 South Street - 1A ,Halifax ,NS', 'available_month': 'August 1, 2024', 'extraction_date': '2024-03-17'}
[ 2024-03-17 21:55:03,035 ] 331 scrapy.core.engine - DEBUG - Crawled (200) <GET https://rentinhalifax.com/properties/5713-victoria-road/> (referer: https://rentinhalifax.com/available-units/)
[ 2024-03-17 21:55:03,142 ] 371 scrapy.core.scraper - DEBUG - Scraped from <200 https://rentinhalifax.com/properties/5713-victoria-road/>
{'title': '103', 'price': '1599', 'apartment_details': 'Studio , One Bath', 'address': '5713 Victoria Road - 103 ,Halifax ,NS', 'available_month': 'August 1, 2023', 'extraction_date': '2024-03-17'}
[ 2024-03-17 21:55:03,142 ] 371 scrapy.core.scraper - DEBUG - Scraped from <200 https://rentinhalifax.com/properties/5713-victoria-road/>
{'title': '502', 'price': '2379', 'apartment_details': 'Two Bed, One Bath', 'address': '5713 Victoria Road - 502 ,Halifax ,NS', 'available_month': 'August 1, 2024', 'extraction_date': '2024-03-17'}
[ 2024-03-17 21:55:03,143 ] 371 scrapy.core.scraper - DEBUG - Scraped from <200 https://rentinhalifax.com/properties/5713-victoria-road/>
{'title': '606', 'price': '2509', 'apartment_details': 'Two Bed, One Bath', 'address': '5713 Victoria Road - 606 ,Halifax ,NS', 'available_month': 'May 1, 2024', 'extraction_date': '2024-03-17'}
[ 2024-03-17 21:55:03,143 ] 371 scrapy.core.scraper - DEBUG - Scraped from <200 https://rentinhalifax.com/properties/5713-victoria-road/>
{'title': '607', 'price': '1949', 'apartment_details': 'One Bed, One Bath', 'address': '5713 Victoria Road - 607 ,Halifax ,NS', 'available_month': 'May 1, 2024', 'extraction_date': '2024-03-17'}
[ 2024-03-17 21:55:03,143 ] 371 scrapy.core.scraper - DEBUG - Scraped from <200 https://rentinhalifax.com/properties/5713-victoria-road/>
{'title': '707', 'price': '1599', 'apartment_details': 'One Bed, One Bath', 'address': '5713 Victoria Road - 707 ,Halifax ,NS', 'available_month': 'Now', 'extraction_date': '2024-03-17'}
[ 2024-03-17 21:55:06,384 ] 331 scrapy.core.engine - DEBUG - Crawled (200) <GET https://rentinhalifax.com/properties/5726-inglis-street/> (referer: https://rentinhalifax.com/available-units/)
[ 2024-03-17 21:55:06,489 ] 371 scrapy.core.scraper - DEBUG - Scraped from <200 https://rentinhalifax.com/properties/5726-inglis-street/>
{'title': '201', 'price': '2199', 'apartment_details': 'One Bed, One Bath', 'address': '5726 Inglis Street - 201 ,Halifax ,NS', 'available_month': 'July 1, 2024', 'extraction_date': '2024-03-17'}
[ 2024-03-17 21:55:10,533 ] 331 scrapy.core.engine - DEBUG - Crawled (200) <GET https://rentinhalifax.com/properties/1029-south-park-street/> (referer: https://rentinhalifax.com/available-units/)
[ 2024-03-17 21:55:10,646 ] 371 scrapy.core.scraper - DEBUG - Scraped from <200 https://rentinhalifax.com/properties/1029-south-park-street/>
{'title': '2', 'price': '2199', 'apartment_details': 'One Bed, One Bath', 'address': '1029 South Park Street - 2 ,Halifax ,NS', 'available_month': 'May 1, 2024', 'extraction_date': '2024-03-17'}
[ 2024-03-17 21:55:14,427 ] 331 scrapy.core.engine - DEBUG - Crawled (200) <GET https://rentinhalifax.com/properties/1027-south-park-street/> (referer: https://rentinhalifax.com/available-units/)
[ 2024-03-17 21:55:14,535 ] 371 scrapy.core.scraper - DEBUG - Scraped from <200 https://rentinhalifax.com/properties/1027-south-park-street/>
{'title': 'Apartment 16', 'price': '2999', 'apartment_details': 'Two Bed, Two Bathroom', 'address': '1027 South Park St, Halifax, NS B3H 2W2', 'available_month': 'March 1, 2024', 'extraction_date': '2024-03-17'}
[ 2024-03-17 21:55:16,977 ] 331 scrapy.core.engine - DEBUG - Crawled (200) <GET https://rentinhalifax.com/properties/6140-lady-hammond-road/> (referer: https://rentinhalifax.com/available-units/)
[ 2024-03-17 21:55:17,084 ] 371 scrapy.core.scraper - DEBUG - Scraped from <200 https://rentinhalifax.com/properties/6140-lady-hammond-road/>
{'title': '201', 'price': '1829', 'apartment_details': 'One Bed, One Bath', 'address': '6140 Lady Hammond Road, Halifax, NS B3K 2R5', 'available_month': 'April 1, 2024', 'extraction_date': '2024-03-17'}
[ 2024-03-17 21:55:17,084 ] 371 scrapy.core.scraper - DEBUG - Scraped from <200 https://rentinhalifax.com/properties/6140-lady-hammond-road/>
{'title': '202', 'price': '1829', 'apartment_details': 'One Bed, One Bath', 'address': '6140 Lady Hammond Road, Halifax, NS B3K 2R5', 'available_month': 'April 1, 2024', 'extraction_date': '2024-03-17'}
[ 2024-03-17 21:55:17,085 ] 371 scrapy.core.scraper - DEBUG - Scraped from <200 https://rentinhalifax.com/properties/6140-lady-hammond-road/>
{'title': '301', 'price': '1849', 'apartment_details': 'One Bed, One Bath', 'address': '6140 Lady Hammond Road, Halifax, NS B3K 2R5', 'available_month': 'April 1, 2024', 'extraction_date': '2024-03-17'}
[ 2024-03-17 21:55:17,085 ] 371 scrapy.core.scraper - DEBUG - Scraped from <200 https://rentinhalifax.com/properties/6140-lady-hammond-road/>
{'title': '302', 'price': '1849', 'apartment_details': 'One Bed, One Bath', 'address': '6140 Lady Hammond Road, Halifax, NS B3K 2R5', 'available_month': 'April 1, 2024', 'extraction_date': '2024-03-17'}
[ 2024-03-17 21:55:17,085 ] 371 scrapy.core.scraper - DEBUG - Scraped from <200 https://rentinhalifax.com/properties/6140-lady-hammond-road/>
{'title': '304', 'price': '1849', 'apartment_details': 'One Bed, One Bath', 'address': '6140 Lady Hammond Road, Halifax, NS B3K 2R5', 'available_month': 'April 1, 2024', 'extraction_date': '2024-03-17'}
[ 2024-03-17 21:55:17,086 ] 371 scrapy.core.scraper - DEBUG - Scraped from <200 https://rentinhalifax.com/properties/6140-lady-hammond-road/>
{'title': '306', 'price': '1869', 'apartment_details': 'One Bed, One Bath', 'address': '6140 Lady Hammond Road, Halifax, NS B3K 2R5', 'available_month': 'April 1, 2024', 'extraction_date': '2024-03-17'}
[ 2024-03-17 21:55:21,273 ] 331 scrapy.core.engine - DEBUG - Crawled (200) <GET https://rentinhalifax.com/available-units/page/3/> (referer: https://rentinhalifax.com/available-units/page/2/)
[ 2024-03-17 21:55:21,379 ] 28 root - INFO - Current URL : https://rentinhalifax.com/available-units/page/3/
[ 2024-03-17 21:55:25,167 ] 331 scrapy.core.engine - DEBUG - Crawled (200) <GET https://rentinhalifax.com/properties/3536-connaught-avenue/> (referer: https://rentinhalifax.com/available-units/page/2/)
[ 2024-03-17 21:55:25,277 ] 371 scrapy.core.scraper - DEBUG - Scraped from <200 https://rentinhalifax.com/properties/3536-connaught-avenue/>
{'title': '14', 'price': '1499', 'apartment_details': 'Studio , One Bath', 'address': '3536 Connaught Aveunue - 14 ,Halifax ,NS', 'available_month': 'April 1, 2024', 'extraction_date': '2024-03-17'}
[ 2024-03-17 21:55:29,681 ] 331 scrapy.core.engine - DEBUG - Crawled (200) <GET https://rentinhalifax.com/properties/2100-poplar-street/> (referer: https://rentinhalifax.com/available-units/page/2/)
[ 2024-03-17 21:55:29,791 ] 371 scrapy.core.scraper - DEBUG - Scraped from <200 https://rentinhalifax.com/properties/2100-poplar-street/>
{'title': '2100', 'price': '2599', 'apartment_details': 'Two Bed, One Bath', 'address': '2100 Poplar Street ,Halifax ,NS', 'available_month': 'April 1, 2024', 'extraction_date': '2024-03-17'}
[ 2024-03-17 21:55:34,165 ] 331 scrapy.core.engine - DEBUG - Crawled (200) <GET https://rentinhalifax.com/properties/3699-windor-street/> (referer: https://rentinhalifax.com/available-units/page/2/)
[ 2024-03-17 21:55:34,291 ] 371 scrapy.core.scraper - DEBUG - Scraped from <200 https://rentinhalifax.com/properties/3699-windor-street/>
{'title': '6', 'price': '2099', 'apartment_details': 'Two Bed, One Bath', 'address': '3699 Windsor Street - 6 ,Halifax ,NS', 'available_month': 'August 1, 2024', 'extraction_date': '2024-03-17'}
[ 2024-03-17 21:55:38,095 ] 331 scrapy.core.engine - DEBUG - Crawled (200) <GET https://rentinhalifax.com/properties/5375-rector-street/> (referer: https://rentinhalifax.com/available-units/page/2/)
[ 2024-03-17 21:55:38,213 ] 371 scrapy.core.scraper - DEBUG - Scraped from <200 https://rentinhalifax.com/properties/5375-rector-street/>
{'title': '2', 'price': '1529', 'apartment_details': 'Studio , One Bath', 'address': '5375 Rector Street - 2 ,Halifax ,NS', 'available_month': 'August 1, 2024', 'extraction_date': '2024-03-17'}
[ 2024-03-17 21:55:42,454 ] 331 scrapy.core.engine - DEBUG - Crawled (200) <GET https://rentinhalifax.com/properties/3103-connaught-avenue/> (referer: https://rentinhalifax.com/available-units/page/2/)
[ 2024-03-17 21:55:42,569 ] 371 scrapy.core.scraper - DEBUG - Scraped from <200 https://rentinhalifax.com/properties/3103-connaught-avenue/>
{'title': '1', 'price': '1549', 'apartment_details': 'One Bed, One Bath', 'address': '3103 Connaught Avenue - 1 ,Halifax ,NS', 'available_month': 'May 1, 2024', 'extraction_date': '2024-03-17'}
[ 2024-03-17 21:55:45,794 ] 331 scrapy.core.engine - DEBUG - Crawled (200) <GET https://rentinhalifax.com/properties/6060-south-street/> (referer: https://rentinhalifax.com/available-units/page/2/)
[ 2024-03-17 21:55:45,911 ] 371 scrapy.core.scraper - DEBUG - Scraped from <200 https://rentinhalifax.com/properties/6060-south-street/>
{'title': '9', 'price': '2149', 'apartment_details': 'One Bed, One Bath', 'address': '6060 South Street - 9 ,Halifax ,NS', 'available_month': 'August 1, 2024', 'extraction_date': '2024-03-17'}
[ 2024-03-17 21:55:45,913 ] 371 scrapy.core.scraper - DEBUG - Scraped from <200 https://rentinhalifax.com/properties/6060-south-street/>
{'title': '10', 'price': '2099', 'apartment_details': 'One Bed, One Bath', 'address': '6060 South Street - 10 ,Halifax ,NS', 'available_month': 'August 1, 2024', 'extraction_date': '2024-03-17'}
[ 2024-03-17 21:55:45,914 ] 371 scrapy.core.scraper - DEBUG - Scraped from <200 https://rentinhalifax.com/properties/6060-south-street/>
{'title': '12', 'price': '1549', 'apartment_details': 'Studio , One Bath', 'address': '6060 South Street - 12 ,Halifax ,NS', 'available_month': 'August 1, 2024', 'extraction_date': '2024-03-17'}
[ 2024-03-17 21:55:48,835 ] 54 scrapy.extensions.logstats - INFO - Crawled 16 pages (at 16 pages/min), scraped 26 items (at 26 items/min)
[ 2024-03-17 21:55:49,985 ] 331 scrapy.core.engine - DEBUG - Crawled (200) <GET https://rentinhalifax.com/properties/5710-south-street/> (referer: https://rentinhalifax.com/available-units/page/3/)
[ 2024-03-17 21:55:50,103 ] 371 scrapy.core.scraper - DEBUG - Scraped from <200 https://rentinhalifax.com/properties/5710-south-street/>
{'title': '4', 'price': '1599', 'apartment_details': 'One Bed, One Bath', 'address': '5710 South Street - 4 ,Halifax ,NS', 'available_month': 'August 1, 2024', 'extraction_date': '2024-03-17'}
[ 2024-03-17 21:55:53,081 ] 331 scrapy.core.engine - DEBUG - Crawled (200) <GET https://rentinhalifax.com/properties/5670-inglis-street/> (referer: https://rentinhalifax.com/available-units/page/3/)
[ 2024-03-17 21:55:53,196 ] 371 scrapy.core.scraper - DEBUG - Scraped from <200 https://rentinhalifax.com/properties/5670-inglis-street/>
{'title': '2', 'price': '1949', 'apartment_details': 'One Bed, One Bath', 'address': '5670 Inglis Street - 2 ,Halifax ,NS', 'available_month': 'August 1, 2024', 'extraction_date': '2024-03-17'}
[ 2024-03-17 21:55:53,197 ] 371 scrapy.core.scraper - DEBUG - Scraped from <200 https://rentinhalifax.com/properties/5670-inglis-street/>
{'title': '6', 'price': '1949', 'apartment_details': 'One Bed, One Bath', 'address': '5670 Inglis Street - 6 ,Halifax ,NS', 'available_month': 'May 1, 2024', 'extraction_date': '2024-03-17'}
[ 2024-03-17 21:55:53,199 ] 406 scrapy.core.engine - INFO - Closing spider (finished)
[ 2024-03-17 21:55:53,201 ] 412 scrapy.extensions.feedexport - INFO - Stored csv feed (29 items) in: /Users/jerrycalebj/Documents/Coding/WebScraping - Housing/Housing_WebScraping/housing_webscraping/CSV_FILES/northpoint.csv
[ 2024-03-17 21:55:53,202 ] 45 scrapy.statscollectors - INFO - Dumping Scrapy stats:
{'downloader/request_bytes': 6354,
 'downloader/request_count': 18,
 'downloader/request_method_count/GET': 18,
 'downloader/response_bytes': 542418,
 'downloader/response_count': 18,
 'downloader/response_status_count/200': 18,
 'elapsed_time_seconds': 64.366511,
 'feedexport/success_count/FileFeedStorage': 1,
 'finish_reason': 'finished',
 'finish_time': datetime.datetime(2024, 3, 18, 0, 55, 53, 200545),
 'httpcompression/response_bytes': 3188040,
 'httpcompression/response_count': 18,
 'item_scraped_count': 29,
 'log_count/DEBUG': 50,
 'log_count/INFO': 15,
 'log_count/WARNING': 1,
 'memusage/max': 80986112,
 'memusage/startup': 69664768,
 'request_depth_max': 3,
 'response_received_count': 18,
 'robotstxt/request_count': 1,
 'robotstxt/response_count': 1,
 'robotstxt/response_status_count/200': 1,
 'scheduler/dequeued': 17,
 'scheduler/dequeued/memory': 17,
 'scheduler/enqueued': 17,
 'scheduler/enqueued/memory': 17,
 'start_time': datetime.datetime(2024, 3, 18, 0, 54, 48, 834034)}
[ 2024-03-17 21:55:53,202 ] 443 scrapy.core.engine - INFO - Spider closed (finished)
