[ 2024-03-15 15:48:36,867 ] 169 scrapy.utils.log - INFO - Scrapy 2.11.1 started (bot: housing_webscraping)
[ 2024-03-15 15:48:36,876 ] 178 scrapy.utils.log - INFO - Versions: lxml 5.1.0.0, libxml2 2.12.3, cssselect 1.2.0, parsel 1.8.1, w3lib 2.1.2, Twisted 23.10.0, Python 3.11.7 (main, Dec 15 2023, 12:09:56) [Clang 14.0.6 ], pyOpenSSL 24.0.0 (OpenSSL 3.2.1 30 Jan 2024), cryptography 42.0.3, Platform macOS-13.5.2-arm64-arm-64bit
[ 2024-03-15 15:48:36,878 ] 47 scrapy.addons - INFO - Enabled addons:
[]
[ 2024-03-15 15:48:36,879 ] 54 asyncio - DEBUG - Using selector: KqueueSelector
[ 2024-03-15 15:48:36,879 ] 184 scrapy.utils.log - DEBUG - Using reactor: twisted.internet.asyncioreactor.AsyncioSelectorReactor
[ 2024-03-15 15:48:36,879 ] 188 scrapy.utils.log - DEBUG - Using asyncio event loop: asyncio.unix_events._UnixSelectorEventLoop
[ 2024-03-15 15:48:36,886 ] 58 scrapy.extensions.telnet - INFO - Telnet Password: 66bc2d06e48f2051
[ 2024-03-15 15:48:36,908 ] 109 py.warnings - WARNING - /Users/jerrycalebj/anaconda3/envs/venv/lib/python3.11/site-packages/scrapy/extensions/feedexport.py:406: ScrapyDeprecationWarning: The `FEED_URI` and `FEED_FORMAT` settings have been deprecated in favor of the `FEEDS` setting. Please see the `FEEDS` setting docs for more details
  exporter = cls(crawler)

[ 2024-03-15 15:48:36,911 ] 78 scrapy.middleware - INFO - Enabled extensions:
['scrapy.extensions.corestats.CoreStats',
 'scrapy.extensions.telnet.TelnetConsole',
 'scrapy.extensions.memusage.MemoryUsage',
 'scrapy.extensions.feedexport.FeedExporter',
 'scrapy.extensions.logstats.LogStats']
[ 2024-03-15 15:48:36,911 ] 138 scrapy.crawler - INFO - Overridden settings:
{'BOT_NAME': 'housing_webscraping',
 'DOWNLOAD_DELAY': 3,
 'FEED_EXPORT_ENCODING': 'utf-8',
 'NEWSPIDER_MODULE': 'housing_webscraping.spiders',
 'REQUEST_FINGERPRINTER_IMPLEMENTATION': '2.7',
 'ROBOTSTXT_OBEY': True,
 'SPIDER_MODULES': ['housing_webscraping.spiders'],
 'TWISTED_REACTOR': 'twisted.internet.asyncioreactor.AsyncioSelectorReactor'}
[ 2024-03-15 15:48:36,956 ] 78 scrapy.middleware - INFO - Enabled downloader middlewares:
['scrapy.downloadermiddlewares.robotstxt.RobotsTxtMiddleware',
 'scrapy.downloadermiddlewares.httpauth.HttpAuthMiddleware',
 'scrapy.downloadermiddlewares.downloadtimeout.DownloadTimeoutMiddleware',
 'scrapy.downloadermiddlewares.defaultheaders.DefaultHeadersMiddleware',
 'scrapy.downloadermiddlewares.useragent.UserAgentMiddleware',
 'scrapy.downloadermiddlewares.retry.RetryMiddleware',
 'scrapy.downloadermiddlewares.redirect.MetaRefreshMiddleware',
 'scrapy.downloadermiddlewares.httpcompression.HttpCompressionMiddleware',
 'scrapy.downloadermiddlewares.redirect.RedirectMiddleware',
 'scrapy.downloadermiddlewares.cookies.CookiesMiddleware',
 'scrapy.downloadermiddlewares.httpproxy.HttpProxyMiddleware',
 'scrapy.downloadermiddlewares.stats.DownloaderStats']
[ 2024-03-15 15:48:36,957 ] 78 scrapy.middleware - INFO - Enabled spider middlewares:
['scrapy.spidermiddlewares.httperror.HttpErrorMiddleware',
 'scrapy.spidermiddlewares.offsite.OffsiteMiddleware',
 'scrapy.spidermiddlewares.referer.RefererMiddleware',
 'scrapy.spidermiddlewares.urllength.UrlLengthMiddleware',
 'scrapy.spidermiddlewares.depth.DepthMiddleware']
[ 2024-03-15 15:48:36,957 ] 78 scrapy.middleware - INFO - Enabled item pipelines:
[]
[ 2024-03-15 15:48:36,957 ] 359 scrapy.core.engine - INFO - Spider opened
[ 2024-03-15 15:48:36,961 ] 54 scrapy.extensions.logstats - INFO - Crawled 0 pages (at 0 pages/min), scraped 0 items (at 0 items/min)
[ 2024-03-15 15:48:36,962 ] 70 scrapy.extensions.telnet - INFO - Telnet console listening on 127.0.0.1:6025
[ 2024-03-15 15:48:37,366 ] 331 scrapy.core.engine - DEBUG - Crawled (200) <GET https://rentinhalifax.com/robots.txt> (referer: None)
[ 2024-03-15 15:48:40,731 ] 331 scrapy.core.engine - DEBUG - Crawled (200) <GET https://rentinhalifax.com/available-units/> (referer: None)
[ 2024-03-15 15:48:40,841 ] 28 root - INFO - Current URL : https://rentinhalifax.com/available-units/
[ 2024-03-15 15:48:43,913 ] 331 scrapy.core.engine - DEBUG - Crawled (200) <GET https://rentinhalifax.com/available-units/page/2/> (referer: https://rentinhalifax.com/available-units/)
[ 2024-03-15 15:48:44,024 ] 28 root - INFO - Current URL : https://rentinhalifax.com/available-units/page/2/
[ 2024-03-15 15:48:48,033 ] 331 scrapy.core.engine - DEBUG - Crawled (200) <GET https://rentinhalifax.com/properties/6056-south-street/> (referer: https://rentinhalifax.com/available-units/)
[ 2024-03-15 15:48:48,148 ] 389 scrapy.core.scraper - DEBUG - Scraped from <200 https://rentinhalifax.com/properties/6056-south-street/>
{'title': '2', 'price': '2399', 'apartment_details': 'Two Bed, One Bath', 'address': '6056 South Street - 2 ,Halifax ,NS', 'available_month': 'August 1, 2024', 'extraction_date': '2024-03-15'}
[ 2024-03-15 15:48:48,150 ] 389 scrapy.core.scraper - DEBUG - Scraped from <200 https://rentinhalifax.com/properties/6056-south-street/>
{'title': '3', 'price': '1999', 'apartment_details': 'One Bed, One Bath', 'address': '6056 South Street - 3 ,Halifax ,NS', 'available_month': 'May 1, 2024', 'extraction_date': '2024-03-15'}
[ 2024-03-15 15:48:48,150 ] 389 scrapy.core.scraper - DEBUG - Scraped from <200 https://rentinhalifax.com/properties/6056-south-street/>
{'title': '9', 'price': '2399', 'apartment_details': 'Two Bed, One Bath', 'address': '6056 South Street - 9 ,Halifax ,NS', 'available_month': 'August 1, 2024', 'extraction_date': '2024-03-15'}
[ 2024-03-15 15:48:48,151 ] 389 scrapy.core.scraper - DEBUG - Scraped from <200 https://rentinhalifax.com/properties/6056-south-street/>
{'title': '1A', 'price': '1549', 'apartment_details': 'Studio , One Bath', 'address': '6056 South Street - 1A ,Halifax ,NS', 'available_month': 'August 1, 2024', 'extraction_date': '2024-03-15'}
[ 2024-03-15 15:48:51,635 ] 331 scrapy.core.engine - DEBUG - Crawled (200) <GET https://rentinhalifax.com/properties/5713-victoria-road/> (referer: https://rentinhalifax.com/available-units/)
[ 2024-03-15 15:48:51,752 ] 389 scrapy.core.scraper - DEBUG - Scraped from <200 https://rentinhalifax.com/properties/5713-victoria-road/>
{'title': '103', 'price': '1599', 'apartment_details': 'Studio , One Bath', 'address': '5713 Victoria Road - 103 ,Halifax ,NS', 'available_month': 'August 1, 2023', 'extraction_date': '2024-03-15'}
[ 2024-03-15 15:48:51,754 ] 389 scrapy.core.scraper - DEBUG - Scraped from <200 https://rentinhalifax.com/properties/5713-victoria-road/>
{'title': '606', 'price': '2509', 'apartment_details': 'Two Bed, One Bath', 'address': '5713 Victoria Road - 606 ,Halifax ,NS', 'available_month': 'May 1, 2024', 'extraction_date': '2024-03-15'}
[ 2024-03-15 15:48:51,754 ] 389 scrapy.core.scraper - DEBUG - Scraped from <200 https://rentinhalifax.com/properties/5713-victoria-road/>
{'title': '607', 'price': '1949', 'apartment_details': 'One Bed, One Bath', 'address': '5713 Victoria Road - 607 ,Halifax ,NS', 'available_month': 'May 1, 2024', 'extraction_date': '2024-03-15'}
[ 2024-03-15 15:48:51,755 ] 389 scrapy.core.scraper - DEBUG - Scraped from <200 https://rentinhalifax.com/properties/5713-victoria-road/>
{'title': '707', 'price': '1599', 'apartment_details': 'One Bed, One Bath', 'address': '5713 Victoria Road - 707 ,Halifax ,NS', 'available_month': 'Now', 'extraction_date': '2024-03-15'}
[ 2024-03-15 15:48:55,074 ] 331 scrapy.core.engine - DEBUG - Crawled (200) <GET https://rentinhalifax.com/properties/5726-inglis-street/> (referer: https://rentinhalifax.com/available-units/)
[ 2024-03-15 15:48:55,183 ] 389 scrapy.core.scraper - DEBUG - Scraped from <200 https://rentinhalifax.com/properties/5726-inglis-street/>
{'title': '201', 'price': '2199', 'apartment_details': 'One Bed, One Bath', 'address': '5726 Inglis Street - 201 ,Halifax ,NS', 'available_month': 'July 1, 2024', 'extraction_date': '2024-03-15'}
[ 2024-03-15 15:48:58,408 ] 331 scrapy.core.engine - DEBUG - Crawled (200) <GET https://rentinhalifax.com/properties/1029-south-park-street/> (referer: https://rentinhalifax.com/available-units/)
[ 2024-03-15 15:48:58,519 ] 389 scrapy.core.scraper - DEBUG - Scraped from <200 https://rentinhalifax.com/properties/1029-south-park-street/>
{'title': '2', 'price': '2199', 'apartment_details': 'One Bed, One Bath', 'address': '1029 South Park Street - 2 ,Halifax ,NS', 'available_month': 'May 1, 2024', 'extraction_date': '2024-03-15'}
[ 2024-03-15 15:49:02,748 ] 331 scrapy.core.engine - DEBUG - Crawled (200) <GET https://rentinhalifax.com/properties/1027-south-park-street/> (referer: https://rentinhalifax.com/available-units/)
[ 2024-03-15 15:49:02,855 ] 389 scrapy.core.scraper - DEBUG - Scraped from <200 https://rentinhalifax.com/properties/1027-south-park-street/>
{'title': 'Apartment 16', 'price': '2999', 'apartment_details': 'Two Bed, Two Bathroom', 'address': '1027 South Park St, Halifax, NS B3H 2W2', 'available_month': 'March 1, 2024', 'extraction_date': '2024-03-15'}
[ 2024-03-15 15:49:06,956 ] 331 scrapy.core.engine - DEBUG - Crawled (200) <GET https://rentinhalifax.com/properties/6140-lady-hammond-road/> (referer: https://rentinhalifax.com/available-units/)
[ 2024-03-15 15:49:07,074 ] 389 scrapy.core.scraper - DEBUG - Scraped from <200 https://rentinhalifax.com/properties/6140-lady-hammond-road/>
{'title': '201', 'price': '1829', 'apartment_details': 'One Bed, One Bath', 'address': '6140 Lady Hammond Road, Halifax, NS B3K 2R5', 'available_month': 'April 1, 2024', 'extraction_date': '2024-03-15'}
[ 2024-03-15 15:49:07,075 ] 389 scrapy.core.scraper - DEBUG - Scraped from <200 https://rentinhalifax.com/properties/6140-lady-hammond-road/>
{'title': '202', 'price': '1829', 'apartment_details': 'One Bed, One Bath', 'address': '6140 Lady Hammond Road, Halifax, NS B3K 2R5', 'available_month': 'April 1, 2024', 'extraction_date': '2024-03-15'}
[ 2024-03-15 15:49:07,076 ] 389 scrapy.core.scraper - DEBUG - Scraped from <200 https://rentinhalifax.com/properties/6140-lady-hammond-road/>
{'title': '301', 'price': '1849', 'apartment_details': 'One Bed, One Bath', 'address': '6140 Lady Hammond Road, Halifax, NS B3K 2R5', 'available_month': 'April 1, 2024', 'extraction_date': '2024-03-15'}
[ 2024-03-15 15:49:07,076 ] 389 scrapy.core.scraper - DEBUG - Scraped from <200 https://rentinhalifax.com/properties/6140-lady-hammond-road/>
{'title': '302', 'price': '1849', 'apartment_details': 'One Bed, One Bath', 'address': '6140 Lady Hammond Road, Halifax, NS B3K 2R5', 'available_month': 'April 1, 2024', 'extraction_date': '2024-03-15'}
[ 2024-03-15 15:49:07,077 ] 389 scrapy.core.scraper - DEBUG - Scraped from <200 https://rentinhalifax.com/properties/6140-lady-hammond-road/>
{'title': '304', 'price': '1849', 'apartment_details': 'One Bed, One Bath', 'address': '6140 Lady Hammond Road, Halifax, NS B3K 2R5', 'available_month': 'April 1, 2024', 'extraction_date': '2024-03-15'}
[ 2024-03-15 15:49:07,077 ] 389 scrapy.core.scraper - DEBUG - Scraped from <200 https://rentinhalifax.com/properties/6140-lady-hammond-road/>
{'title': '306', 'price': '1869', 'apartment_details': 'One Bed, One Bath', 'address': '6140 Lady Hammond Road, Halifax, NS B3K 2R5', 'available_month': 'April 1, 2024', 'extraction_date': '2024-03-15'}
[ 2024-03-15 15:49:10,637 ] 331 scrapy.core.engine - DEBUG - Crawled (200) <GET https://rentinhalifax.com/available-units/page/3/> (referer: https://rentinhalifax.com/available-units/page/2/)
[ 2024-03-15 15:49:10,747 ] 28 root - INFO - Current URL : https://rentinhalifax.com/available-units/page/3/
[ 2024-03-15 15:49:13,697 ] 331 scrapy.core.engine - DEBUG - Crawled (200) <GET https://rentinhalifax.com/properties/3536-connaught-avenue/> (referer: https://rentinhalifax.com/available-units/page/2/)
[ 2024-03-15 15:49:13,812 ] 389 scrapy.core.scraper - DEBUG - Scraped from <200 https://rentinhalifax.com/properties/3536-connaught-avenue/>
{'title': '14', 'price': '1499', 'apartment_details': 'Studio , One Bath', 'address': '3536 Connaught Aveunue - 14 ,Halifax ,NS', 'available_month': 'April 1, 2024', 'extraction_date': '2024-03-15'}
[ 2024-03-15 15:49:16,061 ] 331 scrapy.core.engine - DEBUG - Crawled (200) <GET https://rentinhalifax.com/properties/2100-poplar-street/> (referer: https://rentinhalifax.com/available-units/page/2/)
[ 2024-03-15 15:49:16,166 ] 389 scrapy.core.scraper - DEBUG - Scraped from <200 https://rentinhalifax.com/properties/2100-poplar-street/>
{'title': '2100', 'price': '2599', 'apartment_details': 'Two Bed, One Bath', 'address': '2100 Poplar Street ,Halifax ,NS', 'available_month': 'April 1, 2024', 'extraction_date': '2024-03-15'}
[ 2024-03-15 15:49:19,856 ] 331 scrapy.core.engine - DEBUG - Crawled (200) <GET https://rentinhalifax.com/properties/3699-windor-street/> (referer: https://rentinhalifax.com/available-units/page/2/)
[ 2024-03-15 15:49:19,969 ] 389 scrapy.core.scraper - DEBUG - Scraped from <200 https://rentinhalifax.com/properties/3699-windor-street/>
{'title': '6', 'price': '2099', 'apartment_details': 'Two Bed, One Bath', 'address': '3699 Windsor Street - 6 ,Halifax ,NS', 'available_month': 'August 1, 2024', 'extraction_date': '2024-03-15'}
[ 2024-03-15 15:49:24,404 ] 331 scrapy.core.engine - DEBUG - Crawled (200) <GET https://rentinhalifax.com/properties/5375-rector-street/> (referer: https://rentinhalifax.com/available-units/page/2/)
[ 2024-03-15 15:49:24,509 ] 389 scrapy.core.scraper - DEBUG - Scraped from <200 https://rentinhalifax.com/properties/5375-rector-street/>
{'title': '2', 'price': '1529', 'apartment_details': 'Studio , One Bath', 'address': '5375 Rector Street - 2 ,Halifax ,NS', 'available_month': 'August 1, 2024', 'extraction_date': '2024-03-15'}
[ 2024-03-15 15:49:29,358 ] 331 scrapy.core.engine - DEBUG - Crawled (200) <GET https://rentinhalifax.com/properties/3103-connaught-avenue/> (referer: https://rentinhalifax.com/available-units/page/2/)
[ 2024-03-15 15:49:29,477 ] 389 scrapy.core.scraper - DEBUG - Scraped from <200 https://rentinhalifax.com/properties/3103-connaught-avenue/>
{'title': '1', 'price': '1549', 'apartment_details': 'One Bed, One Bath', 'address': '3103 Connaught Avenue - 1 ,Halifax ,NS', 'available_month': 'May 1, 2024', 'extraction_date': '2024-03-15'}
[ 2024-03-15 15:49:32,540 ] 331 scrapy.core.engine - DEBUG - Crawled (200) <GET https://rentinhalifax.com/properties/6060-south-street/> (referer: https://rentinhalifax.com/available-units/page/2/)
[ 2024-03-15 15:49:32,654 ] 389 scrapy.core.scraper - DEBUG - Scraped from <200 https://rentinhalifax.com/properties/6060-south-street/>
{'title': '9', 'price': '2149', 'apartment_details': 'One Bed, One Bath', 'address': '6060 South Street - 9 ,Halifax ,NS', 'available_month': 'August 1, 2024', 'extraction_date': '2024-03-15'}
[ 2024-03-15 15:49:32,655 ] 389 scrapy.core.scraper - DEBUG - Scraped from <200 https://rentinhalifax.com/properties/6060-south-street/>
{'title': '10', 'price': '2099', 'apartment_details': 'One Bed, One Bath', 'address': '6060 South Street - 10 ,Halifax ,NS', 'available_month': 'August 1, 2024', 'extraction_date': '2024-03-15'}
[ 2024-03-15 15:49:32,656 ] 389 scrapy.core.scraper - DEBUG - Scraped from <200 https://rentinhalifax.com/properties/6060-south-street/>
{'title': '12', 'price': '1549', 'apartment_details': 'Studio , One Bath', 'address': '6060 South Street - 12 ,Halifax ,NS', 'available_month': 'August 1, 2024', 'extraction_date': '2024-03-15'}
[ 2024-03-15 15:49:36,962 ] 54 scrapy.extensions.logstats - INFO - Crawled 16 pages (at 16 pages/min), scraped 25 items (at 25 items/min)
[ 2024-03-15 15:49:37,744 ] 331 scrapy.core.engine - DEBUG - Crawled (200) <GET https://rentinhalifax.com/properties/5710-south-street/> (referer: https://rentinhalifax.com/available-units/page/3/)
[ 2024-03-15 15:49:37,853 ] 389 scrapy.core.scraper - DEBUG - Scraped from <200 https://rentinhalifax.com/properties/5710-south-street/>
{'title': '4', 'price': '1599', 'apartment_details': 'One Bed, One Bath', 'address': '5710 South Street - 4 ,Halifax ,NS', 'available_month': 'August 1, 2024', 'extraction_date': '2024-03-15'}
[ 2024-03-15 15:49:41,009 ] 331 scrapy.core.engine - DEBUG - Crawled (200) <GET https://rentinhalifax.com/properties/5670-inglis-street/> (referer: https://rentinhalifax.com/available-units/page/3/)
[ 2024-03-15 15:49:41,121 ] 389 scrapy.core.scraper - DEBUG - Scraped from <200 https://rentinhalifax.com/properties/5670-inglis-street/>
{'title': '2', 'price': '1949', 'apartment_details': 'One Bed, One Bath', 'address': '5670 Inglis Street - 2 ,Halifax ,NS', 'available_month': 'August 1, 2024', 'extraction_date': '2024-03-15'}
[ 2024-03-15 15:49:41,122 ] 389 scrapy.core.scraper - DEBUG - Scraped from <200 https://rentinhalifax.com/properties/5670-inglis-street/>
{'title': '6', 'price': '1949', 'apartment_details': 'One Bed, One Bath', 'address': '5670 Inglis Street - 6 ,Halifax ,NS', 'available_month': 'May 1, 2024', 'extraction_date': '2024-03-15'}
[ 2024-03-15 15:49:41,124 ] 411 scrapy.core.engine - INFO - Closing spider (finished)
[ 2024-03-15 15:49:41,125 ] 532 scrapy.extensions.feedexport - INFO - Stored csv feed (28 items) in: /Users/jerrycalebj/Documents/Coding/WebScraping - Housing/Housing_WebScraping/housing_webscraping/CSV_FILES/northpoint.csv
[ 2024-03-15 15:49:41,126 ] 58 scrapy.statscollectors - INFO - Dumping Scrapy stats:
{'downloader/request_bytes': 6175,
 'downloader/request_count': 18,
 'downloader/request_method_count/GET': 18,
 'downloader/response_bytes': 535973,
 'downloader/response_count': 18,
 'downloader/response_status_count/200': 18,
 'elapsed_time_seconds': 64.163541,
 'feedexport/success_count/FileFeedStorage': 1,
 'finish_reason': 'finished',
 'finish_time': datetime.datetime(2024, 3, 15, 18, 49, 41, 124681, tzinfo=datetime.timezone.utc),
 'httpcompression/response_bytes': 3185973,
 'httpcompression/response_count': 18,
 'item_scraped_count': 28,
 'log_count/DEBUG': 49,
 'log_count/INFO': 15,
 'log_count/WARNING': 1,
 'memusage/max': 76840960,
 'memusage/startup': 67108864,
 'request_depth_max': 3,
 'response_received_count': 18,
 'robotstxt/request_count': 1,
 'robotstxt/response_count': 1,
 'robotstxt/response_status_count/200': 1,
 'scheduler/dequeued': 17,
 'scheduler/dequeued/memory': 17,
 'scheduler/enqueued': 17,
 'scheduler/enqueued/memory': 17,
 'start_time': datetime.datetime(2024, 3, 15, 18, 48, 36, 961140, tzinfo=datetime.timezone.utc)}
[ 2024-03-15 15:49:41,126 ] 452 scrapy.core.engine - INFO - Spider closed (finished)
