[ 2024-03-16 20:59:22,336 ] 169 scrapy.utils.log - INFO - Scrapy 2.11.1 started (bot: housing_webscraping)
[ 2024-03-16 20:59:22,354 ] 178 scrapy.utils.log - INFO - Versions: lxml 5.1.0.0, libxml2 2.12.3, cssselect 1.2.0, parsel 1.8.1, w3lib 2.1.2, Twisted 23.10.0, Python 3.11.7 (main, Dec 15 2023, 12:09:56) [Clang 14.0.6 ], pyOpenSSL 24.0.0 (OpenSSL 3.2.1 30 Jan 2024), cryptography 42.0.3, Platform macOS-13.5.2-arm64-arm-64bit
[ 2024-03-16 20:59:22,356 ] 47 scrapy.addons - INFO - Enabled addons:
[]
[ 2024-03-16 20:59:22,356 ] 54 asyncio - DEBUG - Using selector: KqueueSelector
[ 2024-03-16 20:59:22,356 ] 184 scrapy.utils.log - DEBUG - Using reactor: twisted.internet.asyncioreactor.AsyncioSelectorReactor
[ 2024-03-16 20:59:22,356 ] 188 scrapy.utils.log - DEBUG - Using asyncio event loop: asyncio.unix_events._UnixSelectorEventLoop
[ 2024-03-16 20:59:22,365 ] 58 scrapy.extensions.telnet - INFO - Telnet Password: 70bdf78a12b8538a
[ 2024-03-16 20:59:22,411 ] 109 py.warnings - WARNING - /Users/jerrycalebj/anaconda3/envs/venv/lib/python3.11/site-packages/scrapy/extensions/feedexport.py:406: ScrapyDeprecationWarning: The `FEED_URI` and `FEED_FORMAT` settings have been deprecated in favor of the `FEEDS` setting. Please see the `FEEDS` setting docs for more details
  exporter = cls(crawler)

[ 2024-03-16 20:59:22,415 ] 78 scrapy.middleware - INFO - Enabled extensions:
['scrapy.extensions.corestats.CoreStats',
 'scrapy.extensions.telnet.TelnetConsole',
 'scrapy.extensions.memusage.MemoryUsage',
 'scrapy.extensions.feedexport.FeedExporter',
 'scrapy.extensions.logstats.LogStats']
[ 2024-03-16 20:59:22,415 ] 138 scrapy.crawler - INFO - Overridden settings:
{'BOT_NAME': 'housing_webscraping',
 'DOWNLOAD_DELAY': 3,
 'FEED_EXPORT_ENCODING': 'utf-8',
 'NEWSPIDER_MODULE': 'housing_webscraping.spiders',
 'REQUEST_FINGERPRINTER_IMPLEMENTATION': '2.7',
 'ROBOTSTXT_OBEY': True,
 'SPIDER_MODULES': ['housing_webscraping.spiders'],
 'TWISTED_REACTOR': 'twisted.internet.asyncioreactor.AsyncioSelectorReactor'}
[ 2024-03-16 20:59:22,546 ] 78 scrapy.middleware - INFO - Enabled downloader middlewares:
['scrapy.downloadermiddlewares.robotstxt.RobotsTxtMiddleware',
 'scrapy.downloadermiddlewares.httpauth.HttpAuthMiddleware',
 'scrapy.downloadermiddlewares.downloadtimeout.DownloadTimeoutMiddleware',
 'scrapy.downloadermiddlewares.defaultheaders.DefaultHeadersMiddleware',
 'scrapy.downloadermiddlewares.useragent.UserAgentMiddleware',
 'scrapy.downloadermiddlewares.retry.RetryMiddleware',
 'scrapy.downloadermiddlewares.redirect.MetaRefreshMiddleware',
 'scrapy.downloadermiddlewares.httpcompression.HttpCompressionMiddleware',
 'scrapy.downloadermiddlewares.redirect.RedirectMiddleware',
 'scrapy.downloadermiddlewares.cookies.CookiesMiddleware',
 'scrapy.downloadermiddlewares.httpproxy.HttpProxyMiddleware',
 'scrapy.downloadermiddlewares.stats.DownloaderStats']
[ 2024-03-16 20:59:22,549 ] 78 scrapy.middleware - INFO - Enabled spider middlewares:
['scrapy.spidermiddlewares.httperror.HttpErrorMiddleware',
 'scrapy.spidermiddlewares.offsite.OffsiteMiddleware',
 'scrapy.spidermiddlewares.referer.RefererMiddleware',
 'scrapy.spidermiddlewares.urllength.UrlLengthMiddleware',
 'scrapy.spidermiddlewares.depth.DepthMiddleware']
[ 2024-03-16 20:59:22,549 ] 78 scrapy.middleware - INFO - Enabled item pipelines:
[]
[ 2024-03-16 20:59:22,549 ] 359 scrapy.core.engine - INFO - Spider opened
[ 2024-03-16 20:59:22,630 ] 54 scrapy.extensions.logstats - INFO - Crawled 0 pages (at 0 pages/min), scraped 0 items (at 0 items/min)
[ 2024-03-16 20:59:22,631 ] 70 scrapy.extensions.telnet - INFO - Telnet console listening on 127.0.0.1:6023
[ 2024-03-16 20:59:23,470 ] 331 scrapy.core.engine - DEBUG - Crawled (200) <GET https://rentinhalifax.com/robots.txt> (referer: None)
[ 2024-03-16 20:59:27,507 ] 331 scrapy.core.engine - DEBUG - Crawled (200) <GET https://rentinhalifax.com/available-units/> (referer: None)
[ 2024-03-16 20:59:27,625 ] 28 root - INFO - Current URL : https://rentinhalifax.com/available-units/
[ 2024-03-16 20:59:31,393 ] 331 scrapy.core.engine - DEBUG - Crawled (200) <GET https://rentinhalifax.com/available-units/page/2/> (referer: https://rentinhalifax.com/available-units/)
[ 2024-03-16 20:59:31,506 ] 28 root - INFO - Current URL : https://rentinhalifax.com/available-units/page/2/
[ 2024-03-16 20:59:35,272 ] 331 scrapy.core.engine - DEBUG - Crawled (200) <GET https://rentinhalifax.com/properties/6056-south-street/> (referer: https://rentinhalifax.com/available-units/)
[ 2024-03-16 20:59:35,388 ] 389 scrapy.core.scraper - DEBUG - Scraped from <200 https://rentinhalifax.com/properties/6056-south-street/>
{'title': '2', 'price': '2399', 'apartment_details': 'Two Bed, One Bath', 'address': '6056 South Street - 2 ,Halifax ,NS', 'available_month': 'August 1, 2024', 'extraction_date': '2024-03-16'}
[ 2024-03-16 20:59:35,389 ] 389 scrapy.core.scraper - DEBUG - Scraped from <200 https://rentinhalifax.com/properties/6056-south-street/>
{'title': '3', 'price': '1999', 'apartment_details': 'One Bed, One Bath', 'address': '6056 South Street - 3 ,Halifax ,NS', 'available_month': 'May 1, 2024', 'extraction_date': '2024-03-16'}
[ 2024-03-16 20:59:35,390 ] 389 scrapy.core.scraper - DEBUG - Scraped from <200 https://rentinhalifax.com/properties/6056-south-street/>
{'title': '9', 'price': '2399', 'apartment_details': 'Two Bed, One Bath', 'address': '6056 South Street - 9 ,Halifax ,NS', 'available_month': 'August 1, 2024', 'extraction_date': '2024-03-16'}
[ 2024-03-16 20:59:35,391 ] 389 scrapy.core.scraper - DEBUG - Scraped from <200 https://rentinhalifax.com/properties/6056-south-street/>
{'title': '1A', 'price': '1549', 'apartment_details': 'Studio , One Bath', 'address': '6056 South Street - 1A ,Halifax ,NS', 'available_month': 'August 1, 2024', 'extraction_date': '2024-03-16'}
[ 2024-03-16 20:59:38,264 ] 331 scrapy.core.engine - DEBUG - Crawled (200) <GET https://rentinhalifax.com/properties/5713-victoria-road/> (referer: https://rentinhalifax.com/available-units/)
[ 2024-03-16 20:59:38,369 ] 389 scrapy.core.scraper - DEBUG - Scraped from <200 https://rentinhalifax.com/properties/5713-victoria-road/>
{'title': '103', 'price': '1599', 'apartment_details': 'Studio , One Bath', 'address': '5713 Victoria Road - 103 ,Halifax ,NS', 'available_month': 'August 1, 2023', 'extraction_date': '2024-03-16'}
[ 2024-03-16 20:59:38,369 ] 389 scrapy.core.scraper - DEBUG - Scraped from <200 https://rentinhalifax.com/properties/5713-victoria-road/>
{'title': '502', 'price': '2379', 'apartment_details': 'Two Bed, One Bath', 'address': '5713 Victoria Road - 502 ,Halifax ,NS', 'available_month': 'August 1, 2024', 'extraction_date': '2024-03-16'}
[ 2024-03-16 20:59:38,369 ] 389 scrapy.core.scraper - DEBUG - Scraped from <200 https://rentinhalifax.com/properties/5713-victoria-road/>
{'title': '606', 'price': '2509', 'apartment_details': 'Two Bed, One Bath', 'address': '5713 Victoria Road - 606 ,Halifax ,NS', 'available_month': 'May 1, 2024', 'extraction_date': '2024-03-16'}
[ 2024-03-16 20:59:38,369 ] 389 scrapy.core.scraper - DEBUG - Scraped from <200 https://rentinhalifax.com/properties/5713-victoria-road/>
{'title': '607', 'price': '1949', 'apartment_details': 'One Bed, One Bath', 'address': '5713 Victoria Road - 607 ,Halifax ,NS', 'available_month': 'May 1, 2024', 'extraction_date': '2024-03-16'}
[ 2024-03-16 20:59:38,370 ] 389 scrapy.core.scraper - DEBUG - Scraped from <200 https://rentinhalifax.com/properties/5713-victoria-road/>
{'title': '707', 'price': '1599', 'apartment_details': 'One Bed, One Bath', 'address': '5713 Victoria Road - 707 ,Halifax ,NS', 'available_month': 'Now', 'extraction_date': '2024-03-16'}
[ 2024-03-16 20:59:41,973 ] 331 scrapy.core.engine - DEBUG - Crawled (200) <GET https://rentinhalifax.com/properties/5726-inglis-street/> (referer: https://rentinhalifax.com/available-units/)
[ 2024-03-16 20:59:42,083 ] 389 scrapy.core.scraper - DEBUG - Scraped from <200 https://rentinhalifax.com/properties/5726-inglis-street/>
{'title': '201', 'price': '2199', 'apartment_details': 'One Bed, One Bath', 'address': '5726 Inglis Street - 201 ,Halifax ,NS', 'available_month': 'July 1, 2024', 'extraction_date': '2024-03-16'}
[ 2024-03-16 20:59:42,085 ] 389 scrapy.core.scraper - DEBUG - Scraped from <200 https://rentinhalifax.com/properties/5726-inglis-street/>
{'title': '401', 'price': '2199', 'apartment_details': 'One Bed, One Bath', 'address': '5726 Inglis Street - 401 ,Halifax ,NS', 'available_month': 'May 1, 2024', 'extraction_date': '2024-03-16'}
[ 2024-03-16 20:59:45,639 ] 331 scrapy.core.engine - DEBUG - Crawled (200) <GET https://rentinhalifax.com/properties/1029-south-park-street/> (referer: https://rentinhalifax.com/available-units/)
[ 2024-03-16 20:59:45,747 ] 389 scrapy.core.scraper - DEBUG - Scraped from <200 https://rentinhalifax.com/properties/1029-south-park-street/>
{'title': '2', 'price': '2199', 'apartment_details': 'One Bed, One Bath', 'address': '1029 South Park Street - 2 ,Halifax ,NS', 'available_month': 'May 1, 2024', 'extraction_date': '2024-03-16'}
[ 2024-03-16 20:59:49,295 ] 331 scrapy.core.engine - DEBUG - Crawled (200) <GET https://rentinhalifax.com/properties/1027-south-park-street/> (referer: https://rentinhalifax.com/available-units/)
[ 2024-03-16 20:59:49,399 ] 389 scrapy.core.scraper - DEBUG - Scraped from <200 https://rentinhalifax.com/properties/1027-south-park-street/>
{'title': 'Apartment 16', 'price': '2999', 'apartment_details': 'Two Bed, Two Bathroom', 'address': '1027 South Park St, Halifax, NS B3H 2W2', 'available_month': 'March 1, 2024', 'extraction_date': '2024-03-16'}
[ 2024-03-16 20:59:53,509 ] 331 scrapy.core.engine - DEBUG - Crawled (200) <GET https://rentinhalifax.com/properties/6140-lady-hammond-road/> (referer: https://rentinhalifax.com/available-units/)
[ 2024-03-16 20:59:53,622 ] 389 scrapy.core.scraper - DEBUG - Scraped from <200 https://rentinhalifax.com/properties/6140-lady-hammond-road/>
{'title': '201', 'price': '1829', 'apartment_details': 'One Bed, One Bath', 'address': '6140 Lady Hammond Road, Halifax, NS B3K 2R5', 'available_month': 'April 1, 2024', 'extraction_date': '2024-03-16'}
[ 2024-03-16 20:59:53,624 ] 389 scrapy.core.scraper - DEBUG - Scraped from <200 https://rentinhalifax.com/properties/6140-lady-hammond-road/>
{'title': '202', 'price': '1829', 'apartment_details': 'One Bed, One Bath', 'address': '6140 Lady Hammond Road, Halifax, NS B3K 2R5', 'available_month': 'April 1, 2024', 'extraction_date': '2024-03-16'}
[ 2024-03-16 20:59:53,624 ] 389 scrapy.core.scraper - DEBUG - Scraped from <200 https://rentinhalifax.com/properties/6140-lady-hammond-road/>
{'title': '301', 'price': '1849', 'apartment_details': 'One Bed, One Bath', 'address': '6140 Lady Hammond Road, Halifax, NS B3K 2R5', 'available_month': 'April 1, 2024', 'extraction_date': '2024-03-16'}
[ 2024-03-16 20:59:53,625 ] 389 scrapy.core.scraper - DEBUG - Scraped from <200 https://rentinhalifax.com/properties/6140-lady-hammond-road/>
{'title': '302', 'price': '1849', 'apartment_details': 'One Bed, One Bath', 'address': '6140 Lady Hammond Road, Halifax, NS B3K 2R5', 'available_month': 'April 1, 2024', 'extraction_date': '2024-03-16'}
[ 2024-03-16 20:59:53,626 ] 389 scrapy.core.scraper - DEBUG - Scraped from <200 https://rentinhalifax.com/properties/6140-lady-hammond-road/>
{'title': '304', 'price': '1849', 'apartment_details': 'One Bed, One Bath', 'address': '6140 Lady Hammond Road, Halifax, NS B3K 2R5', 'available_month': 'April 1, 2024', 'extraction_date': '2024-03-16'}
[ 2024-03-16 20:59:53,626 ] 389 scrapy.core.scraper - DEBUG - Scraped from <200 https://rentinhalifax.com/properties/6140-lady-hammond-road/>
{'title': '306', 'price': '1869', 'apartment_details': 'One Bed, One Bath', 'address': '6140 Lady Hammond Road, Halifax, NS B3K 2R5', 'available_month': 'April 1, 2024', 'extraction_date': '2024-03-16'}
[ 2024-03-16 20:59:57,347 ] 331 scrapy.core.engine - DEBUG - Crawled (200) <GET https://rentinhalifax.com/available-units/page/3/> (referer: https://rentinhalifax.com/available-units/page/2/)
[ 2024-03-16 20:59:57,452 ] 28 root - INFO - Current URL : https://rentinhalifax.com/available-units/page/3/
[ 2024-03-16 21:00:01,155 ] 331 scrapy.core.engine - DEBUG - Crawled (200) <GET https://rentinhalifax.com/properties/3536-connaught-avenue/> (referer: https://rentinhalifax.com/available-units/page/2/)
[ 2024-03-16 21:00:01,263 ] 389 scrapy.core.scraper - DEBUG - Scraped from <200 https://rentinhalifax.com/properties/3536-connaught-avenue/>
{'title': '14', 'price': '1499', 'apartment_details': 'Studio , One Bath', 'address': '3536 Connaught Aveunue - 14 ,Halifax ,NS', 'available_month': 'April 1, 2024', 'extraction_date': '2024-03-16'}
[ 2024-03-16 21:00:05,036 ] 331 scrapy.core.engine - DEBUG - Crawled (200) <GET https://rentinhalifax.com/properties/2100-poplar-street/> (referer: https://rentinhalifax.com/available-units/page/2/)
[ 2024-03-16 21:00:05,147 ] 389 scrapy.core.scraper - DEBUG - Scraped from <200 https://rentinhalifax.com/properties/2100-poplar-street/>
{'title': '2100', 'price': '2599', 'apartment_details': 'Two Bed, One Bath', 'address': '2100 Poplar Street ,Halifax ,NS', 'available_month': 'April 1, 2024', 'extraction_date': '2024-03-16'}
[ 2024-03-16 21:00:09,190 ] 331 scrapy.core.engine - DEBUG - Crawled (200) <GET https://rentinhalifax.com/properties/3699-windor-street/> (referer: https://rentinhalifax.com/available-units/page/2/)
[ 2024-03-16 21:00:09,302 ] 389 scrapy.core.scraper - DEBUG - Scraped from <200 https://rentinhalifax.com/properties/3699-windor-street/>
{'title': '6', 'price': '2099', 'apartment_details': 'Two Bed, One Bath', 'address': '3699 Windsor Street - 6 ,Halifax ,NS', 'available_month': 'August 1, 2024', 'extraction_date': '2024-03-16'}
[ 2024-03-16 21:00:12,273 ] 331 scrapy.core.engine - DEBUG - Crawled (200) <GET https://rentinhalifax.com/properties/5375-rector-street/> (referer: https://rentinhalifax.com/available-units/page/2/)
[ 2024-03-16 21:00:12,379 ] 389 scrapy.core.scraper - DEBUG - Scraped from <200 https://rentinhalifax.com/properties/5375-rector-street/>
{'title': '2', 'price': '1529', 'apartment_details': 'Studio , One Bath', 'address': '5375 Rector Street - 2 ,Halifax ,NS', 'available_month': 'August 1, 2024', 'extraction_date': '2024-03-16'}
[ 2024-03-16 21:00:16,638 ] 331 scrapy.core.engine - DEBUG - Crawled (200) <GET https://rentinhalifax.com/properties/3103-connaught-avenue/> (referer: https://rentinhalifax.com/available-units/page/2/)
[ 2024-03-16 21:00:16,756 ] 389 scrapy.core.scraper - DEBUG - Scraped from <200 https://rentinhalifax.com/properties/3103-connaught-avenue/>
{'title': '1', 'price': '1549', 'apartment_details': 'One Bed, One Bath', 'address': '3103 Connaught Avenue - 1 ,Halifax ,NS', 'available_month': 'May 1, 2024', 'extraction_date': '2024-03-16'}
[ 2024-03-16 21:00:19,725 ] 331 scrapy.core.engine - DEBUG - Crawled (200) <GET https://rentinhalifax.com/properties/6060-south-street/> (referer: https://rentinhalifax.com/available-units/page/2/)
[ 2024-03-16 21:00:19,837 ] 389 scrapy.core.scraper - DEBUG - Scraped from <200 https://rentinhalifax.com/properties/6060-south-street/>
{'title': '9', 'price': '2149', 'apartment_details': 'One Bed, One Bath', 'address': '6060 South Street - 9 ,Halifax ,NS', 'available_month': 'August 1, 2024', 'extraction_date': '2024-03-16'}
[ 2024-03-16 21:00:19,838 ] 389 scrapy.core.scraper - DEBUG - Scraped from <200 https://rentinhalifax.com/properties/6060-south-street/>
{'title': '10', 'price': '2099', 'apartment_details': 'One Bed, One Bath', 'address': '6060 South Street - 10 ,Halifax ,NS', 'available_month': 'August 1, 2024', 'extraction_date': '2024-03-16'}
[ 2024-03-16 21:00:19,839 ] 389 scrapy.core.scraper - DEBUG - Scraped from <200 https://rentinhalifax.com/properties/6060-south-street/>
{'title': '12', 'price': '1549', 'apartment_details': 'Studio , One Bath', 'address': '6060 South Street - 12 ,Halifax ,NS', 'available_month': 'August 1, 2024', 'extraction_date': '2024-03-16'}
[ 2024-03-16 21:00:22,072 ] 331 scrapy.core.engine - DEBUG - Crawled (200) <GET https://rentinhalifax.com/properties/5710-south-street/> (referer: https://rentinhalifax.com/available-units/page/3/)
[ 2024-03-16 21:00:22,178 ] 389 scrapy.core.scraper - DEBUG - Scraped from <200 https://rentinhalifax.com/properties/5710-south-street/>
{'title': '4', 'price': '1599', 'apartment_details': 'One Bed, One Bath', 'address': '5710 South Street - 4 ,Halifax ,NS', 'available_month': 'August 1, 2024', 'extraction_date': '2024-03-16'}
[ 2024-03-16 21:00:22,632 ] 54 scrapy.extensions.logstats - INFO - Crawled 17 pages (at 17 pages/min), scraped 28 items (at 28 items/min)
[ 2024-03-16 21:00:25,318 ] 331 scrapy.core.engine - DEBUG - Crawled (200) <GET https://rentinhalifax.com/properties/5670-inglis-street/> (referer: https://rentinhalifax.com/available-units/page/3/)
[ 2024-03-16 21:00:25,425 ] 389 scrapy.core.scraper - DEBUG - Scraped from <200 https://rentinhalifax.com/properties/5670-inglis-street/>
{'title': '2', 'price': '1949', 'apartment_details': 'One Bed, One Bath', 'address': '5670 Inglis Street - 2 ,Halifax ,NS', 'available_month': 'August 1, 2024', 'extraction_date': '2024-03-16'}
[ 2024-03-16 21:00:25,425 ] 389 scrapy.core.scraper - DEBUG - Scraped from <200 https://rentinhalifax.com/properties/5670-inglis-street/>
{'title': '6', 'price': '1949', 'apartment_details': 'One Bed, One Bath', 'address': '5670 Inglis Street - 6 ,Halifax ,NS', 'available_month': 'May 1, 2024', 'extraction_date': '2024-03-16'}
[ 2024-03-16 21:00:25,426 ] 411 scrapy.core.engine - INFO - Closing spider (finished)
[ 2024-03-16 21:00:25,427 ] 532 scrapy.extensions.feedexport - INFO - Stored csv feed (30 items) in: /Users/jerrycalebj/Documents/Coding/WebScraping - Housing/Housing_WebScraping/housing_webscraping/CSV_FILES/northpoint.csv
[ 2024-03-16 21:00:25,428 ] 58 scrapy.statscollectors - INFO - Dumping Scrapy stats:
{'downloader/request_bytes': 6175,
 'downloader/request_count': 18,
 'downloader/request_method_count/GET': 18,
 'downloader/response_bytes': 535672,
 'downloader/response_count': 18,
 'downloader/response_status_count/200': 18,
 'elapsed_time_seconds': 62.796608,
 'feedexport/success_count/FileFeedStorage': 1,
 'finish_reason': 'finished',
 'finish_time': datetime.datetime(2024, 3, 17, 0, 0, 25, 426849, tzinfo=datetime.timezone.utc),
 'httpcompression/response_bytes': 3189973,
 'httpcompression/response_count': 18,
 'item_scraped_count': 30,
 'log_count/DEBUG': 51,
 'log_count/INFO': 15,
 'log_count/WARNING': 1,
 'memusage/max': 70467584,
 'memusage/startup': 66027520,
 'request_depth_max': 3,
 'response_received_count': 18,
 'robotstxt/request_count': 1,
 'robotstxt/response_count': 1,
 'robotstxt/response_status_count/200': 1,
 'scheduler/dequeued': 17,
 'scheduler/dequeued/memory': 17,
 'scheduler/enqueued': 17,
 'scheduler/enqueued/memory': 17,
 'start_time': datetime.datetime(2024, 3, 16, 23, 59, 22, 630241, tzinfo=datetime.timezone.utc)}
[ 2024-03-16 21:00:25,429 ] 452 scrapy.core.engine - INFO - Spider closed (finished)
